[ 2017-11-11T15:40:07+08:00 ] 127.0.0.1 /admin.php
INFO: [ app_init ] --START--
INFO: Run Behavior\BuildLiteBehavior [ RunTime:0.000000s ]
INFO: [ app_init ] --END-- [ RunTime:0.001000s ]
INFO: [ app_begin ] --START--
INFO: Run Behavior\ReadHtmlCacheBehavior [ RunTime:0.001000s ]
INFO: [ app_begin ] --END-- [ RunTime:0.001000s ]

[ 2017-11-11T15:40:07+08:00 ] 127.0.0.1 /admin.php/Login/index.html
INFO: [ app_init ] --START--
INFO: Run Behavior\BuildLiteBehavior [ RunTime:0.000000s ]
INFO: [ app_init ] --END-- [ RunTime:0.001000s ]
INFO: [ app_begin ] --START--
INFO: Run Behavior\ReadHtmlCacheBehavior [ RunTime:0.001000s ]
INFO: [ app_begin ] --END-- [ RunTime:0.001000s ]
INFO: [ view_parse ] --START--
INFO: [ template_filter ] --START--
INFO: Run Behavior\ContentReplaceBehavior [ RunTime:0.000000s ]
INFO: [ template_filter ] --END-- [ RunTime:0.000000s ]
INFO: Run Behavior\ParseTemplateBehavior [ RunTime:0.010001s ]
INFO: [ view_parse ] --END-- [ RunTime:0.010001s ]
INFO: [ view_filter ] --START--
INFO: Run Behavior\WriteHtmlCacheBehavior [ RunTime:0.001000s ]
INFO: [ view_filter ] --END-- [ RunTime:0.001000s ]
INFO: [ app_end ] --START--
INFO: Run Behavior\ShowPageTraceBehavior [ RunTime:0.001000s ]
INFO: [ app_end ] --END-- [ RunTime:0.001000s ]

[ 2017-11-11T15:40:07+08:00 ] 127.0.0.1 /admin.php/Login/verify.html
INFO: [ app_init ] --START--
INFO: Run Behavior\BuildLiteBehavior [ RunTime:0.000000s ]
INFO: [ app_init ] --END-- [ RunTime:0.001000s ]
INFO: [ app_begin ] --START--
INFO: Run Behavior\ReadHtmlCacheBehavior [ RunTime:0.001000s ]
INFO: [ app_begin ] --END-- [ RunTime:0.001000s ]
INFO: [ app_end ] --START--
INFO: Run Behavior\ShowPageTraceBehavior [ RunTime:0.001001s ]
INFO: [ app_end ] --END-- [ RunTime:0.001001s ]

[ 2017-11-11T15:40:18+08:00 ] 127.0.0.1 /admin.php/Login/doLogin.html
INFO: [ app_init ] --START--
INFO: Run Behavior\BuildLiteBehavior [ RunTime:0.000000s ]
INFO: [ app_init ] --END-- [ RunTime:0.001000s ]
INFO: [ app_begin ] --START--
INFO: Run Behavior\ReadHtmlCacheBehavior [ RunTime:0.001000s ]
INFO: [ app_begin ] --END-- [ RunTime:0.001000s ]
ERR: SQLSTATE[HY000] [1045] Access denied for user 'root'@'localhost' (using password: NO)

[ 2017-11-11T15:40:58+08:00 ] 127.0.0.1 /admin.php/Login/doLogin.html
INFO: [ app_init ] --START--
INFO: Run Behavior\BuildLiteBehavior [ RunTime:0.000000s ]
INFO: [ app_init ] --END-- [ RunTime:0.001000s ]
INFO: [ app_begin ] --START--
INFO: Run Behavior\ReadHtmlCacheBehavior [ RunTime:0.011000s ]
INFO: [ app_begin ] --END-- [ RunTime:0.011000s ]
INFO: [ view_parse ] --START--
INFO: [ template_filter ] --START--
INFO: Run Behavior\ContentReplaceBehavior [ RunTime:0.000000s ]
INFO: [ template_filter ] --END-- [ RunTime:0.000000s ]
INFO: Run Behavior\ParseTemplateBehavior [ RunTime:0.015000s ]
INFO: [ view_parse ] --END-- [ RunTime:0.015000s ]
INFO: [ view_filter ] --START--
INFO: Run Behavior\WriteHtmlCacheBehavior [ RunTime:0.001000s ]
INFO: [ view_filter ] --END-- [ RunTime:0.001000s ]

[ 2017-11-11T15:40:59+08:00 ] 127.0.0.1 /admin.php/Login/verify.html
INFO: [ app_init ] --START--
INFO: Run Behavior\BuildLiteBehavior [ RunTime:0.000000s ]
INFO: [ app_init ] --END-- [ RunTime:0.001000s ]
INFO: [ app_begin ] --START--
INFO: Run Behavior\ReadHtmlCacheBehavior [ RunTime:0.001000s ]
INFO: [ app_begin ] --END-- [ RunTime:0.001000s ]
INFO: [ app_end ] --START--
INFO: Run Behavior\ShowPageTraceBehavior [ RunTime:0.002000s ]
INFO: [ app_end ] --END-- [ RunTime:0.002000s ]

[ 2017-11-11T15:41:09+08:00 ] 127.0.0.1 /admin.php/Login/doLogin.html
INFO: [ app_init ] --START--
INFO: Run Behavior\BuildLiteBehavior [ RunTime:0.000000s ]
INFO: [ app_init ] --END-- [ RunTime:0.001000s ]
INFO: [ app_begin ] --START--
INFO: Run Behavior\ReadHtmlCacheBehavior [ RunTime:0.001000s ]
INFO: [ app_begin ] --END-- [ RunTime:0.001000s ]
SQL: SHOW COLUMNS FROM `xg_admin` [ RunTime:0.0040s ]
SQL: SELECT * FROM `xg_admin` WHERE `username` = 'admin' AND `status` = 1 LIMIT 1   [ RunTime:0.0010s ]
INFO: [ view_parse ] --START--
INFO: [ template_filter ] --START--
INFO: Run Behavior\ContentReplaceBehavior [ RunTime:0.000000s ]
INFO: [ template_filter ] --END-- [ RunTime:0.000000s ]
INFO: Run Behavior\ParseTemplateBehavior [ RunTime:0.011000s ]
INFO: [ view_parse ] --END-- [ RunTime:0.011000s ]
INFO: [ view_filter ] --START--
INFO: Run Behavior\WriteHtmlCacheBehavior [ RunTime:0.001000s ]
INFO: [ view_filter ] --END-- [ RunTime:0.001000s ]

[ 2017-11-11T15:41:11+08:00 ] 127.0.0.1 /admin.php/Login/verify.html
INFO: [ app_init ] --START--
INFO: Run Behavior\BuildLiteBehavior [ RunTime:0.000000s ]
INFO: [ app_init ] --END-- [ RunTime:0.001000s ]
INFO: [ app_begin ] --START--
INFO: Run Behavior\ReadHtmlCacheBehavior [ RunTime:0.002000s ]
INFO: [ app_begin ] --END-- [ RunTime:0.002000s ]
INFO: [ app_end ] --START--
INFO: Run Behavior\ShowPageTraceBehavior [ RunTime:0.001000s ]
INFO: [ app_end ] --END-- [ RunTime:0.001000s ]

[ 2017-11-11T15:41:55+08:00 ] 127.0.0.1 /admin.php/Login/doLogin.html
INFO: [ app_init ] --START--
INFO: Run Behavior\BuildLiteBehavior [ RunTime:0.000000s ]
INFO: [ app_init ] --END-- [ RunTime:0.001001s ]
INFO: [ app_begin ] --START--
INFO: Run Behavior\ReadHtmlCacheBehavior [ RunTime:0.002000s ]
INFO: [ app_begin ] --END-- [ RunTime:0.002000s ]
SQL: SHOW COLUMNS FROM `xg_admin` [ RunTime:0.0050s ]
SQL: SELECT * FROM `xg_admin` WHERE `username` = 'admin' AND `status` = 1 LIMIT 1   [ RunTime:0.0010s ]
SQL: UPDATE `xg_admin` SET `lasttime`='1510386114',`lastip`='2130706433' WHERE `username` = 'admin' [ RunTime:0.0020s ]
SQL: SHOW COLUMNS FROM `xg_action` [ RunTime:0.0040s ]
SQL: SELECT * FROM `xg_action` WHERE `name` = 'user_login' LIMIT 1   [ RunTime:0.0000s ]
SQL: SHOW COLUMNS FROM `xg_admin` [ RunTime:0.0100s ]
SQL: SELECT `username` FROM `xg_admin` WHERE `adminid` = 1 LIMIT 1   [ RunTime:0.0000s ]
SQL: SHOW COLUMNS FROM `xg_action_log` [ RunTime:0.0040s ]
SQL: INSERT INTO `xg_action_log` (`user_id`,`action_ip`,`model`,`create_time`,`remark`) VALUES ('1','2130706433','Admin','1510386114','admin在2017-11-11 15:41登录了后台') [ RunTime:0.0020s ]
INFO: [ view_parse ] --START--
INFO: [ template_filter ] --START--
INFO: Run Behavior\ContentReplaceBehavior [ RunTime:0.001000s ]
INFO: [ template_filter ] --END-- [ RunTime:0.001000s ]
INFO: Run Behavior\ParseTemplateBehavior [ RunTime:0.010001s ]
INFO: [ view_parse ] --END-- [ RunTime:0.010001s ]
INFO: [ view_filter ] --START--
INFO: Run Behavior\WriteHtmlCacheBehavior [ RunTime:0.001000s ]
INFO: [ view_filter ] --END-- [ RunTime:0.001000s ]
INFO: [ app_end ] --START--
INFO: Run Behavior\ShowPageTraceBehavior [ RunTime:0.000000s ]
INFO: [ app_end ] --END-- [ RunTime:0.001000s ]

[ 2017-11-11T15:41:58+08:00 ] 127.0.0.1 /admin.php/Index/index.html
INFO: [ app_init ] --START--
INFO: Run Behavior\BuildLiteBehavior [ RunTime:0.000000s ]
INFO: [ app_init ] --END-- [ RunTime:0.000000s ]
INFO: [ app_begin ] --START--
INFO: Run Behavior\ReadHtmlCacheBehavior [ RunTime:0.001001s ]
INFO: [ app_begin ] --END-- [ RunTime:0.001001s ]
SQL: SHOW COLUMNS FROM `xg_site` [ RunTime:0.0040s ]
SQL: SELECT * FROM `xg_site` WHERE `siteid` = 1 LIMIT 1   [ RunTime:0.0000s ]
SQL: SHOW COLUMNS FROM `xg_auth` [ RunTime:0.0050s ]
SQL: SELECT * FROM `xg_auth` WHERE `id` = 1 LIMIT 1   [ RunTime:0.0000s ]
INFO: [ view_parse ] --START--
INFO: [ template_filter ] --START--
INFO: Run Behavior\ContentReplaceBehavior [ RunTime:0.000000s ]
INFO: [ template_filter ] --END-- [ RunTime:0.000000s ]
INFO: Run Behavior\ParseTemplateBehavior [ RunTime:0.028001s ]
INFO: [ view_parse ] --END-- [ RunTime:0.028001s ]
INFO: [ view_filter ] --START--
INFO: Run Behavior\WriteHtmlCacheBehavior [ RunTime:0.000000s ]
INFO: [ view_filter ] --END-- [ RunTime:0.001000s ]
INFO: [ app_end ] --START--
INFO: Run Behavior\ShowPageTraceBehavior [ RunTime:0.001000s ]
INFO: [ app_end ] --END-- [ RunTime:0.001000s ]

[ 2017-11-11T15:41:59+08:00 ] 127.0.0.1 /admin.php/Index/index.html
INFO: [ app_init ] --START--
INFO: Run Behavior\BuildLiteBehavior [ RunTime:0.000000s ]
INFO: [ app_init ] --END-- [ RunTime:0.001000s ]
INFO: [ app_begin ] --START--
INFO: Run Behavior\ReadHtmlCacheBehavior [ RunTime:0.001000s ]
INFO: [ app_begin ] --END-- [ RunTime:0.001000s ]
SQL: SHOW COLUMNS FROM `xg_site` [ RunTime:0.0060s ]
SQL: SELECT * FROM `xg_site` WHERE `siteid` = 1 LIMIT 1   [ RunTime:0.0000s ]
SQL: SHOW COLUMNS FROM `xg_auth` [ RunTime:0.0060s ]
SQL: SELECT * FROM `xg_auth` WHERE `id` = 1 LIMIT 1   [ RunTime:0.0010s ]
INFO: [ view_parse ] --START--
INFO: [ template_filter ] --START--
INFO: Run Behavior\ContentReplaceBehavior [ RunTime:0.000000s ]
INFO: [ template_filter ] --END-- [ RunTime:0.000000s ]
INFO: Run Behavior\ParseTemplateBehavior [ RunTime:0.030002s ]
INFO: [ view_parse ] --END-- [ RunTime:0.030002s ]
INFO: [ view_filter ] --START--
INFO: Run Behavior\WriteHtmlCacheBehavior [ RunTime:0.001000s ]
INFO: [ view_filter ] --END-- [ RunTime:0.001000s ]
INFO: [ app_end ] --START--
INFO: Run Behavior\ShowPageTraceBehavior [ RunTime:0.016001s ]
INFO: [ app_end ] --END-- [ RunTime:0.016001s ]

[ 2017-11-11T15:42:00+08:00 ] 127.0.0.1 /admin.php/index/summarize.html
INFO: [ app_init ] --START--
INFO: Run Behavior\BuildLiteBehavior [ RunTime:0.000000s ]
INFO: [ app_init ] --END-- [ RunTime:0.000000s ]
INFO: [ app_begin ] --START--
INFO: Run Behavior\ReadHtmlCacheBehavior [ RunTime:0.001000s ]
INFO: [ app_begin ] --END-- [ RunTime:0.001000s ]
SQL: SHOW COLUMNS FROM `xg_site` [ RunTime:0.0050s ]
SQL: SELECT * FROM `xg_site` WHERE `siteid` = 1 LIMIT 1   [ RunTime:0.0010s ]
SQL: SHOW COLUMNS FROM `xg_auth` [ RunTime:0.0050s ]
SQL: SELECT * FROM `xg_auth` WHERE `id` = 1 LIMIT 1   [ RunTime:0.0010s ]
SQL: select version() as ver [ RunTime:0.0000s ]
INFO: [ view_parse ] --START--
INFO: [ template_filter ] --START--
INFO: Run Behavior\ContentReplaceBehavior [ RunTime:0.000000s ]
INFO: [ template_filter ] --END-- [ RunTime:0.000000s ]
NOTIC: [8] Undefined variable: sel D:\WWW\demo1\Application\Runtime\Cache\Admin\a91718f612b01347f17fdaf34b340690.php 第 16 行.
NOTIC: [8] Undefined variable: sel D:\WWW\demo1\Application\Runtime\Cache\Admin\a91718f612b01347f17fdaf34b340690.php 第 16 行.
NOTIC: [8] Undefined variable: sel D:\WWW\demo1\Application\Runtime\Cache\Admin\a91718f612b01347f17fdaf34b340690.php 第 16 行.
NOTIC: [8] Undefined variable: sel D:\WWW\demo1\Application\Runtime\Cache\Admin\a91718f612b01347f17fdaf34b340690.php 第 21 行.
NOTIC: [8] Undefined variable: sel D:\WWW\demo1\Application\Runtime\Cache\Admin\a91718f612b01347f17fdaf34b340690.php 第 21 行.
NOTIC: [8] Undefined variable: sel D:\WWW\demo1\Application\Runtime\Cache\Admin\a91718f612b01347f17fdaf34b340690.php 第 21 行.
NOTIC: [8] Undefined variable: sel D:\WWW\demo1\Application\Runtime\Cache\Admin\a91718f612b01347f17fdaf34b340690.php 第 24 行.
INFO: Run Behavior\ParseTemplateBehavior [ RunTime:0.016000s ]
INFO: [ view_parse ] --END-- [ RunTime:0.016000s ]
INFO: [ view_filter ] --START--
INFO: Run Behavior\WriteHtmlCacheBehavior [ RunTime:0.001001s ]
INFO: [ view_filter ] --END-- [ RunTime:0.001001s ]
INFO: [ app_end ] --START--
INFO: Run Behavior\ShowPageTraceBehavior [ RunTime:0.004000s ]
INFO: [ app_end ] --END-- [ RunTime:0.004000s ]

[ 2017-11-11T15:42:01+08:00 ] 127.0.0.1 /admin.php/Index/skin-config.html
INFO: [ app_init ] --START--
INFO: Run Behavior\BuildLiteBehavior [ RunTime:0.000000s ]
INFO: [ app_init ] --END-- [ RunTime:0.001000s ]
INFO: [ app_begin ] --START--
INFO: Run Behavior\ReadHtmlCacheBehavior [ RunTime:0.001000s ]
INFO: [ app_begin ] --END-- [ RunTime:0.001000s ]
SQL: SHOW COLUMNS FROM `xg_site` [ RunTime:0.0050s ]
SQL: SELECT * FROM `xg_site` WHERE `siteid` = 1 LIMIT 1   [ RunTime:0.0010s ]
SQL: SHOW COLUMNS FROM `xg_auth` [ RunTime:0.0040s ]
SQL: SELECT * FROM `xg_auth` WHERE `id` = 1 LIMIT 1   [ RunTime:0.0000s ]
ERR: 非法操作:skin-config

[ 2017-11-11T15:42:03+08:00 ] 127.0.0.1 /admin.php/Article/index.html
INFO: [ app_init ] --START--
INFO: Run Behavior\BuildLiteBehavior [ RunTime:0.000000s ]
INFO: [ app_init ] --END-- [ RunTime:0.000000s ]
INFO: [ app_begin ] --START--
INFO: Run Behavior\ReadHtmlCacheBehavior [ RunTime:0.001000s ]
INFO: [ app_begin ] --END-- [ RunTime:0.001000s ]
SQL: SHOW COLUMNS FROM `xg_site` [ RunTime:0.0050s ]
SQL: SELECT * FROM `xg_site` WHERE `siteid` = 1 LIMIT 1   [ RunTime:0.0000s ]
SQL: SHOW COLUMNS FROM `xg_auth` [ RunTime:0.0070s ]
SQL: SELECT * FROM `xg_auth` WHERE `id` = 1 LIMIT 1   [ RunTime:0.0000s ]
SQL: SHOW COLUMNS FROM `xg_article` [ RunTime:0.0050s ]
SQL: SELECT COUNT(*) AS tp_count FROM `xg_article` WHERE `status` = 1 LIMIT 1   [ RunTime:0.0000s ]
SQL: SELECT * FROM `xg_article` WHERE `status` = 1 ORDER BY sort desc,id desc LIMIT 0,10   [ RunTime:0.0000s ]
NOTIC: [8] Undefined index: field D:\WWW\demo1\Application\Admin\Controller\ArticleController.class.php 第 26 行.
SQL: SHOW COLUMNS FROM `xg_category` [ RunTime:0.0050s ]
SQL: SELECT * FROM `xg_category` ORDER BY sort desc  [ RunTime:0.0010s ]
INFO: [ view_parse ] --START--
INFO: [ template_filter ] --START--
INFO: Run Behavior\ContentReplaceBehavior [ RunTime:0.000000s ]
INFO: [ template_filter ] --END-- [ RunTime:0.000000s ]
NOTIC: [8] Undefined variable: sel D:\WWW\demo1\Application\Runtime\Cache\Admin\7a4184ffe8f804b12b2e7f8851dd8f7d.php 第 16 行.
NOTIC: [8] Undefined variable: sel D:\WWW\demo1\Application\Runtime\Cache\Admin\7a4184ffe8f804b12b2e7f8851dd8f7d.php 第 16 行.
NOTIC: [8] Undefined variable: sel D:\WWW\demo1\Application\Runtime\Cache\Admin\7a4184ffe8f804b12b2e7f8851dd8f7d.php 第 16 行.
NOTIC: [8] Undefined variable: sel D:\WWW\demo1\Application\Runtime\Cache\Admin\7a4184ffe8f804b12b2e7f8851dd8f7d.php 第 21 行.
NOTIC: [8] Undefined variable: sel D:\WWW\demo1\Application\Runtime\Cache\Admin\7a4184ffe8f804b12b2e7f8851dd8f7d.php 第 21 行.
NOTIC: [8] Undefined variable: sel D:\WWW\demo1\Application\Runtime\Cache\Admin\7a4184ffe8f804b12b2e7f8851dd8f7d.php 第 21 行.
NOTIC: [8] Undefined variable: sel D:\WWW\demo1\Application\Runtime\Cache\Admin\7a4184ffe8f804b12b2e7f8851dd8f7d.php 第 24 行.
NOTIC: [8] Use of undefined constant status - assumed 'status' D:\WWW\demo1\Application\Runtime\Cache\Admin\7a4184ffe8f804b12b2e7f8851dd8f7d.php 第 78 行.
INFO: Run Behavior\ParseTemplateBehavior [ RunTime:0.014001s ]
INFO: [ view_parse ] --END-- [ RunTime:0.014001s ]
INFO: [ view_filter ] --START--
INFO: Run Behavior\WriteHtmlCacheBehavior [ RunTime:0.001000s ]
INFO: [ view_filter ] --END-- [ RunTime:0.001000s ]
INFO: [ app_end ] --START--
INFO: Run Behavior\ShowPageTraceBehavior [ RunTime:0.001000s ]
INFO: [ app_end ] --END-- [ RunTime:0.001000s ]

[ 2017-11-11T15:42:05+08:00 ] 127.0.0.1 /admin.php/Download/index.html
INFO: [ app_init ] --START--
INFO: Run Behavior\BuildLiteBehavior [ RunTime:0.000000s ]
INFO: [ app_init ] --END-- [ RunTime:0.000000s ]
INFO: [ app_begin ] --START--
INFO: Run Behavior\ReadHtmlCacheBehavior [ RunTime:0.001000s ]
INFO: [ app_begin ] --END-- [ RunTime:0.001000s ]
SQL: SHOW COLUMNS FROM `xg_site` [ RunTime:0.0080s ]
SQL: SELECT * FROM `xg_site` WHERE `siteid` = 1 LIMIT 1   [ RunTime:0.0010s ]
SQL: SHOW COLUMNS FROM `xg_auth` [ RunTime:0.0050s ]
SQL: SELECT * FROM `xg_auth` WHERE `id` = 1 LIMIT 1   [ RunTime:0.0000s ]
SQL: SHOW COLUMNS FROM `xg_download` [ RunTime:0.0050s ]
NOTIC: [8] Undefined variable: map D:\WWW\demo1\Application\Admin\Controller\DownloadController.class.php 第 24 行.
SQL: SELECT COUNT(*) AS tp_count FROM `xg_download` LIMIT 1   [ RunTime:0.0010s ]
NOTIC: [8] Undefined variable: map D:\WWW\demo1\Application\Admin\Controller\DownloadController.class.php 第 26 行.
SQL: SELECT * FROM `xg_download` ORDER BY sort desc,id desc LIMIT 0,10   [ RunTime:0.0000s ]
SQL: SHOW COLUMNS FROM `xg_category` [ RunTime:0.0050s ]
SQL: SELECT * FROM `xg_category` ORDER BY sort desc  [ RunTime:0.0000s ]
INFO: [ view_parse ] --START--
INFO: [ template_filter ] --START--
INFO: Run Behavior\ContentReplaceBehavior [ RunTime:0.000000s ]
INFO: [ template_filter ] --END-- [ RunTime:0.000000s ]
NOTIC: [8] Undefined variable: sel D:\WWW\demo1\Application\Runtime\Cache\Admin\cf163a8acf234feaff550cec8cc8877a.php 第 16 行.
NOTIC: [8] Undefined variable: sel D:\WWW\demo1\Application\Runtime\Cache\Admin\cf163a8acf234feaff550cec8cc8877a.php 第 16 行.
NOTIC: [8] Undefined variable: sel D:\WWW\demo1\Application\Runtime\Cache\Admin\cf163a8acf234feaff550cec8cc8877a.php 第 16 行.
NOTIC: [8] Undefined variable: sel D:\WWW\demo1\Application\Runtime\Cache\Admin\cf163a8acf234feaff550cec8cc8877a.php 第 21 行.
NOTIC: [8] Undefined variable: sel D:\WWW\demo1\Application\Runtime\Cache\Admin\cf163a8acf234feaff550cec8cc8877a.php 第 21 行.
NOTIC: [8] Undefined variable: sel D:\WWW\demo1\Application\Runtime\Cache\Admin\cf163a8acf234feaff550cec8cc8877a.php 第 21 行.
NOTIC: [8] Undefined variable: sel D:\WWW\demo1\Application\Runtime\Cache\Admin\cf163a8acf234feaff550cec8cc8877a.php 第 24 行.
INFO: Run Behavior\ParseTemplateBehavior [ RunTime:0.013001s ]
INFO: [ view_parse ] --END-- [ RunTime:0.013001s ]
INFO: [ view_filter ] --START--
INFO: Run Behavior\WriteHtmlCacheBehavior [ RunTime:0.001000s ]
INFO: [ view_filter ] --END-- [ RunTime:0.001000s ]
INFO: [ app_end ] --START--
INFO: Run Behavior\ShowPageTraceBehavior [ RunTime:0.001000s ]
INFO: [ app_end ] --END-- [ RunTime:0.001000s ]

[ 2017-11-11T15:42:58+08:00 ] 127.0.0.1 /admin.php/Category/index.html
INFO: [ app_init ] --START--
INFO: Run Behavior\BuildLiteBehavior [ RunTime:0.000000s ]
INFO: [ app_init ] --END-- [ RunTime:0.001000s ]
INFO: [ app_begin ] --START--
INFO: Run Behavior\ReadHtmlCacheBehavior [ RunTime:0.001000s ]
INFO: [ app_begin ] --END-- [ RunTime:0.001000s ]
SQL: SHOW COLUMNS FROM `xg_site` [ RunTime:0.0060s ]
SQL: SELECT * FROM `xg_site` WHERE `siteid` = 1 LIMIT 1   [ RunTime:0.0000s ]
SQL: SHOW COLUMNS FROM `xg_auth` [ RunTime:0.0040s ]
SQL: SELECT * FROM `xg_auth` WHERE `id` = 1 LIMIT 1   [ RunTime:0.0000s ]
SQL: SHOW COLUMNS FROM `xg_category` [ RunTime:0.0100s ]
SQL: SELECT * FROM `xg_category` ORDER BY sort desc  [ RunTime:0.0010s ]
INFO: [ view_parse ] --START--
INFO: [ template_filter ] --START--
INFO: Run Behavior\ContentReplaceBehavior [ RunTime:0.000000s ]
INFO: [ template_filter ] --END-- [ RunTime:0.000000s ]
NOTIC: [8] Undefined variable: sel D:\WWW\demo1\Application\Runtime\Cache\Admin\9bfef0f9f473c596f668b6c9a32bfd5c.php 第 16 行.
NOTIC: [8] Undefined variable: sel D:\WWW\demo1\Application\Runtime\Cache\Admin\9bfef0f9f473c596f668b6c9a32bfd5c.php 第 16 行.
NOTIC: [8] Undefined variable: sel D:\WWW\demo1\Application\Runtime\Cache\Admin\9bfef0f9f473c596f668b6c9a32bfd5c.php 第 16 行.
NOTIC: [8] Undefined variable: sel D:\WWW\demo1\Application\Runtime\Cache\Admin\9bfef0f9f473c596f668b6c9a32bfd5c.php 第 21 行.
NOTIC: [8] Undefined variable: sel D:\WWW\demo1\Application\Runtime\Cache\Admin\9bfef0f9f473c596f668b6c9a32bfd5c.php 第 21 行.
NOTIC: [8] Undefined variable: sel D:\WWW\demo1\Application\Runtime\Cache\Admin\9bfef0f9f473c596f668b6c9a32bfd5c.php 第 21 行.
NOTIC: [8] Undefined variable: sel D:\WWW\demo1\Application\Runtime\Cache\Admin\9bfef0f9f473c596f668b6c9a32bfd5c.php 第 24 行.
INFO: Run Behavior\ParseTemplateBehavior [ RunTime:0.012001s ]
INFO: [ view_parse ] --END-- [ RunTime:0.012001s ]
INFO: [ view_filter ] --START--
INFO: Run Behavior\WriteHtmlCacheBehavior [ RunTime:0.001000s ]
INFO: [ view_filter ] --END-- [ RunTime:0.001000s ]
INFO: [ app_end ] --START--
INFO: Run Behavior\ShowPageTraceBehavior [ RunTime:0.001000s ]
INFO: [ app_end ] --END-- [ RunTime:0.001000s ]

[ 2017-11-11T15:43:00+08:00 ] 127.0.0.1 /admin.php/Download/index.html
INFO: [ app_init ] --START--
INFO: Run Behavior\BuildLiteBehavior [ RunTime:0.000000s ]
INFO: [ app_init ] --END-- [ RunTime:0.000000s ]
INFO: [ app_begin ] --START--
INFO: Run Behavior\ReadHtmlCacheBehavior [ RunTime:0.000000s ]
INFO: [ app_begin ] --END-- [ RunTime:0.000000s ]
SQL: SHOW COLUMNS FROM `xg_site` [ RunTime:0.0050s ]
SQL: SELECT * FROM `xg_site` WHERE `siteid` = 1 LIMIT 1   [ RunTime:0.0000s ]
SQL: SHOW COLUMNS FROM `xg_auth` [ RunTime:0.0060s ]
SQL: SELECT * FROM `xg_auth` WHERE `id` = 1 LIMIT 1   [ RunTime:0.0000s ]
SQL: SHOW COLUMNS FROM `xg_download` [ RunTime:0.0050s ]
NOTIC: [8] Undefined variable: map D:\WWW\demo1\Application\Admin\Controller\DownloadController.class.php 第 24 行.
SQL: SELECT COUNT(*) AS tp_count FROM `xg_download` LIMIT 1   [ RunTime:0.0000s ]
NOTIC: [8] Undefined variable: map D:\WWW\demo1\Application\Admin\Controller\DownloadController.class.php 第 26 行.
SQL: SELECT * FROM `xg_download` ORDER BY sort desc,id desc LIMIT 0,10   [ RunTime:0.0010s ]
SQL: SHOW COLUMNS FROM `xg_category` [ RunTime:0.0070s ]
SQL: SELECT * FROM `xg_category` ORDER BY sort desc  [ RunTime:0.0010s ]
INFO: [ view_parse ] --START--
INFO: [ template_filter ] --START--
INFO: Run Behavior\ContentReplaceBehavior [ RunTime:0.000000s ]
INFO: [ template_filter ] --END-- [ RunTime:0.001000s ]
NOTIC: [8] Undefined variable: sel D:\WWW\demo1\Application\Runtime\Cache\Admin\cf163a8acf234feaff550cec8cc8877a.php 第 16 行.
NOTIC: [8] Undefined variable: sel D:\WWW\demo1\Application\Runtime\Cache\Admin\cf163a8acf234feaff550cec8cc8877a.php 第 16 行.
NOTIC: [8] Undefined variable: sel D:\WWW\demo1\Application\Runtime\Cache\Admin\cf163a8acf234feaff550cec8cc8877a.php 第 16 行.
NOTIC: [8] Undefined variable: sel D:\WWW\demo1\Application\Runtime\Cache\Admin\cf163a8acf234feaff550cec8cc8877a.php 第 21 行.
NOTIC: [8] Undefined variable: sel D:\WWW\demo1\Application\Runtime\Cache\Admin\cf163a8acf234feaff550cec8cc8877a.php 第 21 行.
NOTIC: [8] Undefined variable: sel D:\WWW\demo1\Application\Runtime\Cache\Admin\cf163a8acf234feaff550cec8cc8877a.php 第 21 行.
NOTIC: [8] Undefined variable: sel D:\WWW\demo1\Application\Runtime\Cache\Admin\cf163a8acf234feaff550cec8cc8877a.php 第 24 行.
INFO: Run Behavior\ParseTemplateBehavior [ RunTime:0.014001s ]
INFO: [ view_parse ] --END-- [ RunTime:0.014001s ]
INFO: [ view_filter ] --START--
INFO: Run Behavior\WriteHtmlCacheBehavior [ RunTime:0.001000s ]
INFO: [ view_filter ] --END-- [ RunTime:0.001000s ]
INFO: [ app_end ] --START--
INFO: Run Behavior\ShowPageTraceBehavior [ RunTime:0.002000s ]
INFO: [ app_end ] --END-- [ RunTime:0.002000s ]

[ 2017-11-11T15:43:08+08:00 ] 127.0.0.1 /admin.php/Guestbook/index/status/1.html
INFO: [ app_init ] --START--
INFO: Run Behavior\BuildLiteBehavior [ RunTime:0.000000s ]
INFO: [ app_init ] --END-- [ RunTime:0.001000s ]
INFO: [ app_begin ] --START--
INFO: Run Behavior\ReadHtmlCacheBehavior [ RunTime:0.001000s ]
INFO: [ app_begin ] --END-- [ RunTime:0.001000s ]
SQL: SHOW COLUMNS FROM `xg_site` [ RunTime:0.0050s ]
SQL: SELECT * FROM `xg_site` WHERE `siteid` = 1 LIMIT 1   [ RunTime:0.0010s ]
SQL: SHOW COLUMNS FROM `xg_auth` [ RunTime:0.0040s ]
SQL: SELECT * FROM `xg_auth` WHERE `id` = 1 LIMIT 1   [ RunTime:0.0000s ]
SQL: SHOW COLUMNS FROM `xg_guestbook` [ RunTime:0.0050s ]
SQL: SELECT COUNT(*) AS tp_count FROM `xg_guestbook` WHERE `status` = '1' LIMIT 1   [ RunTime:0.0010s ]
SQL: SELECT * FROM `xg_guestbook` WHERE `status` = '1' ORDER BY id desc LIMIT 0,12   [ RunTime:0.0010s ]
INFO: [ view_parse ] --START--
INFO: [ template_filter ] --START--
INFO: Run Behavior\ContentReplaceBehavior [ RunTime:0.000000s ]
INFO: [ template_filter ] --END-- [ RunTime:0.000000s ]
NOTIC: [8] Undefined variable: sel D:\WWW\demo1\Application\Runtime\Cache\Admin\0cac801b94abd71b7155ec44e8a467e8.php 第 16 行.
NOTIC: [8] Undefined variable: sel D:\WWW\demo1\Application\Runtime\Cache\Admin\0cac801b94abd71b7155ec44e8a467e8.php 第 16 行.
NOTIC: [8] Undefined variable: sel D:\WWW\demo1\Application\Runtime\Cache\Admin\0cac801b94abd71b7155ec44e8a467e8.php 第 16 行.
NOTIC: [8] Undefined variable: sel D:\WWW\demo1\Application\Runtime\Cache\Admin\0cac801b94abd71b7155ec44e8a467e8.php 第 21 行.
NOTIC: [8] Undefined variable: sel D:\WWW\demo1\Application\Runtime\Cache\Admin\0cac801b94abd71b7155ec44e8a467e8.php 第 21 行.
NOTIC: [8] Undefined variable: sel D:\WWW\demo1\Application\Runtime\Cache\Admin\0cac801b94abd71b7155ec44e8a467e8.php 第 21 行.
NOTIC: [8] Undefined variable: sel D:\WWW\demo1\Application\Runtime\Cache\Admin\0cac801b94abd71b7155ec44e8a467e8.php 第 24 行.
INFO: Run Behavior\ParseTemplateBehavior [ RunTime:0.012000s ]
INFO: [ view_parse ] --END-- [ RunTime:0.012000s ]
INFO: [ view_filter ] --START--
INFO: Run Behavior\WriteHtmlCacheBehavior [ RunTime:0.001000s ]
INFO: [ view_filter ] --END-- [ RunTime:0.001000s ]
INFO: [ app_end ] --START--
INFO: Run Behavior\ShowPageTraceBehavior [ RunTime:0.001000s ]
INFO: [ app_end ] --END-- [ RunTime:0.001000s ]

[ 2017-11-11T15:43:10+08:00 ] 127.0.0.1 /admin.php/Guestbook/index/status/0.html
INFO: [ app_init ] --START--
INFO: Run Behavior\BuildLiteBehavior [ RunTime:0.000000s ]
INFO: [ app_init ] --END-- [ RunTime:0.000000s ]
INFO: [ app_begin ] --START--
INFO: Run Behavior\ReadHtmlCacheBehavior [ RunTime:0.000000s ]
INFO: [ app_begin ] --END-- [ RunTime:0.000000s ]
SQL: SHOW COLUMNS FROM `xg_site` [ RunTime:0.0060s ]
SQL: SELECT * FROM `xg_site` WHERE `siteid` = 1 LIMIT 1   [ RunTime:0.0010s ]
SQL: SHOW COLUMNS FROM `xg_auth` [ RunTime:0.0060s ]
SQL: SELECT * FROM `xg_auth` WHERE `id` = 1 LIMIT 1   [ RunTime:0.0010s ]
SQL: SHOW COLUMNS FROM `xg_guestbook` [ RunTime:0.0060s ]
SQL: SELECT COUNT(*) AS tp_count FROM `xg_guestbook` WHERE `status` = '0' LIMIT 1   [ RunTime:0.0000s ]
SQL: SELECT * FROM `xg_guestbook` WHERE `status` = '0' ORDER BY id desc LIMIT 0,12   [ RunTime:0.0010s ]
INFO: [ view_parse ] --START--
INFO: [ template_filter ] --START--
INFO: Run Behavior\ContentReplaceBehavior [ RunTime:0.000000s ]
INFO: [ template_filter ] --END-- [ RunTime:0.000000s ]
NOTIC: [8] Undefined variable: sel D:\WWW\demo1\Application\Runtime\Cache\Admin\0cac801b94abd71b7155ec44e8a467e8.php 第 16 行.
NOTIC: [8] Undefined variable: sel D:\WWW\demo1\Application\Runtime\Cache\Admin\0cac801b94abd71b7155ec44e8a467e8.php 第 16 行.
NOTIC: [8] Undefined variable: sel D:\WWW\demo1\Application\Runtime\Cache\Admin\0cac801b94abd71b7155ec44e8a467e8.php 第 16 行.
NOTIC: [8] Undefined variable: sel D:\WWW\demo1\Application\Runtime\Cache\Admin\0cac801b94abd71b7155ec44e8a467e8.php 第 21 行.
NOTIC: [8] Undefined variable: sel D:\WWW\demo1\Application\Runtime\Cache\Admin\0cac801b94abd71b7155ec44e8a467e8.php 第 21 行.
NOTIC: [8] Undefined variable: sel D:\WWW\demo1\Application\Runtime\Cache\Admin\0cac801b94abd71b7155ec44e8a467e8.php 第 21 行.
NOTIC: [8] Undefined variable: sel D:\WWW\demo1\Application\Runtime\Cache\Admin\0cac801b94abd71b7155ec44e8a467e8.php 第 24 行.
INFO: Run Behavior\ParseTemplateBehavior [ RunTime:0.015001s ]
INFO: [ view_parse ] --END-- [ RunTime:0.015001s ]
INFO: [ view_filter ] --START--
INFO: Run Behavior\WriteHtmlCacheBehavior [ RunTime:0.001000s ]
INFO: [ view_filter ] --END-- [ RunTime:0.001000s ]
INFO: [ app_end ] --START--
INFO: Run Behavior\ShowPageTraceBehavior [ RunTime:0.001000s ]
INFO: [ app_end ] --END-- [ RunTime:0.001000s ]

