[ 2018-04-03T08:41:45+08:00 ] 182.148.35.174 /admin.php
INFO: [ app_init ] --START--
INFO: Run Behavior\BuildLiteBehavior [ RunTime:0.000000s ]
INFO: [ app_init ] --END-- [ RunTime:0.000000s ]
INFO: [ app_begin ] --START--
INFO: Run Behavior\ReadHtmlCacheBehavior [ RunTime:0.000000s ]
INFO: [ app_begin ] --END-- [ RunTime:0.000000s ]
SQL: select 1 from xg_ip where ip='182.148.35.174' [ RunTime:0.0000s ]

[ 2018-04-03T08:41:45+08:00 ] 182.148.35.174 /admin.php/Login/index.html
INFO: [ app_init ] --START--
INFO: Run Behavior\BuildLiteBehavior [ RunTime:0.000000s ]
INFO: [ app_init ] --END-- [ RunTime:0.000000s ]
INFO: [ app_begin ] --START--
INFO: Run Behavior\ReadHtmlCacheBehavior [ RunTime:0.000000s ]
INFO: [ app_begin ] --END-- [ RunTime:0.000000s ]
INFO: [ view_parse ] --START--
INFO: [ template_filter ] --START--
INFO: Run Behavior\ContentReplaceBehavior [ RunTime:0.000000s ]
INFO: [ template_filter ] --END-- [ RunTime:0.000000s ]
INFO: Run Behavior\ParseTemplateBehavior [ RunTime:0.015625s ]
INFO: [ view_parse ] --END-- [ RunTime:0.015625s ]
INFO: [ view_filter ] --START--
INFO: Run Behavior\WriteHtmlCacheBehavior [ RunTime:0.000000s ]
INFO: [ view_filter ] --END-- [ RunTime:0.000000s ]
INFO: [ app_end ] --START--
INFO: Run Behavior\ShowPageTraceBehavior [ RunTime:0.000000s ]
INFO: [ app_end ] --END-- [ RunTime:0.000000s ]

[ 2018-04-03T08:41:46+08:00 ] 182.148.35.174 /admin.php/Login/verify.html
INFO: [ app_init ] --START--
INFO: Run Behavior\BuildLiteBehavior [ RunTime:0.000000s ]
INFO: [ app_init ] --END-- [ RunTime:0.000000s ]
INFO: [ app_begin ] --START--
INFO: Run Behavior\ReadHtmlCacheBehavior [ RunTime:0.000000s ]
INFO: [ app_begin ] --END-- [ RunTime:0.000000s ]
INFO: [ app_end ] --START--
INFO: Run Behavior\ShowPageTraceBehavior [ RunTime:0.000000s ]
INFO: [ app_end ] --END-- [ RunTime:0.000000s ]

[ 2018-04-03T08:41:56+08:00 ] 182.148.35.174 /admin.php/Login/doLogin.html
INFO: [ app_init ] --START--
INFO: Run Behavior\BuildLiteBehavior [ RunTime:0.000000s ]
INFO: [ app_init ] --END-- [ RunTime:0.000000s ]
INFO: [ app_begin ] --START--
INFO: Run Behavior\ReadHtmlCacheBehavior [ RunTime:0.000000s ]
INFO: [ app_begin ] --END-- [ RunTime:0.000000s ]
SQL: SHOW COLUMNS FROM `xg_admin` [ RunTime:0.0000s ]
SQL: SELECT * FROM `xg_admin` WHERE `username` = 'admin' AND `status` = 1 LIMIT 1   [ RunTime:0.0000s ]
SQL: UPDATE `xg_admin` SET `lasttime`='1522716116',`lastip`='-1231805522' WHERE `username` = 'admin' [ RunTime:0.0000s ]
SQL: SHOW COLUMNS FROM `xg_action` [ RunTime:0.0000s ]
SQL: SELECT * FROM `xg_action` WHERE `name` = 'user_login' LIMIT 1   [ RunTime:0.0000s ]
SQL: SHOW COLUMNS FROM `xg_admin` [ RunTime:0.0000s ]
SQL: SELECT `username` FROM `xg_admin` WHERE `adminid` = 1 LIMIT 1   [ RunTime:0.0000s ]
SQL: SHOW COLUMNS FROM `xg_action_log` [ RunTime:0.0000s ]
SQL: INSERT INTO `xg_action_log` (`user_id`,`action_ip`,`model`,`create_time`,`remark`) VALUES ('1','-1231805522','Admin','1522716116','admin在2018-04-03 08:41登录了后台') [ RunTime:0.0000s ]
SQL: update xg_admin set sessid='tduu3n4bk11qa6tjm7ciqj9rf2' where username='admin' [ RunTime:0.0000s ]
INFO: [ view_parse ] --START--
INFO: [ template_filter ] --START--
INFO: Run Behavior\ContentReplaceBehavior [ RunTime:0.000000s ]
INFO: [ template_filter ] --END-- [ RunTime:0.000000s ]
INFO: Run Behavior\ParseTemplateBehavior [ RunTime:0.015625s ]
INFO: [ view_parse ] --END-- [ RunTime:0.015625s ]
INFO: [ view_filter ] --START--
INFO: Run Behavior\WriteHtmlCacheBehavior [ RunTime:0.000000s ]
INFO: [ view_filter ] --END-- [ RunTime:0.000000s ]
INFO: [ app_end ] --START--
INFO: Run Behavior\ShowPageTraceBehavior [ RunTime:0.000000s ]
INFO: [ app_end ] --END-- [ RunTime:0.000000s ]

[ 2018-04-03T08:41:57+08:00 ] 182.148.35.174 /admin.php/Index/index.html
INFO: [ app_init ] --START--
INFO: Run Behavior\BuildLiteBehavior [ RunTime:0.000000s ]
INFO: [ app_init ] --END-- [ RunTime:0.000000s ]
INFO: [ app_begin ] --START--
INFO: Run Behavior\ReadHtmlCacheBehavior [ RunTime:0.000000s ]
INFO: [ app_begin ] --END-- [ RunTime:0.000000s ]
SQL: select 1 from xg_ip where ip='182.148.35.174' [ RunTime:0.0000s ]
SQL: SHOW COLUMNS FROM `xg_admin` [ RunTime:0.0000s ]
SQL: SELECT * FROM `xg_admin` WHERE ( username='admin' and sessid='tduu3n4bk11qa6tjm7ciqj9rf2' )  [ RunTime:0.0000s ]
SQL: SHOW COLUMNS FROM `xg_site` [ RunTime:0.0000s ]
SQL: SELECT * FROM `xg_site` WHERE `siteid` = 1 LIMIT 1   [ RunTime:0.0000s ]
SQL: SHOW COLUMNS FROM `xg_auth` [ RunTime:0.0000s ]
SQL: SELECT * FROM `xg_auth` WHERE `id` = 1 LIMIT 1   [ RunTime:0.0000s ]
INFO: [ view_parse ] --START--
INFO: [ template_filter ] --START--
INFO: Run Behavior\ContentReplaceBehavior [ RunTime:0.000000s ]
INFO: [ template_filter ] --END-- [ RunTime:0.000000s ]
INFO: Run Behavior\ParseTemplateBehavior [ RunTime:0.031250s ]
INFO: [ view_parse ] --END-- [ RunTime:0.031250s ]
INFO: [ view_filter ] --START--
INFO: Run Behavior\WriteHtmlCacheBehavior [ RunTime:0.015625s ]
INFO: [ view_filter ] --END-- [ RunTime:0.015625s ]
INFO: [ app_end ] --START--
INFO: Run Behavior\ShowPageTraceBehavior [ RunTime:0.000000s ]
INFO: [ app_end ] --END-- [ RunTime:0.000000s ]

[ 2018-04-03T08:41:57+08:00 ] 182.148.35.174 /admin.php/index/summarize.html
INFO: [ app_init ] --START--
INFO: Run Behavior\BuildLiteBehavior [ RunTime:0.000000s ]
INFO: [ app_init ] --END-- [ RunTime:0.000000s ]
INFO: [ app_begin ] --START--
INFO: Run Behavior\ReadHtmlCacheBehavior [ RunTime:0.000000s ]
INFO: [ app_begin ] --END-- [ RunTime:0.000000s ]
SQL: select 1 from xg_ip where ip='182.148.35.174' [ RunTime:0.0000s ]
SQL: SHOW COLUMNS FROM `xg_admin` [ RunTime:0.0156s ]
SQL: SELECT * FROM `xg_admin` WHERE ( username='admin' and sessid='tduu3n4bk11qa6tjm7ciqj9rf2' )  [ RunTime:0.0000s ]
SQL: SHOW COLUMNS FROM `xg_site` [ RunTime:0.0000s ]
SQL: SELECT * FROM `xg_site` WHERE `siteid` = 1 LIMIT 1   [ RunTime:0.0000s ]
SQL: SHOW COLUMNS FROM `xg_auth` [ RunTime:0.0000s ]
SQL: SELECT * FROM `xg_auth` WHERE `id` = 1 LIMIT 1   [ RunTime:0.0000s ]
SQL: select version() as ver [ RunTime:0.0000s ]
INFO: [ view_parse ] --START--
INFO: [ template_filter ] --START--
INFO: Run Behavior\ContentReplaceBehavior [ RunTime:0.000000s ]
INFO: [ template_filter ] --END-- [ RunTime:0.000000s ]
NOTIC: [8] Undefined variable: sel D:\web\zhuan_vip\Application\Runtime\Cache\Admin\a91718f612b01347f17fdaf34b340690.php 第 16 行.
NOTIC: [8] Undefined variable: sel D:\web\zhuan_vip\Application\Runtime\Cache\Admin\a91718f612b01347f17fdaf34b340690.php 第 16 行.
NOTIC: [8] Undefined variable: sel D:\web\zhuan_vip\Application\Runtime\Cache\Admin\a91718f612b01347f17fdaf34b340690.php 第 16 行.
NOTIC: [8] Undefined variable: sel D:\web\zhuan_vip\Application\Runtime\Cache\Admin\a91718f612b01347f17fdaf34b340690.php 第 21 行.
NOTIC: [8] Undefined variable: sel D:\web\zhuan_vip\Application\Runtime\Cache\Admin\a91718f612b01347f17fdaf34b340690.php 第 21 行.
NOTIC: [8] Undefined variable: sel D:\web\zhuan_vip\Application\Runtime\Cache\Admin\a91718f612b01347f17fdaf34b340690.php 第 21 行.
NOTIC: [8] Undefined variable: sel D:\web\zhuan_vip\Application\Runtime\Cache\Admin\a91718f612b01347f17fdaf34b340690.php 第 21 行.
NOTIC: [8] Undefined variable: sel D:\web\zhuan_vip\Application\Runtime\Cache\Admin\a91718f612b01347f17fdaf34b340690.php 第 24 行.
NOTIC: [8] Undefined variable: sel D:\web\zhuan_vip\Application\Runtime\Cache\Admin\a91718f612b01347f17fdaf34b340690.php 第 24 行.
INFO: Run Behavior\ParseTemplateBehavior [ RunTime:0.015625s ]
INFO: [ view_parse ] --END-- [ RunTime:0.015625s ]
INFO: [ view_filter ] --START--
INFO: Run Behavior\WriteHtmlCacheBehavior [ RunTime:0.000000s ]
INFO: [ view_filter ] --END-- [ RunTime:0.000000s ]
INFO: [ app_end ] --START--
INFO: Run Behavior\ShowPageTraceBehavior [ RunTime:0.000000s ]
INFO: [ app_end ] --END-- [ RunTime:0.000000s ]

[ 2018-04-03T08:41:57+08:00 ] 182.148.35.174 /admin.php/Index/skin-config.html
INFO: [ app_init ] --START--
INFO: Run Behavior\BuildLiteBehavior [ RunTime:0.000000s ]
INFO: [ app_init ] --END-- [ RunTime:0.000000s ]
INFO: [ app_begin ] --START--
INFO: Run Behavior\ReadHtmlCacheBehavior [ RunTime:0.000000s ]
INFO: [ app_begin ] --END-- [ RunTime:0.000000s ]
SQL: select 1 from xg_ip where ip='182.148.35.174' [ RunTime:0.0000s ]
SQL: SHOW COLUMNS FROM `xg_admin` [ RunTime:0.0000s ]
SQL: SELECT * FROM `xg_admin` WHERE ( username='admin' and sessid='tduu3n4bk11qa6tjm7ciqj9rf2' )  [ RunTime:0.0000s ]
SQL: SHOW COLUMNS FROM `xg_site` [ RunTime:0.0156s ]
SQL: SELECT * FROM `xg_site` WHERE `siteid` = 1 LIMIT 1   [ RunTime:0.0000s ]
SQL: SHOW COLUMNS FROM `xg_auth` [ RunTime:0.0000s ]
SQL: SELECT * FROM `xg_auth` WHERE `id` = 1 LIMIT 1   [ RunTime:0.0000s ]
ERR: 非法操作:skin-config

[ 2018-04-03T08:42:03+08:00 ] 182.148.35.174 /admin.php/Ip/ip.html
INFO: [ app_init ] --START--
INFO: Run Behavior\BuildLiteBehavior [ RunTime:0.000000s ]
INFO: [ app_init ] --END-- [ RunTime:0.000000s ]
INFO: [ app_begin ] --START--
INFO: Run Behavior\ReadHtmlCacheBehavior [ RunTime:0.000000s ]
INFO: [ app_begin ] --END-- [ RunTime:0.000000s ]
SQL: select 1 from xg_ip where ip='182.148.35.174' [ RunTime:0.0000s ]
SQL: SHOW COLUMNS FROM `xg_admin` [ RunTime:0.0000s ]
SQL: SELECT * FROM `xg_admin` WHERE ( username='admin' and sessid='tduu3n4bk11qa6tjm7ciqj9rf2' )  [ RunTime:0.0000s ]
SQL: SHOW COLUMNS FROM `xg_site` [ RunTime:0.0000s ]
SQL: SELECT * FROM `xg_site` WHERE `siteid` = 1 LIMIT 1   [ RunTime:0.0000s ]
SQL: SHOW COLUMNS FROM `xg_auth` [ RunTime:0.0000s ]
SQL: SELECT * FROM `xg_auth` WHERE `id` = 1 LIMIT 1   [ RunTime:0.0000s ]
SQL: SHOW COLUMNS FROM `xg_ip` [ RunTime:0.0156s ]
NOTIC: [8] Undefined variable: map D:\web\zhuan_vip\Application\Admin\Controller\IpController.class.php 第 16 行.
SQL: SELECT COUNT(*) AS tp_count FROM `xg_ip` LIMIT 1   [ RunTime:0.0000s ]
NOTIC: [8] Undefined variable: map D:\web\zhuan_vip\Application\Admin\Controller\IpController.class.php 第 18 行.
SQL: SELECT * FROM `xg_ip` ORDER BY id desc LIMIT 0,10   [ RunTime:0.0000s ]
INFO: [ view_parse ] --START--
INFO: [ template_filter ] --START--
INFO: Run Behavior\ContentReplaceBehavior [ RunTime:0.000000s ]
INFO: [ template_filter ] --END-- [ RunTime:0.000000s ]
NOTIC: [8] Undefined variable: sel D:\web\zhuan_vip\Application\Runtime\Cache\Admin\0d236707c3dc1a243f4fe3186e41abdb.php 第 16 行.
NOTIC: [8] Undefined variable: sel D:\web\zhuan_vip\Application\Runtime\Cache\Admin\0d236707c3dc1a243f4fe3186e41abdb.php 第 16 行.
NOTIC: [8] Undefined variable: sel D:\web\zhuan_vip\Application\Runtime\Cache\Admin\0d236707c3dc1a243f4fe3186e41abdb.php 第 16 行.
NOTIC: [8] Undefined variable: sel D:\web\zhuan_vip\Application\Runtime\Cache\Admin\0d236707c3dc1a243f4fe3186e41abdb.php 第 21 行.
NOTIC: [8] Undefined variable: sel D:\web\zhuan_vip\Application\Runtime\Cache\Admin\0d236707c3dc1a243f4fe3186e41abdb.php 第 21 行.
NOTIC: [8] Undefined variable: sel D:\web\zhuan_vip\Application\Runtime\Cache\Admin\0d236707c3dc1a243f4fe3186e41abdb.php 第 21 行.
NOTIC: [8] Undefined variable: sel D:\web\zhuan_vip\Application\Runtime\Cache\Admin\0d236707c3dc1a243f4fe3186e41abdb.php 第 21 行.
NOTIC: [8] Undefined variable: sel D:\web\zhuan_vip\Application\Runtime\Cache\Admin\0d236707c3dc1a243f4fe3186e41abdb.php 第 24 行.
NOTIC: [8] Undefined variable: sel D:\web\zhuan_vip\Application\Runtime\Cache\Admin\0d236707c3dc1a243f4fe3186e41abdb.php 第 24 行.
INFO: Run Behavior\ParseTemplateBehavior [ RunTime:0.046875s ]
INFO: [ view_parse ] --END-- [ RunTime:0.046875s ]
INFO: [ view_filter ] --START--
INFO: Run Behavior\WriteHtmlCacheBehavior [ RunTime:0.000000s ]
INFO: [ view_filter ] --END-- [ RunTime:0.000000s ]
INFO: [ app_end ] --START--
INFO: Run Behavior\ShowPageTraceBehavior [ RunTime:0.000000s ]
INFO: [ app_end ] --END-- [ RunTime:0.000000s ]

[ 2018-04-03T08:42:05+08:00 ] 182.148.35.174 /admin.php/Vip/bonus_lists.html
INFO: [ app_init ] --START--
INFO: Run Behavior\BuildLiteBehavior [ RunTime:0.000000s ]
INFO: [ app_init ] --END-- [ RunTime:0.000000s ]
INFO: [ app_begin ] --START--
INFO: Run Behavior\ReadHtmlCacheBehavior [ RunTime:0.000000s ]
INFO: [ app_begin ] --END-- [ RunTime:0.000000s ]
SQL: select 1 from xg_ip where ip='182.148.35.174' [ RunTime:0.0000s ]
SQL: SHOW COLUMNS FROM `xg_admin` [ RunTime:0.0000s ]
SQL: SELECT * FROM `xg_admin` WHERE ( username='admin' and sessid='tduu3n4bk11qa6tjm7ciqj9rf2' )  [ RunTime:0.0000s ]
SQL: SHOW COLUMNS FROM `xg_site` [ RunTime:0.0000s ]
SQL: SELECT * FROM `xg_site` WHERE `siteid` = 1 LIMIT 1   [ RunTime:0.0000s ]
SQL: SHOW COLUMNS FROM `xg_auth` [ RunTime:0.0000s ]
SQL: SELECT * FROM `xg_auth` WHERE `id` = 1 LIMIT 1   [ RunTime:0.0000s ]
SQL: SHOW COLUMNS FROM `xg_lotteries` [ RunTime:0.0156s ]
NOTIC: [8] Undefined variable: map D:\web\zhuan_vip\Application\Admin\Controller\VipController.class.php 第 191 行.
SQL: SELECT COUNT(*) AS tp_count FROM `xg_lotteries` LIMIT 1   [ RunTime:0.0000s ]
NOTIC: [8] Undefined variable: map D:\web\zhuan_vip\Application\Admin\Controller\VipController.class.php 第 193 行.
SQL: SELECT * FROM `xg_lotteries` ORDER BY id desc LIMIT 0,10   [ RunTime:0.0000s ]
INFO: [ view_parse ] --START--
INFO: [ template_filter ] --START--
INFO: Run Behavior\ContentReplaceBehavior [ RunTime:0.000000s ]
INFO: [ template_filter ] --END-- [ RunTime:0.000000s ]
NOTIC: [8] Undefined variable: sel D:\web\zhuan_vip\Application\Runtime\Cache\Admin\77be920e32a1f1bbc4da4faa225a837e.php 第 16 行.
NOTIC: [8] Undefined variable: sel D:\web\zhuan_vip\Application\Runtime\Cache\Admin\77be920e32a1f1bbc4da4faa225a837e.php 第 16 行.
NOTIC: [8] Undefined variable: sel D:\web\zhuan_vip\Application\Runtime\Cache\Admin\77be920e32a1f1bbc4da4faa225a837e.php 第 16 行.
NOTIC: [8] Undefined variable: sel D:\web\zhuan_vip\Application\Runtime\Cache\Admin\77be920e32a1f1bbc4da4faa225a837e.php 第 21 行.
NOTIC: [8] Undefined variable: sel D:\web\zhuan_vip\Application\Runtime\Cache\Admin\77be920e32a1f1bbc4da4faa225a837e.php 第 21 行.
NOTIC: [8] Undefined variable: sel D:\web\zhuan_vip\Application\Runtime\Cache\Admin\77be920e32a1f1bbc4da4faa225a837e.php 第 21 行.
NOTIC: [8] Undefined variable: sel D:\web\zhuan_vip\Application\Runtime\Cache\Admin\77be920e32a1f1bbc4da4faa225a837e.php 第 21 行.
NOTIC: [8] Undefined variable: sel D:\web\zhuan_vip\Application\Runtime\Cache\Admin\77be920e32a1f1bbc4da4faa225a837e.php 第 24 行.
NOTIC: [8] Undefined variable: sel D:\web\zhuan_vip\Application\Runtime\Cache\Admin\77be920e32a1f1bbc4da4faa225a837e.php 第 24 行.
NOTIC: [8] Undefined index: status D:\web\zhuan_vip\Application\Runtime\Cache\Admin\77be920e32a1f1bbc4da4faa225a837e.php 第 72 行.
NOTIC: [8] Undefined index: status D:\web\zhuan_vip\Application\Runtime\Cache\Admin\77be920e32a1f1bbc4da4faa225a837e.php 第 75 行.
NOTIC: [8] Undefined index: status D:\web\zhuan_vip\Application\Runtime\Cache\Admin\77be920e32a1f1bbc4da4faa225a837e.php 第 79 行.
NOTIC: [8] Undefined index: status D:\web\zhuan_vip\Application\Runtime\Cache\Admin\77be920e32a1f1bbc4da4faa225a837e.php 第 83 行.
NOTIC: [8] Undefined index: status D:\web\zhuan_vip\Application\Runtime\Cache\Admin\77be920e32a1f1bbc4da4faa225a837e.php 第 87 行.
NOTIC: [8] Undefined index: status D:\web\zhuan_vip\Application\Runtime\Cache\Admin\77be920e32a1f1bbc4da4faa225a837e.php 第 91 行.
NOTIC: [8] Undefined index: status D:\web\zhuan_vip\Application\Runtime\Cache\Admin\77be920e32a1f1bbc4da4faa225a837e.php 第 95 行.
NOTIC: [8] Undefined index: status D:\web\zhuan_vip\Application\Runtime\Cache\Admin\77be920e32a1f1bbc4da4faa225a837e.php 第 99 行.
NOTIC: [8] Undefined index: status D:\web\zhuan_vip\Application\Runtime\Cache\Admin\77be920e32a1f1bbc4da4faa225a837e.php 第 103 行.
NOTIC: [8] Undefined index: status D:\web\zhuan_vip\Application\Runtime\Cache\Admin\77be920e32a1f1bbc4da4faa225a837e.php 第 72 行.
NOTIC: [8] Undefined index: status D:\web\zhuan_vip\Application\Runtime\Cache\Admin\77be920e32a1f1bbc4da4faa225a837e.php 第 75 行.
NOTIC: [8] Undefined index: status D:\web\zhuan_vip\Application\Runtime\Cache\Admin\77be920e32a1f1bbc4da4faa225a837e.php 第 79 行.
NOTIC: [8] Undefined index: status D:\web\zhuan_vip\Application\Runtime\Cache\Admin\77be920e32a1f1bbc4da4faa225a837e.php 第 83 行.
NOTIC: [8] Undefined index: status D:\web\zhuan_vip\Application\Runtime\Cache\Admin\77be920e32a1f1bbc4da4faa225a837e.php 第 87 行.
NOTIC: [8] Undefined index: status D:\web\zhuan_vip\Application\Runtime\Cache\Admin\77be920e32a1f1bbc4da4faa225a837e.php 第 91 行.
NOTIC: [8] Undefined index: status D:\web\zhuan_vip\Application\Runtime\Cache\Admin\77be920e32a1f1bbc4da4faa225a837e.php 第 95 行.
NOTIC: [8] Undefined index: status D:\web\zhuan_vip\Application\Runtime\Cache\Admin\77be920e32a1f1bbc4da4faa225a837e.php 第 99 行.
NOTIC: [8] Undefined index: status D:\web\zhuan_vip\Application\Runtime\Cache\Admin\77be920e32a1f1bbc4da4faa225a837e.php 第 103 行.
NOTIC: [8] Undefined index: status D:\web\zhuan_vip\Application\Runtime\Cache\Admin\77be920e32a1f1bbc4da4faa225a837e.php 第 72 行.
NOTIC: [8] Undefined index: status D:\web\zhuan_vip\Application\Runtime\Cache\Admin\77be920e32a1f1bbc4da4faa225a837e.php 第 75 行.
NOTIC: [8] Undefined index: status D:\web\zhuan_vip\Application\Runtime\Cache\Admin\77be920e32a1f1bbc4da4faa225a837e.php 第 79 行.
NOTIC: [8] Undefined index: status D:\web\zhuan_vip\Application\Runtime\Cache\Admin\77be920e32a1f1bbc4da4faa225a837e.php 第 83 行.
NOTIC: [8] Undefined index: status D:\web\zhuan_vip\Application\Runtime\Cache\Admin\77be920e32a1f1bbc4da4faa225a837e.php 第 87 行.
NOTIC: [8] Undefined index: status D:\web\zhuan_vip\Application\Runtime\Cache\Admin\77be920e32a1f1bbc4da4faa225a837e.php 第 91 行.
NOTIC: [8] Undefined index: status D:\web\zhuan_vip\Application\Runtime\Cache\Admin\77be920e32a1f1bbc4da4faa225a837e.php 第 95 行.
NOTIC: [8] Undefined index: status D:\web\zhuan_vip\Application\Runtime\Cache\Admin\77be920e32a1f1bbc4da4faa225a837e.php 第 99 行.
NOTIC: [8] Undefined index: status D:\web\zhuan_vip\Application\Runtime\Cache\Admin\77be920e32a1f1bbc4da4faa225a837e.php 第 103 行.
INFO: Run Behavior\ParseTemplateBehavior [ RunTime:0.015625s ]
INFO: [ view_parse ] --END-- [ RunTime:0.015625s ]
INFO: [ view_filter ] --START--
INFO: Run Behavior\WriteHtmlCacheBehavior [ RunTime:0.000000s ]
INFO: [ view_filter ] --END-- [ RunTime:0.000000s ]
INFO: [ app_end ] --START--
INFO: Run Behavior\ShowPageTraceBehavior [ RunTime:0.000000s ]
INFO: [ app_end ] --END-- [ RunTime:0.000000s ]

[ 2018-04-03T08:42:23+08:00 ] 182.148.35.174 /admin.php/Vip/bonus_lists.html
INFO: [ app_init ] --START--
INFO: Run Behavior\BuildLiteBehavior [ RunTime:0.000000s ]
INFO: [ app_init ] --END-- [ RunTime:0.000000s ]
INFO: [ app_begin ] --START--
INFO: Run Behavior\ReadHtmlCacheBehavior [ RunTime:0.000000s ]
INFO: [ app_begin ] --END-- [ RunTime:0.000000s ]
SQL: select 1 from xg_ip where ip='182.148.35.174' [ RunTime:0.0000s ]
SQL: SHOW COLUMNS FROM `xg_admin` [ RunTime:0.0000s ]
SQL: SELECT * FROM `xg_admin` WHERE ( username='admin' and sessid='tduu3n4bk11qa6tjm7ciqj9rf2' )  [ RunTime:0.0000s ]
SQL: SHOW COLUMNS FROM `xg_site` [ RunTime:0.0000s ]
SQL: SELECT * FROM `xg_site` WHERE `siteid` = 1 LIMIT 1   [ RunTime:0.0000s ]
SQL: SHOW COLUMNS FROM `xg_auth` [ RunTime:0.0000s ]
SQL: SELECT * FROM `xg_auth` WHERE `id` = 1 LIMIT 1   [ RunTime:0.0000s ]
SQL: SHOW COLUMNS FROM `xg_lotteries` [ RunTime:0.0156s ]
NOTIC: [8] Undefined variable: map D:\web\zhuan_vip\Application\Admin\Controller\VipController.class.php 第 191 行.
SQL: SELECT COUNT(*) AS tp_count FROM `xg_lotteries` LIMIT 1   [ RunTime:0.0000s ]
NOTIC: [8] Undefined variable: map D:\web\zhuan_vip\Application\Admin\Controller\VipController.class.php 第 193 行.
SQL: SELECT * FROM `xg_lotteries` ORDER BY id desc LIMIT 0,10   [ RunTime:0.0000s ]
INFO: [ view_parse ] --START--
INFO: [ template_filter ] --START--
INFO: Run Behavior\ContentReplaceBehavior [ RunTime:0.000000s ]
INFO: [ template_filter ] --END-- [ RunTime:0.000000s ]
NOTIC: [8] Undefined variable: sel D:\web\zhuan_vip\Application\Runtime\Cache\Admin\77be920e32a1f1bbc4da4faa225a837e.php 第 16 行.
NOTIC: [8] Undefined variable: sel D:\web\zhuan_vip\Application\Runtime\Cache\Admin\77be920e32a1f1bbc4da4faa225a837e.php 第 16 行.
NOTIC: [8] Undefined variable: sel D:\web\zhuan_vip\Application\Runtime\Cache\Admin\77be920e32a1f1bbc4da4faa225a837e.php 第 16 行.
NOTIC: [8] Undefined variable: sel D:\web\zhuan_vip\Application\Runtime\Cache\Admin\77be920e32a1f1bbc4da4faa225a837e.php 第 21 行.
NOTIC: [8] Undefined variable: sel D:\web\zhuan_vip\Application\Runtime\Cache\Admin\77be920e32a1f1bbc4da4faa225a837e.php 第 21 行.
NOTIC: [8] Undefined variable: sel D:\web\zhuan_vip\Application\Runtime\Cache\Admin\77be920e32a1f1bbc4da4faa225a837e.php 第 21 行.
NOTIC: [8] Undefined variable: sel D:\web\zhuan_vip\Application\Runtime\Cache\Admin\77be920e32a1f1bbc4da4faa225a837e.php 第 21 行.
NOTIC: [8] Undefined variable: sel D:\web\zhuan_vip\Application\Runtime\Cache\Admin\77be920e32a1f1bbc4da4faa225a837e.php 第 24 行.
NOTIC: [8] Undefined variable: sel D:\web\zhuan_vip\Application\Runtime\Cache\Admin\77be920e32a1f1bbc4da4faa225a837e.php 第 24 行.
NOTIC: [8] Undefined index: status D:\web\zhuan_vip\Application\Runtime\Cache\Admin\77be920e32a1f1bbc4da4faa225a837e.php 第 72 行.
NOTIC: [8] Undefined index: status D:\web\zhuan_vip\Application\Runtime\Cache\Admin\77be920e32a1f1bbc4da4faa225a837e.php 第 75 行.
NOTIC: [8] Undefined index: status D:\web\zhuan_vip\Application\Runtime\Cache\Admin\77be920e32a1f1bbc4da4faa225a837e.php 第 79 行.
NOTIC: [8] Undefined index: status D:\web\zhuan_vip\Application\Runtime\Cache\Admin\77be920e32a1f1bbc4da4faa225a837e.php 第 83 行.
NOTIC: [8] Undefined index: status D:\web\zhuan_vip\Application\Runtime\Cache\Admin\77be920e32a1f1bbc4da4faa225a837e.php 第 87 行.
NOTIC: [8] Undefined index: status D:\web\zhuan_vip\Application\Runtime\Cache\Admin\77be920e32a1f1bbc4da4faa225a837e.php 第 91 行.
NOTIC: [8] Undefined index: status D:\web\zhuan_vip\Application\Runtime\Cache\Admin\77be920e32a1f1bbc4da4faa225a837e.php 第 95 行.
NOTIC: [8] Undefined index: status D:\web\zhuan_vip\Application\Runtime\Cache\Admin\77be920e32a1f1bbc4da4faa225a837e.php 第 99 行.
NOTIC: [8] Undefined index: status D:\web\zhuan_vip\Application\Runtime\Cache\Admin\77be920e32a1f1bbc4da4faa225a837e.php 第 103 行.
NOTIC: [8] Undefined index: status D:\web\zhuan_vip\Application\Runtime\Cache\Admin\77be920e32a1f1bbc4da4faa225a837e.php 第 72 行.
NOTIC: [8] Undefined index: status D:\web\zhuan_vip\Application\Runtime\Cache\Admin\77be920e32a1f1bbc4da4faa225a837e.php 第 75 行.
NOTIC: [8] Undefined index: status D:\web\zhuan_vip\Application\Runtime\Cache\Admin\77be920e32a1f1bbc4da4faa225a837e.php 第 79 行.
NOTIC: [8] Undefined index: status D:\web\zhuan_vip\Application\Runtime\Cache\Admin\77be920e32a1f1bbc4da4faa225a837e.php 第 83 行.
NOTIC: [8] Undefined index: status D:\web\zhuan_vip\Application\Runtime\Cache\Admin\77be920e32a1f1bbc4da4faa225a837e.php 第 87 行.
NOTIC: [8] Undefined index: status D:\web\zhuan_vip\Application\Runtime\Cache\Admin\77be920e32a1f1bbc4da4faa225a837e.php 第 91 行.
NOTIC: [8] Undefined index: status D:\web\zhuan_vip\Application\Runtime\Cache\Admin\77be920e32a1f1bbc4da4faa225a837e.php 第 95 行.
NOTIC: [8] Undefined index: status D:\web\zhuan_vip\Application\Runtime\Cache\Admin\77be920e32a1f1bbc4da4faa225a837e.php 第 99 行.
NOTIC: [8] Undefined index: status D:\web\zhuan_vip\Application\Runtime\Cache\Admin\77be920e32a1f1bbc4da4faa225a837e.php 第 103 行.
NOTIC: [8] Undefined index: status D:\web\zhuan_vip\Application\Runtime\Cache\Admin\77be920e32a1f1bbc4da4faa225a837e.php 第 72 行.
NOTIC: [8] Undefined index: status D:\web\zhuan_vip\Application\Runtime\Cache\Admin\77be920e32a1f1bbc4da4faa225a837e.php 第 75 行.
NOTIC: [8] Undefined index: status D:\web\zhuan_vip\Application\Runtime\Cache\Admin\77be920e32a1f1bbc4da4faa225a837e.php 第 79 行.
NOTIC: [8] Undefined index: status D:\web\zhuan_vip\Application\Runtime\Cache\Admin\77be920e32a1f1bbc4da4faa225a837e.php 第 83 行.
NOTIC: [8] Undefined index: status D:\web\zhuan_vip\Application\Runtime\Cache\Admin\77be920e32a1f1bbc4da4faa225a837e.php 第 87 行.
NOTIC: [8] Undefined index: status D:\web\zhuan_vip\Application\Runtime\Cache\Admin\77be920e32a1f1bbc4da4faa225a837e.php 第 91 行.
NOTIC: [8] Undefined index: status D:\web\zhuan_vip\Application\Runtime\Cache\Admin\77be920e32a1f1bbc4da4faa225a837e.php 第 95 行.
NOTIC: [8] Undefined index: status D:\web\zhuan_vip\Application\Runtime\Cache\Admin\77be920e32a1f1bbc4da4faa225a837e.php 第 99 行.
NOTIC: [8] Undefined index: status D:\web\zhuan_vip\Application\Runtime\Cache\Admin\77be920e32a1f1bbc4da4faa225a837e.php 第 103 行.
INFO: Run Behavior\ParseTemplateBehavior [ RunTime:0.015625s ]
INFO: [ view_parse ] --END-- [ RunTime:0.015625s ]
INFO: [ view_filter ] --START--
INFO: Run Behavior\WriteHtmlCacheBehavior [ RunTime:0.000000s ]
INFO: [ view_filter ] --END-- [ RunTime:0.000000s ]
INFO: [ app_end ] --START--
INFO: Run Behavior\ShowPageTraceBehavior [ RunTime:0.000000s ]
INFO: [ app_end ] --END-- [ RunTime:0.000000s ]

[ 2018-04-03T08:43:02+08:00 ] 61.129.6.147 /admin.php/Ip/ip.html
INFO: [ app_init ] --START--
INFO: Run Behavior\BuildLiteBehavior [ RunTime:0.000000s ]
INFO: [ app_init ] --END-- [ RunTime:0.000000s ]
INFO: [ app_begin ] --START--
INFO: Run Behavior\ReadHtmlCacheBehavior [ RunTime:0.000000s ]
INFO: [ app_begin ] --END-- [ RunTime:0.000000s ]
SQL: select 1 from xg_ip where ip='61.129.6.147' [ RunTime:0.0000s ]
INFO: [ view_parse ] --START--
INFO: [ template_filter ] --START--
INFO: Run Behavior\ContentReplaceBehavior [ RunTime:0.000000s ]
INFO: [ template_filter ] --END-- [ RunTime:0.015625s ]
INFO: Run Behavior\ParseTemplateBehavior [ RunTime:0.015625s ]
INFO: [ view_parse ] --END-- [ RunTime:0.015625s ]
INFO: [ view_filter ] --START--
INFO: Run Behavior\WriteHtmlCacheBehavior [ RunTime:0.000000s ]
INFO: [ view_filter ] --END-- [ RunTime:0.000000s ]

[ 2018-04-03T08:43:05+08:00 ] 61.129.8.199 /admin.php/Ip/ip.html
INFO: [ app_init ] --START--
INFO: Run Behavior\BuildLiteBehavior [ RunTime:0.000000s ]
INFO: [ app_init ] --END-- [ RunTime:0.000000s ]
INFO: [ app_begin ] --START--
INFO: Run Behavior\ReadHtmlCacheBehavior [ RunTime:0.000000s ]
INFO: [ app_begin ] --END-- [ RunTime:0.000000s ]
SQL: select 1 from xg_ip where ip='61.129.8.199' [ RunTime:0.0000s ]
INFO: [ view_parse ] --START--
INFO: [ template_filter ] --START--
INFO: Run Behavior\ContentReplaceBehavior [ RunTime:0.000000s ]
INFO: [ template_filter ] --END-- [ RunTime:0.000000s ]
INFO: Run Behavior\ParseTemplateBehavior [ RunTime:0.015625s ]
INFO: [ view_parse ] --END-- [ RunTime:0.015625s ]
INFO: [ view_filter ] --START--
INFO: Run Behavior\WriteHtmlCacheBehavior [ RunTime:0.000000s ]
INFO: [ view_filter ] --END-- [ RunTime:0.000000s ]

[ 2018-04-03T08:43:06+08:00 ] 61.129.8.199 /admin.php/Login/index
INFO: [ app_init ] --START--
INFO: Run Behavior\BuildLiteBehavior [ RunTime:0.000000s ]
INFO: [ app_init ] --END-- [ RunTime:0.000000s ]
INFO: [ app_begin ] --START--
INFO: Run Behavior\ReadHtmlCacheBehavior [ RunTime:0.000000s ]
INFO: [ app_begin ] --END-- [ RunTime:0.000000s ]
INFO: [ view_parse ] --START--
INFO: [ template_filter ] --START--
INFO: Run Behavior\ContentReplaceBehavior [ RunTime:0.000000s ]
INFO: [ template_filter ] --END-- [ RunTime:0.000000s ]
INFO: Run Behavior\ParseTemplateBehavior [ RunTime:0.015625s ]
INFO: [ view_parse ] --END-- [ RunTime:0.015625s ]
INFO: [ view_filter ] --START--
INFO: Run Behavior\WriteHtmlCacheBehavior [ RunTime:0.000000s ]
INFO: [ view_filter ] --END-- [ RunTime:0.000000s ]
INFO: [ app_end ] --START--
INFO: Run Behavior\ShowPageTraceBehavior [ RunTime:0.000000s ]
INFO: [ app_end ] --END-- [ RunTime:0.000000s ]

[ 2018-04-03T08:43:06+08:00 ] 61.129.8.199 /admin.php/Login/verify.html
INFO: [ app_init ] --START--
INFO: Run Behavior\BuildLiteBehavior [ RunTime:0.000000s ]
INFO: [ app_init ] --END-- [ RunTime:0.000000s ]
INFO: [ app_begin ] --START--
INFO: Run Behavior\ReadHtmlCacheBehavior [ RunTime:0.000000s ]
INFO: [ app_begin ] --END-- [ RunTime:0.000000s ]
INFO: [ app_end ] --START--
INFO: Run Behavior\ShowPageTraceBehavior [ RunTime:0.000000s ]
INFO: [ app_end ] --END-- [ RunTime:0.000000s ]

[ 2018-04-03T08:43:41+08:00 ] 182.148.35.174 /admin.php/Vip/bonus_lists.html
INFO: [ app_init ] --START--
INFO: Run Behavior\BuildLiteBehavior [ RunTime:0.000000s ]
INFO: [ app_init ] --END-- [ RunTime:0.000000s ]
INFO: [ app_begin ] --START--
INFO: Run Behavior\ReadHtmlCacheBehavior [ RunTime:0.015625s ]
INFO: [ app_begin ] --END-- [ RunTime:0.015625s ]
SQL: select 1 from xg_ip where ip='182.148.35.174' [ RunTime:0.0000s ]
SQL: SHOW COLUMNS FROM `xg_admin` [ RunTime:0.0000s ]
SQL: SELECT * FROM `xg_admin` WHERE ( username='admin' and sessid='tduu3n4bk11qa6tjm7ciqj9rf2' )  [ RunTime:0.0000s ]
SQL: SHOW COLUMNS FROM `xg_site` [ RunTime:0.0000s ]
SQL: SELECT * FROM `xg_site` WHERE `siteid` = 1 LIMIT 1   [ RunTime:0.0000s ]
SQL: SHOW COLUMNS FROM `xg_auth` [ RunTime:0.0000s ]
SQL: SELECT * FROM `xg_auth` WHERE `id` = 1 LIMIT 1   [ RunTime:0.0000s ]
SQL: SHOW COLUMNS FROM `xg_lotteries` [ RunTime:0.0156s ]
NOTIC: [8] Undefined variable: map D:\web\zhuan_vip\Application\Admin\Controller\VipController.class.php 第 191 行.
SQL: SELECT COUNT(*) AS tp_count FROM `xg_lotteries` LIMIT 1   [ RunTime:0.0000s ]
NOTIC: [8] Undefined variable: map D:\web\zhuan_vip\Application\Admin\Controller\VipController.class.php 第 193 行.
SQL: SELECT * FROM `xg_lotteries` ORDER BY id desc LIMIT 0,10   [ RunTime:0.0000s ]
INFO: [ view_parse ] --START--
INFO: [ template_filter ] --START--
INFO: Run Behavior\ContentReplaceBehavior [ RunTime:0.000000s ]
INFO: [ template_filter ] --END-- [ RunTime:0.000000s ]
NOTIC: [8] Undefined variable: sel D:\web\zhuan_vip\Application\Runtime\Cache\Admin\77be920e32a1f1bbc4da4faa225a837e.php 第 16 行.
NOTIC: [8] Undefined variable: sel D:\web\zhuan_vip\Application\Runtime\Cache\Admin\77be920e32a1f1bbc4da4faa225a837e.php 第 16 行.
NOTIC: [8] Undefined variable: sel D:\web\zhuan_vip\Application\Runtime\Cache\Admin\77be920e32a1f1bbc4da4faa225a837e.php 第 16 行.
NOTIC: [8] Undefined variable: sel D:\web\zhuan_vip\Application\Runtime\Cache\Admin\77be920e32a1f1bbc4da4faa225a837e.php 第 21 行.
NOTIC: [8] Undefined variable: sel D:\web\zhuan_vip\Application\Runtime\Cache\Admin\77be920e32a1f1bbc4da4faa225a837e.php 第 21 行.
NOTIC: [8] Undefined variable: sel D:\web\zhuan_vip\Application\Runtime\Cache\Admin\77be920e32a1f1bbc4da4faa225a837e.php 第 21 行.
NOTIC: [8] Undefined variable: sel D:\web\zhuan_vip\Application\Runtime\Cache\Admin\77be920e32a1f1bbc4da4faa225a837e.php 第 21 行.
NOTIC: [8] Undefined variable: sel D:\web\zhuan_vip\Application\Runtime\Cache\Admin\77be920e32a1f1bbc4da4faa225a837e.php 第 24 行.
NOTIC: [8] Undefined variable: sel D:\web\zhuan_vip\Application\Runtime\Cache\Admin\77be920e32a1f1bbc4da4faa225a837e.php 第 24 行.
NOTIC: [8] Undefined index: status D:\web\zhuan_vip\Application\Runtime\Cache\Admin\77be920e32a1f1bbc4da4faa225a837e.php 第 72 行.
NOTIC: [8] Undefined index: status D:\web\zhuan_vip\Application\Runtime\Cache\Admin\77be920e32a1f1bbc4da4faa225a837e.php 第 75 行.
NOTIC: [8] Undefined index: status D:\web\zhuan_vip\Application\Runtime\Cache\Admin\77be920e32a1f1bbc4da4faa225a837e.php 第 79 行.
NOTIC: [8] Undefined index: status D:\web\zhuan_vip\Application\Runtime\Cache\Admin\77be920e32a1f1bbc4da4faa225a837e.php 第 83 行.
NOTIC: [8] Undefined index: status D:\web\zhuan_vip\Application\Runtime\Cache\Admin\77be920e32a1f1bbc4da4faa225a837e.php 第 87 行.
NOTIC: [8] Undefined index: status D:\web\zhuan_vip\Application\Runtime\Cache\Admin\77be920e32a1f1bbc4da4faa225a837e.php 第 91 行.
NOTIC: [8] Undefined index: status D:\web\zhuan_vip\Application\Runtime\Cache\Admin\77be920e32a1f1bbc4da4faa225a837e.php 第 95 行.
NOTIC: [8] Undefined index: status D:\web\zhuan_vip\Application\Runtime\Cache\Admin\77be920e32a1f1bbc4da4faa225a837e.php 第 99 行.
NOTIC: [8] Undefined index: status D:\web\zhuan_vip\Application\Runtime\Cache\Admin\77be920e32a1f1bbc4da4faa225a837e.php 第 103 行.
NOTIC: [8] Undefined index: status D:\web\zhuan_vip\Application\Runtime\Cache\Admin\77be920e32a1f1bbc4da4faa225a837e.php 第 72 行.
NOTIC: [8] Undefined index: status D:\web\zhuan_vip\Application\Runtime\Cache\Admin\77be920e32a1f1bbc4da4faa225a837e.php 第 75 行.
NOTIC: [8] Undefined index: status D:\web\zhuan_vip\Application\Runtime\Cache\Admin\77be920e32a1f1bbc4da4faa225a837e.php 第 79 行.
NOTIC: [8] Undefined index: status D:\web\zhuan_vip\Application\Runtime\Cache\Admin\77be920e32a1f1bbc4da4faa225a837e.php 第 83 行.
NOTIC: [8] Undefined index: status D:\web\zhuan_vip\Application\Runtime\Cache\Admin\77be920e32a1f1bbc4da4faa225a837e.php 第 87 行.
NOTIC: [8] Undefined index: status D:\web\zhuan_vip\Application\Runtime\Cache\Admin\77be920e32a1f1bbc4da4faa225a837e.php 第 91 行.
NOTIC: [8] Undefined index: status D:\web\zhuan_vip\Application\Runtime\Cache\Admin\77be920e32a1f1bbc4da4faa225a837e.php 第 95 行.
NOTIC: [8] Undefined index: status D:\web\zhuan_vip\Application\Runtime\Cache\Admin\77be920e32a1f1bbc4da4faa225a837e.php 第 99 行.
NOTIC: [8] Undefined index: status D:\web\zhuan_vip\Application\Runtime\Cache\Admin\77be920e32a1f1bbc4da4faa225a837e.php 第 103 行.
NOTIC: [8] Undefined index: status D:\web\zhuan_vip\Application\Runtime\Cache\Admin\77be920e32a1f1bbc4da4faa225a837e.php 第 72 行.
NOTIC: [8] Undefined index: status D:\web\zhuan_vip\Application\Runtime\Cache\Admin\77be920e32a1f1bbc4da4faa225a837e.php 第 75 行.
NOTIC: [8] Undefined index: status D:\web\zhuan_vip\Application\Runtime\Cache\Admin\77be920e32a1f1bbc4da4faa225a837e.php 第 79 行.
NOTIC: [8] Undefined index: status D:\web\zhuan_vip\Application\Runtime\Cache\Admin\77be920e32a1f1bbc4da4faa225a837e.php 第 83 行.
NOTIC: [8] Undefined index: status D:\web\zhuan_vip\Application\Runtime\Cache\Admin\77be920e32a1f1bbc4da4faa225a837e.php 第 87 行.
NOTIC: [8] Undefined index: status D:\web\zhuan_vip\Application\Runtime\Cache\Admin\77be920e32a1f1bbc4da4faa225a837e.php 第 91 行.
NOTIC: [8] Undefined index: status D:\web\zhuan_vip\Application\Runtime\Cache\Admin\77be920e32a1f1bbc4da4faa225a837e.php 第 95 行.
NOTIC: [8] Undefined index: status D:\web\zhuan_vip\Application\Runtime\Cache\Admin\77be920e32a1f1bbc4da4faa225a837e.php 第 99 行.
NOTIC: [8] Undefined index: status D:\web\zhuan_vip\Application\Runtime\Cache\Admin\77be920e32a1f1bbc4da4faa225a837e.php 第 103 行.
INFO: Run Behavior\ParseTemplateBehavior [ RunTime:0.015625s ]
INFO: [ view_parse ] --END-- [ RunTime:0.015625s ]
INFO: [ view_filter ] --START--
INFO: Run Behavior\WriteHtmlCacheBehavior [ RunTime:0.000000s ]
INFO: [ view_filter ] --END-- [ RunTime:0.000000s ]
INFO: [ app_end ] --START--
INFO: Run Behavior\ShowPageTraceBehavior [ RunTime:0.000000s ]
INFO: [ app_end ] --END-- [ RunTime:0.000000s ]

