[ 2018-03-24T10:01:18+08:00 ] 127.0.0.1 /admin.php
INFO: [ app_init ] --START--
INFO: Run Behavior\BuildLiteBehavior [ RunTime:0.000023s ]
INFO: [ app_init ] --END-- [ RunTime:0.000449s ]
INFO: [ app_begin ] --START--
INFO: Run Behavior\ReadHtmlCacheBehavior [ RunTime:0.002195s ]
INFO: [ app_begin ] --END-- [ RunTime:0.002390s ]

[ 2018-03-24T10:01:18+08:00 ] 127.0.0.1 /admin.php/Login/index.html
INFO: [ app_init ] --START--
INFO: Run Behavior\BuildLiteBehavior [ RunTime:0.000013s ]
INFO: [ app_init ] --END-- [ RunTime:0.000378s ]
INFO: [ app_begin ] --START--
INFO: Run Behavior\ReadHtmlCacheBehavior [ RunTime:0.000548s ]
INFO: [ app_begin ] --END-- [ RunTime:0.000601s ]
INFO: [ view_parse ] --START--
INFO: [ template_filter ] --START--
INFO: Run Behavior\ContentReplaceBehavior [ RunTime:0.000106s ]
INFO: [ template_filter ] --END-- [ RunTime:0.000173s ]
INFO: Run Behavior\ParseTemplateBehavior [ RunTime:0.179859s ]
INFO: [ view_parse ] --END-- [ RunTime:0.179920s ]
INFO: [ view_filter ] --START--
INFO: Run Behavior\WriteHtmlCacheBehavior [ RunTime:0.028158s ]
INFO: [ view_filter ] --END-- [ RunTime:0.028212s ]
INFO: [ app_end ] --START--
INFO: Run Behavior\ShowPageTraceBehavior [ RunTime:0.008605s ]
INFO: [ app_end ] --END-- [ RunTime:0.008653s ]

[ 2018-03-24T10:01:18+08:00 ] 127.0.0.1 /admin.php/Login/verify.html
INFO: [ app_init ] --START--
INFO: Run Behavior\BuildLiteBehavior [ RunTime:0.000013s ]
INFO: [ app_init ] --END-- [ RunTime:0.000334s ]
INFO: [ app_begin ] --START--
INFO: Run Behavior\ReadHtmlCacheBehavior [ RunTime:0.000651s ]
INFO: [ app_begin ] --END-- [ RunTime:0.000699s ]
INFO: [ app_end ] --START--
INFO: Run Behavior\ShowPageTraceBehavior [ RunTime:0.000526s ]
INFO: [ app_end ] --END-- [ RunTime:0.000577s ]

[ 2018-03-24T10:01:33+08:00 ] 127.0.0.1 /admin.php/Login/doLogin.html
INFO: [ app_init ] --START--
INFO: Run Behavior\BuildLiteBehavior [ RunTime:0.000017s ]
INFO: [ app_init ] --END-- [ RunTime:0.000518s ]
INFO: [ app_begin ] --START--
INFO: Run Behavior\ReadHtmlCacheBehavior [ RunTime:0.000643s ]
INFO: [ app_begin ] --END-- [ RunTime:0.000700s ]
INFO: [ view_parse ] --START--
INFO: [ template_filter ] --START--
INFO: Run Behavior\ContentReplaceBehavior [ RunTime:0.000099s ]
INFO: [ template_filter ] --END-- [ RunTime:0.000144s ]
INFO: Run Behavior\ParseTemplateBehavior [ RunTime:0.276682s ]
INFO: [ view_parse ] --END-- [ RunTime:0.276731s ]
INFO: [ view_filter ] --START--
INFO: Run Behavior\WriteHtmlCacheBehavior [ RunTime:0.000323s ]
INFO: [ view_filter ] --END-- [ RunTime:0.000355s ]

[ 2018-03-24T10:01:42+08:00 ] 127.0.0.1 /admin.php/Login/verify.html?0.09838400172114725
INFO: [ app_init ] --START--
INFO: Run Behavior\BuildLiteBehavior [ RunTime:0.000012s ]
INFO: [ app_init ] --END-- [ RunTime:0.000352s ]
INFO: [ app_begin ] --START--
INFO: Run Behavior\ReadHtmlCacheBehavior [ RunTime:0.000553s ]
INFO: [ app_begin ] --END-- [ RunTime:0.000596s ]
INFO: [ app_end ] --START--
INFO: Run Behavior\ShowPageTraceBehavior [ RunTime:0.000610s ]
INFO: [ app_end ] --END-- [ RunTime:0.000662s ]

[ 2018-03-24T10:01:52+08:00 ] 127.0.0.1 /admin.php/Login/doLogin.html
INFO: [ app_init ] --START--
INFO: Run Behavior\BuildLiteBehavior [ RunTime:0.000034s ]
INFO: [ app_init ] --END-- [ RunTime:0.009539s ]
INFO: [ app_begin ] --START--
INFO: Run Behavior\ReadHtmlCacheBehavior [ RunTime:0.012107s ]
INFO: [ app_begin ] --END-- [ RunTime:0.012163s ]
SQL: SHOW COLUMNS FROM `xg_admin` [ RunTime:0.1273s ]
SQL: SELECT * FROM `xg_admin` WHERE `username` = 'admin' AND `status` = 1 LIMIT 1   [ RunTime:0.0015s ]
SQL: UPDATE `xg_admin` SET `lasttime`='1521856910',`lastip`='2130706433' WHERE `username` = 'admin' [ RunTime:0.0016s ]
SQL: SHOW COLUMNS FROM `xg_action` [ RunTime:0.0259s ]
SQL: SELECT * FROM `xg_action` WHERE `name` = 'user_login' LIMIT 1   [ RunTime:0.0003s ]
SQL: SHOW COLUMNS FROM `xg_admin` [ RunTime:0.0068s ]
SQL: SELECT `username` FROM `xg_admin` WHERE `adminid` = 1 LIMIT 1   [ RunTime:0.0003s ]
SQL: SHOW COLUMNS FROM `xg_action_log` [ RunTime:0.0225s ]
SQL: INSERT INTO `xg_action_log` (`user_id`,`action_ip`,`model`,`create_time`,`remark`) VALUES ('1','2130706433','Admin','1521856910','admin在2018-03-24 10:01登录了后台') [ RunTime:0.0016s ]
INFO: [ view_parse ] --START--
INFO: [ template_filter ] --START--
INFO: Run Behavior\ContentReplaceBehavior [ RunTime:0.000104s ]
INFO: [ template_filter ] --END-- [ RunTime:0.000149s ]
INFO: Run Behavior\ParseTemplateBehavior [ RunTime:0.181433s ]
INFO: [ view_parse ] --END-- [ RunTime:0.181484s ]
INFO: [ view_filter ] --START--
INFO: Run Behavior\WriteHtmlCacheBehavior [ RunTime:0.007530s ]
INFO: [ view_filter ] --END-- [ RunTime:0.007573s ]
INFO: [ app_end ] --START--
INFO: Run Behavior\ShowPageTraceBehavior [ RunTime:0.008017s ]
INFO: [ app_end ] --END-- [ RunTime:0.008070s ]

[ 2018-03-24T10:01:55+08:00 ] 127.0.0.1 /admin.php/Index/index.html
INFO: [ app_init ] --START--
INFO: Run Behavior\BuildLiteBehavior [ RunTime:0.000015s ]
INFO: [ app_init ] --END-- [ RunTime:0.000389s ]
INFO: [ app_begin ] --START--
INFO: Run Behavior\ReadHtmlCacheBehavior [ RunTime:0.000630s ]
INFO: [ app_begin ] --END-- [ RunTime:0.000685s ]
SQL: SHOW COLUMNS FROM `xg_site` [ RunTime:0.1681s ]
SQL: SELECT * FROM `xg_site` WHERE `siteid` = 1 LIMIT 1   [ RunTime:0.0004s ]
SQL: SHOW COLUMNS FROM `xg_auth` [ RunTime:0.0428s ]
SQL: SELECT * FROM `xg_auth` WHERE `id` = 1 LIMIT 1   [ RunTime:0.0005s ]
INFO: [ view_parse ] --START--
INFO: [ template_filter ] --START--
INFO: Run Behavior\ContentReplaceBehavior [ RunTime:0.000166s ]
INFO: [ template_filter ] --END-- [ RunTime:0.000214s ]
INFO: Run Behavior\ParseTemplateBehavior [ RunTime:0.214984s ]
INFO: [ view_parse ] --END-- [ RunTime:0.215047s ]
INFO: [ view_filter ] --START--
INFO: Run Behavior\WriteHtmlCacheBehavior [ RunTime:0.000248s ]
INFO: [ view_filter ] --END-- [ RunTime:0.000280s ]
INFO: [ app_end ] --START--
INFO: Run Behavior\ShowPageTraceBehavior [ RunTime:0.000461s ]
INFO: [ app_end ] --END-- [ RunTime:0.000494s ]

[ 2018-03-24T10:01:56+08:00 ] 127.0.0.1 /admin.php/index/summarize.html
INFO: [ app_init ] --START--
INFO: Run Behavior\BuildLiteBehavior [ RunTime:0.000018s ]
INFO: [ app_init ] --END-- [ RunTime:0.000477s ]
INFO: [ app_begin ] --START--
INFO: Run Behavior\ReadHtmlCacheBehavior [ RunTime:0.000729s ]
INFO: [ app_begin ] --END-- [ RunTime:0.000793s ]
SQL: SHOW COLUMNS FROM `xg_site` [ RunTime:0.0407s ]
SQL: SELECT * FROM `xg_site` WHERE `siteid` = 1 LIMIT 1   [ RunTime:0.0010s ]
SQL: SHOW COLUMNS FROM `xg_auth` [ RunTime:0.0252s ]
SQL: SELECT * FROM `xg_auth` WHERE `id` = 1 LIMIT 1   [ RunTime:0.0005s ]
SQL: select version() as ver [ RunTime:0.0117s ]
INFO: [ view_parse ] --START--
INFO: [ template_filter ] --START--
INFO: Run Behavior\ContentReplaceBehavior [ RunTime:0.000077s ]
INFO: [ template_filter ] --END-- [ RunTime:0.000133s ]
NOTIC: [8] Undefined variable: sel D:\admins\Application\Runtime\Cache\Admin\a91718f612b01347f17fdaf34b340690.php 第 16 行.
NOTIC: [8] Undefined variable: sel D:\admins\Application\Runtime\Cache\Admin\a91718f612b01347f17fdaf34b340690.php 第 16 行.
NOTIC: [8] Undefined variable: sel D:\admins\Application\Runtime\Cache\Admin\a91718f612b01347f17fdaf34b340690.php 第 16 行.
NOTIC: [8] Undefined variable: sel D:\admins\Application\Runtime\Cache\Admin\a91718f612b01347f17fdaf34b340690.php 第 21 行.
NOTIC: [8] Undefined variable: sel D:\admins\Application\Runtime\Cache\Admin\a91718f612b01347f17fdaf34b340690.php 第 21 行.
NOTIC: [8] Undefined variable: sel D:\admins\Application\Runtime\Cache\Admin\a91718f612b01347f17fdaf34b340690.php 第 21 行.
NOTIC: [8] Undefined variable: sel D:\admins\Application\Runtime\Cache\Admin\a91718f612b01347f17fdaf34b340690.php 第 21 行.
NOTIC: [8] Undefined variable: sel D:\admins\Application\Runtime\Cache\Admin\a91718f612b01347f17fdaf34b340690.php 第 24 行.
NOTIC: [8] Undefined variable: sel D:\admins\Application\Runtime\Cache\Admin\a91718f612b01347f17fdaf34b340690.php 第 24 行.
INFO: Run Behavior\ParseTemplateBehavior [ RunTime:0.087844s ]
INFO: [ view_parse ] --END-- [ RunTime:0.087898s ]
INFO: [ view_filter ] --START--
INFO: Run Behavior\WriteHtmlCacheBehavior [ RunTime:0.000247s ]
INFO: [ view_filter ] --END-- [ RunTime:0.000279s ]
INFO: [ app_end ] --START--
INFO: Run Behavior\ShowPageTraceBehavior [ RunTime:0.000480s ]
INFO: [ app_end ] --END-- [ RunTime:0.000512s ]

[ 2018-03-24T10:01:57+08:00 ] 127.0.0.1 /admin.php/Index/skin-config.html
INFO: [ app_init ] --START--
INFO: Run Behavior\BuildLiteBehavior [ RunTime:0.000025s ]
INFO: [ app_init ] --END-- [ RunTime:0.000655s ]
INFO: [ app_begin ] --START--
INFO: Run Behavior\ReadHtmlCacheBehavior [ RunTime:0.001014s ]
INFO: [ app_begin ] --END-- [ RunTime:0.001088s ]
SQL: SHOW COLUMNS FROM `xg_site` [ RunTime:0.0317s ]
SQL: SELECT * FROM `xg_site` WHERE `siteid` = 1 LIMIT 1   [ RunTime:0.0005s ]
SQL: SHOW COLUMNS FROM `xg_auth` [ RunTime:0.0112s ]
SQL: SELECT * FROM `xg_auth` WHERE `id` = 1 LIMIT 1   [ RunTime:0.0003s ]
ERR: 非法操作:skin-config

[ 2018-03-24T10:01:59+08:00 ] 127.0.0.1 /admin.php/Vip/index.html
INFO: [ app_init ] --START--
INFO: Run Behavior\BuildLiteBehavior [ RunTime:0.000018s ]
INFO: [ app_init ] --END-- [ RunTime:0.000508s ]
INFO: [ app_begin ] --START--
INFO: Run Behavior\ReadHtmlCacheBehavior [ RunTime:0.000565s ]
INFO: [ app_begin ] --END-- [ RunTime:0.000619s ]
SQL: SHOW COLUMNS FROM `xg_site` [ RunTime:0.0327s ]
SQL: SELECT * FROM `xg_site` WHERE `siteid` = 1 LIMIT 1   [ RunTime:0.0006s ]
SQL: SHOW COLUMNS FROM `xg_auth` [ RunTime:0.0128s ]
SQL: SELECT * FROM `xg_auth` WHERE `id` = 1 LIMIT 1   [ RunTime:0.0004s ]
SQL: SHOW COLUMNS FROM `xg_user` [ RunTime:0.1840s ]
NOTIC: [8] Undefined variable: map D:\admins\Application\Admin\Controller\VipController.class.php 第 15 行.
SQL: SELECT COUNT(*) AS tp_count FROM `xg_user` LIMIT 1   [ RunTime:0.0006s ]
NOTIC: [8] Undefined variable: map D:\admins\Application\Admin\Controller\VipController.class.php 第 17 行.
SQL: SELECT * FROM `xg_user` ORDER BY userid ASC LIMIT 0,10   [ RunTime:0.0005s ]
INFO: [ view_parse ] --START--
INFO: [ template_filter ] --START--
INFO: Run Behavior\ContentReplaceBehavior [ RunTime:0.000081s ]
INFO: [ template_filter ] --END-- [ RunTime:0.000130s ]
NOTIC: [8] Undefined variable: sel D:\admins\Application\Runtime\Cache\Admin\bce2a69d8784dbaf44d668d2b19b643c.php 第 16 行.
NOTIC: [8] Undefined variable: sel D:\admins\Application\Runtime\Cache\Admin\bce2a69d8784dbaf44d668d2b19b643c.php 第 16 行.
NOTIC: [8] Undefined variable: sel D:\admins\Application\Runtime\Cache\Admin\bce2a69d8784dbaf44d668d2b19b643c.php 第 16 行.
NOTIC: [8] Undefined variable: sel D:\admins\Application\Runtime\Cache\Admin\bce2a69d8784dbaf44d668d2b19b643c.php 第 21 行.
NOTIC: [8] Undefined variable: sel D:\admins\Application\Runtime\Cache\Admin\bce2a69d8784dbaf44d668d2b19b643c.php 第 21 行.
NOTIC: [8] Undefined variable: sel D:\admins\Application\Runtime\Cache\Admin\bce2a69d8784dbaf44d668d2b19b643c.php 第 21 行.
NOTIC: [8] Undefined variable: sel D:\admins\Application\Runtime\Cache\Admin\bce2a69d8784dbaf44d668d2b19b643c.php 第 21 行.
NOTIC: [8] Undefined variable: sel D:\admins\Application\Runtime\Cache\Admin\bce2a69d8784dbaf44d668d2b19b643c.php 第 24 行.
NOTIC: [8] Undefined variable: sel D:\admins\Application\Runtime\Cache\Admin\bce2a69d8784dbaf44d668d2b19b643c.php 第 24 行.
NOTIC: [8] Undefined index: status D:\admins\Application\Runtime\Cache\Admin\bce2a69d8784dbaf44d668d2b19b643c.php 第 69 行.
NOTIC: [8] Undefined index: status D:\admins\Application\Runtime\Cache\Admin\bce2a69d8784dbaf44d668d2b19b643c.php 第 72 行.
NOTIC: [8] Undefined index: status D:\admins\Application\Runtime\Cache\Admin\bce2a69d8784dbaf44d668d2b19b643c.php 第 76 行.
NOTIC: [8] Undefined index: status D:\admins\Application\Runtime\Cache\Admin\bce2a69d8784dbaf44d668d2b19b643c.php 第 80 行.
NOTIC: [8] Undefined index: status D:\admins\Application\Runtime\Cache\Admin\bce2a69d8784dbaf44d668d2b19b643c.php 第 84 行.
NOTIC: [8] Undefined index: status D:\admins\Application\Runtime\Cache\Admin\bce2a69d8784dbaf44d668d2b19b643c.php 第 88 行.
NOTIC: [8] Undefined index: status D:\admins\Application\Runtime\Cache\Admin\bce2a69d8784dbaf44d668d2b19b643c.php 第 92 行.
NOTIC: [8] Undefined index: status D:\admins\Application\Runtime\Cache\Admin\bce2a69d8784dbaf44d668d2b19b643c.php 第 96 行.
NOTIC: [8] Undefined index: status D:\admins\Application\Runtime\Cache\Admin\bce2a69d8784dbaf44d668d2b19b643c.php 第 100 行.
NOTIC: [8] Undefined index: status D:\admins\Application\Runtime\Cache\Admin\bce2a69d8784dbaf44d668d2b19b643c.php 第 69 行.
NOTIC: [8] Undefined index: status D:\admins\Application\Runtime\Cache\Admin\bce2a69d8784dbaf44d668d2b19b643c.php 第 72 行.
NOTIC: [8] Undefined index: status D:\admins\Application\Runtime\Cache\Admin\bce2a69d8784dbaf44d668d2b19b643c.php 第 76 行.
NOTIC: [8] Undefined index: status D:\admins\Application\Runtime\Cache\Admin\bce2a69d8784dbaf44d668d2b19b643c.php 第 80 行.
NOTIC: [8] Undefined index: status D:\admins\Application\Runtime\Cache\Admin\bce2a69d8784dbaf44d668d2b19b643c.php 第 84 行.
NOTIC: [8] Undefined index: status D:\admins\Application\Runtime\Cache\Admin\bce2a69d8784dbaf44d668d2b19b643c.php 第 88 行.
NOTIC: [8] Undefined index: status D:\admins\Application\Runtime\Cache\Admin\bce2a69d8784dbaf44d668d2b19b643c.php 第 92 行.
NOTIC: [8] Undefined index: status D:\admins\Application\Runtime\Cache\Admin\bce2a69d8784dbaf44d668d2b19b643c.php 第 96 行.
NOTIC: [8] Undefined index: status D:\admins\Application\Runtime\Cache\Admin\bce2a69d8784dbaf44d668d2b19b643c.php 第 100 行.
INFO: Run Behavior\ParseTemplateBehavior [ RunTime:0.067874s ]
INFO: [ view_parse ] --END-- [ RunTime:0.067931s ]
INFO: [ view_filter ] --START--
INFO: Run Behavior\WriteHtmlCacheBehavior [ RunTime:0.000338s ]
INFO: [ view_filter ] --END-- [ RunTime:0.000369s ]
INFO: [ app_end ] --START--
INFO: Run Behavior\ShowPageTraceBehavior [ RunTime:0.000570s ]
INFO: [ app_end ] --END-- [ RunTime:0.000604s ]

[ 2018-03-24T10:08:38+08:00 ] 127.0.0.1 /admin.php/Vip/add.html
INFO: [ app_init ] --START--
INFO: Run Behavior\BuildLiteBehavior [ RunTime:0.000019s ]
INFO: [ app_init ] --END-- [ RunTime:0.000569s ]
INFO: [ app_begin ] --START--
INFO: Run Behavior\ReadHtmlCacheBehavior [ RunTime:0.000890s ]
INFO: [ app_begin ] --END-- [ RunTime:0.000961s ]
SQL: SHOW COLUMNS FROM `xg_site` [ RunTime:0.0360s ]
SQL: SELECT * FROM `xg_site` WHERE `siteid` = 1 LIMIT 1   [ RunTime:0.0006s ]
SQL: SHOW COLUMNS FROM `xg_auth` [ RunTime:0.0167s ]
SQL: SELECT * FROM `xg_auth` WHERE `id` = 1 LIMIT 1   [ RunTime:0.0005s ]
INFO: [ view_parse ] --START--
INFO: [ template_filter ] --START--
INFO: Run Behavior\ContentReplaceBehavior [ RunTime:0.000211s ]
INFO: [ template_filter ] --END-- [ RunTime:0.000359s ]
INFO: Run Behavior\ParseTemplateBehavior [ RunTime:0.209437s ]
INFO: [ view_parse ] --END-- [ RunTime:0.209520s ]
INFO: [ view_filter ] --START--
INFO: Run Behavior\WriteHtmlCacheBehavior [ RunTime:0.000329s ]
INFO: [ view_filter ] --END-- [ RunTime:0.000364s ]
INFO: [ app_end ] --START--
INFO: Run Behavior\ShowPageTraceBehavior [ RunTime:0.000646s ]
INFO: [ app_end ] --END-- [ RunTime:0.000682s ]

[ 2018-03-24T10:09:34+08:00 ] 127.0.0.1 /admin.php/Vip/doadd.html
INFO: [ app_init ] --START--
INFO: Run Behavior\BuildLiteBehavior [ RunTime:0.000018s ]
INFO: [ app_init ] --END-- [ RunTime:0.000501s ]
INFO: [ app_begin ] --START--
INFO: Run Behavior\ReadHtmlCacheBehavior [ RunTime:0.000720s ]
INFO: [ app_begin ] --END-- [ RunTime:0.000789s ]
SQL: SHOW COLUMNS FROM `xg_site` [ RunTime:0.0387s ]
SQL: SELECT * FROM `xg_site` WHERE `siteid` = 1 LIMIT 1   [ RunTime:0.0009s ]
SQL: SHOW COLUMNS FROM `xg_auth` [ RunTime:0.0257s ]
SQL: SELECT * FROM `xg_auth` WHERE `id` = 1 LIMIT 1   [ RunTime:0.0008s ]
SQL: SHOW COLUMNS FROM `xg_user` [ RunTime:0.0252s ]
SQL: SELECT * FROM `xg_user` WHERE `username` = '赵军' LIMIT 1   [ RunTime:0.0007s ]
INFO: [ app_end ] --START--
INFO: Run Behavior\ShowPageTraceBehavior [ RunTime:0.001833s ]
INFO: [ app_end ] --END-- [ RunTime:0.001967s ]

[ 2018-03-24T10:11:05+08:00 ] 127.0.0.1 /admin.php/Index/index.html
INFO: [ app_init ] --START--
INFO: Run Behavior\BuildLiteBehavior [ RunTime:0.000019s ]
INFO: [ app_init ] --END-- [ RunTime:0.000559s ]
INFO: [ app_begin ] --START--
INFO: Run Behavior\ReadHtmlCacheBehavior [ RunTime:0.001148s ]
INFO: [ app_begin ] --END-- [ RunTime:0.001266s ]
SQL: SHOW COLUMNS FROM `xg_site` [ RunTime:0.0392s ]
SQL: SELECT * FROM `xg_site` WHERE `siteid` = 1 LIMIT 1   [ RunTime:0.0009s ]
SQL: SHOW COLUMNS FROM `xg_auth` [ RunTime:0.0249s ]
SQL: SELECT * FROM `xg_auth` WHERE `id` = 1 LIMIT 1   [ RunTime:0.0006s ]
INFO: [ view_parse ] --START--
INFO: [ template_filter ] --START--
INFO: Run Behavior\ContentReplaceBehavior [ RunTime:0.000213s ]
INFO: [ template_filter ] --END-- [ RunTime:0.000275s ]
INFO: Run Behavior\ParseTemplateBehavior [ RunTime:0.074144s ]
INFO: [ view_parse ] --END-- [ RunTime:0.074216s ]
INFO: [ view_filter ] --START--
INFO: Run Behavior\WriteHtmlCacheBehavior [ RunTime:0.000335s ]
INFO: [ view_filter ] --END-- [ RunTime:0.000367s ]
INFO: [ app_end ] --START--
INFO: Run Behavior\ShowPageTraceBehavior [ RunTime:0.000542s ]
INFO: [ app_end ] --END-- [ RunTime:0.000576s ]

[ 2018-03-24T10:11:06+08:00 ] 127.0.0.1 /admin.php/index/summarize.html
INFO: [ app_init ] --START--
INFO: Run Behavior\BuildLiteBehavior [ RunTime:0.000014s ]
INFO: [ app_init ] --END-- [ RunTime:0.000394s ]
INFO: [ app_begin ] --START--
INFO: Run Behavior\ReadHtmlCacheBehavior [ RunTime:0.000531s ]
INFO: [ app_begin ] --END-- [ RunTime:0.000607s ]
SQL: SHOW COLUMNS FROM `xg_site` [ RunTime:0.0281s ]
SQL: SELECT * FROM `xg_site` WHERE `siteid` = 1 LIMIT 1   [ RunTime:0.0004s ]
SQL: SHOW COLUMNS FROM `xg_auth` [ RunTime:0.0099s ]
SQL: SELECT * FROM `xg_auth` WHERE `id` = 1 LIMIT 1   [ RunTime:0.0004s ]
SQL: select version() as ver [ RunTime:0.0002s ]
INFO: [ view_parse ] --START--
INFO: [ template_filter ] --START--
INFO: Run Behavior\ContentReplaceBehavior [ RunTime:0.000077s ]
INFO: [ template_filter ] --END-- [ RunTime:0.000120s ]
NOTIC: [8] Undefined variable: sel D:\admins\Application\Runtime\Cache\Admin\a91718f612b01347f17fdaf34b340690.php 第 16 行.
NOTIC: [8] Undefined variable: sel D:\admins\Application\Runtime\Cache\Admin\a91718f612b01347f17fdaf34b340690.php 第 16 行.
NOTIC: [8] Undefined variable: sel D:\admins\Application\Runtime\Cache\Admin\a91718f612b01347f17fdaf34b340690.php 第 16 行.
NOTIC: [8] Undefined variable: sel D:\admins\Application\Runtime\Cache\Admin\a91718f612b01347f17fdaf34b340690.php 第 21 行.
NOTIC: [8] Undefined variable: sel D:\admins\Application\Runtime\Cache\Admin\a91718f612b01347f17fdaf34b340690.php 第 21 行.
NOTIC: [8] Undefined variable: sel D:\admins\Application\Runtime\Cache\Admin\a91718f612b01347f17fdaf34b340690.php 第 21 行.
NOTIC: [8] Undefined variable: sel D:\admins\Application\Runtime\Cache\Admin\a91718f612b01347f17fdaf34b340690.php 第 21 行.
NOTIC: [8] Undefined variable: sel D:\admins\Application\Runtime\Cache\Admin\a91718f612b01347f17fdaf34b340690.php 第 24 行.
NOTIC: [8] Undefined variable: sel D:\admins\Application\Runtime\Cache\Admin\a91718f612b01347f17fdaf34b340690.php 第 24 行.
INFO: Run Behavior\ParseTemplateBehavior [ RunTime:0.010078s ]
INFO: [ view_parse ] --END-- [ RunTime:0.010133s ]
INFO: [ view_filter ] --START--
INFO: Run Behavior\WriteHtmlCacheBehavior [ RunTime:0.000263s ]
INFO: [ view_filter ] --END-- [ RunTime:0.000297s ]
INFO: [ app_end ] --START--
INFO: Run Behavior\ShowPageTraceBehavior [ RunTime:0.000522s ]
INFO: [ app_end ] --END-- [ RunTime:0.000557s ]

[ 2018-03-24T10:11:08+08:00 ] 127.0.0.1 /admin.php/Index/skin-config.html
INFO: [ app_init ] --START--
INFO: Run Behavior\BuildLiteBehavior [ RunTime:0.000016s ]
INFO: [ app_init ] --END-- [ RunTime:0.000447s ]
INFO: [ app_begin ] --START--
INFO: Run Behavior\ReadHtmlCacheBehavior [ RunTime:0.000864s ]
INFO: [ app_begin ] --END-- [ RunTime:0.000989s ]
SQL: SHOW COLUMNS FROM `xg_site` [ RunTime:0.0306s ]
SQL: SELECT * FROM `xg_site` WHERE `siteid` = 1 LIMIT 1   [ RunTime:0.0004s ]
SQL: SHOW COLUMNS FROM `xg_auth` [ RunTime:0.0095s ]
SQL: SELECT * FROM `xg_auth` WHERE `id` = 1 LIMIT 1   [ RunTime:0.0003s ]
ERR: 非法操作:skin-config

[ 2018-03-24T10:11:15+08:00 ] 127.0.0.1 /admin.php/Vip/index.html
INFO: [ app_init ] --START--
INFO: Run Behavior\BuildLiteBehavior [ RunTime:0.000034s ]
INFO: [ app_init ] --END-- [ RunTime:0.000682s ]
INFO: [ app_begin ] --START--
INFO: Run Behavior\ReadHtmlCacheBehavior [ RunTime:0.001105s ]
INFO: [ app_begin ] --END-- [ RunTime:0.001210s ]
SQL: SHOW COLUMNS FROM `xg_site` [ RunTime:0.0401s ]
SQL: SELECT * FROM `xg_site` WHERE `siteid` = 1 LIMIT 1   [ RunTime:0.0007s ]
SQL: SHOW COLUMNS FROM `xg_auth` [ RunTime:0.0170s ]
SQL: SELECT * FROM `xg_auth` WHERE `id` = 1 LIMIT 1   [ RunTime:0.0004s ]
SQL: SHOW COLUMNS FROM `xg_user` [ RunTime:0.0130s ]
NOTIC: [8] Undefined variable: map D:\admins\Application\Admin\Controller\VipController.class.php 第 15 行.
SQL: SELECT COUNT(*) AS tp_count FROM `xg_user` LIMIT 1   [ RunTime:0.0003s ]
NOTIC: [8] Undefined variable: map D:\admins\Application\Admin\Controller\VipController.class.php 第 17 行.
SQL: SELECT * FROM `xg_user` ORDER BY userid ASC LIMIT 0,10   [ RunTime:0.0004s ]
INFO: [ view_parse ] --START--
INFO: [ template_filter ] --START--
INFO: Run Behavior\ContentReplaceBehavior [ RunTime:0.000124s ]
INFO: [ template_filter ] --END-- [ RunTime:0.000202s ]
NOTIC: [8] Undefined variable: sel D:\admins\Application\Runtime\Cache\Admin\bce2a69d8784dbaf44d668d2b19b643c.php 第 16 行.
NOTIC: [8] Undefined variable: sel D:\admins\Application\Runtime\Cache\Admin\bce2a69d8784dbaf44d668d2b19b643c.php 第 16 行.
NOTIC: [8] Undefined variable: sel D:\admins\Application\Runtime\Cache\Admin\bce2a69d8784dbaf44d668d2b19b643c.php 第 16 行.
NOTIC: [8] Undefined variable: sel D:\admins\Application\Runtime\Cache\Admin\bce2a69d8784dbaf44d668d2b19b643c.php 第 21 行.
NOTIC: [8] Undefined variable: sel D:\admins\Application\Runtime\Cache\Admin\bce2a69d8784dbaf44d668d2b19b643c.php 第 21 行.
NOTIC: [8] Undefined variable: sel D:\admins\Application\Runtime\Cache\Admin\bce2a69d8784dbaf44d668d2b19b643c.php 第 21 行.
NOTIC: [8] Undefined variable: sel D:\admins\Application\Runtime\Cache\Admin\bce2a69d8784dbaf44d668d2b19b643c.php 第 21 行.
NOTIC: [8] Undefined variable: sel D:\admins\Application\Runtime\Cache\Admin\bce2a69d8784dbaf44d668d2b19b643c.php 第 24 行.
NOTIC: [8] Undefined variable: sel D:\admins\Application\Runtime\Cache\Admin\bce2a69d8784dbaf44d668d2b19b643c.php 第 24 行.
NOTIC: [8] Undefined index: status D:\admins\Application\Runtime\Cache\Admin\bce2a69d8784dbaf44d668d2b19b643c.php 第 69 行.
NOTIC: [8] Undefined index: status D:\admins\Application\Runtime\Cache\Admin\bce2a69d8784dbaf44d668d2b19b643c.php 第 72 行.
NOTIC: [8] Undefined index: status D:\admins\Application\Runtime\Cache\Admin\bce2a69d8784dbaf44d668d2b19b643c.php 第 76 行.
NOTIC: [8] Undefined index: status D:\admins\Application\Runtime\Cache\Admin\bce2a69d8784dbaf44d668d2b19b643c.php 第 80 行.
NOTIC: [8] Undefined index: status D:\admins\Application\Runtime\Cache\Admin\bce2a69d8784dbaf44d668d2b19b643c.php 第 84 行.
NOTIC: [8] Undefined index: status D:\admins\Application\Runtime\Cache\Admin\bce2a69d8784dbaf44d668d2b19b643c.php 第 88 行.
NOTIC: [8] Undefined index: status D:\admins\Application\Runtime\Cache\Admin\bce2a69d8784dbaf44d668d2b19b643c.php 第 92 行.
NOTIC: [8] Undefined index: status D:\admins\Application\Runtime\Cache\Admin\bce2a69d8784dbaf44d668d2b19b643c.php 第 96 行.
NOTIC: [8] Undefined index: status D:\admins\Application\Runtime\Cache\Admin\bce2a69d8784dbaf44d668d2b19b643c.php 第 100 行.
NOTIC: [8] Undefined index: status D:\admins\Application\Runtime\Cache\Admin\bce2a69d8784dbaf44d668d2b19b643c.php 第 69 行.
NOTIC: [8] Undefined index: status D:\admins\Application\Runtime\Cache\Admin\bce2a69d8784dbaf44d668d2b19b643c.php 第 72 行.
NOTIC: [8] Undefined index: status D:\admins\Application\Runtime\Cache\Admin\bce2a69d8784dbaf44d668d2b19b643c.php 第 76 行.
NOTIC: [8] Undefined index: status D:\admins\Application\Runtime\Cache\Admin\bce2a69d8784dbaf44d668d2b19b643c.php 第 80 行.
NOTIC: [8] Undefined index: status D:\admins\Application\Runtime\Cache\Admin\bce2a69d8784dbaf44d668d2b19b643c.php 第 84 行.
NOTIC: [8] Undefined index: status D:\admins\Application\Runtime\Cache\Admin\bce2a69d8784dbaf44d668d2b19b643c.php 第 88 行.
NOTIC: [8] Undefined index: status D:\admins\Application\Runtime\Cache\Admin\bce2a69d8784dbaf44d668d2b19b643c.php 第 92 行.
NOTIC: [8] Undefined index: status D:\admins\Application\Runtime\Cache\Admin\bce2a69d8784dbaf44d668d2b19b643c.php 第 96 行.
NOTIC: [8] Undefined index: status D:\admins\Application\Runtime\Cache\Admin\bce2a69d8784dbaf44d668d2b19b643c.php 第 100 行.
INFO: Run Behavior\ParseTemplateBehavior [ RunTime:0.019019s ]
INFO: [ view_parse ] --END-- [ RunTime:0.019085s ]
INFO: [ view_filter ] --START--
INFO: Run Behavior\WriteHtmlCacheBehavior [ RunTime:0.000435s ]
INFO: [ view_filter ] --END-- [ RunTime:0.000477s ]
INFO: [ app_end ] --START--
INFO: Run Behavior\ShowPageTraceBehavior [ RunTime:0.000761s ]
INFO: [ app_end ] --END-- [ RunTime:0.000806s ]

[ 2018-03-24T10:11:20+08:00 ] 127.0.0.1 /admin.php/Vip/add.html
INFO: [ app_init ] --START--
INFO: Run Behavior\BuildLiteBehavior [ RunTime:0.000013s ]
INFO: [ app_init ] --END-- [ RunTime:0.000369s ]
INFO: [ app_begin ] --START--
INFO: Run Behavior\ReadHtmlCacheBehavior [ RunTime:0.000538s ]
INFO: [ app_begin ] --END-- [ RunTime:0.000589s ]
SQL: SHOW COLUMNS FROM `xg_site` [ RunTime:0.0366s ]
SQL: SELECT * FROM `xg_site` WHERE `siteid` = 1 LIMIT 1   [ RunTime:0.0006s ]
SQL: SHOW COLUMNS FROM `xg_auth` [ RunTime:0.0127s ]
SQL: SELECT * FROM `xg_auth` WHERE `id` = 1 LIMIT 1   [ RunTime:0.0004s ]
INFO: [ view_parse ] --START--
INFO: [ template_filter ] --START--
INFO: Run Behavior\ContentReplaceBehavior [ RunTime:0.000102s ]
INFO: [ template_filter ] --END-- [ RunTime:0.000170s ]
INFO: Run Behavior\ParseTemplateBehavior [ RunTime:0.013081s ]
INFO: [ view_parse ] --END-- [ RunTime:0.013153s ]
INFO: [ view_filter ] --START--
INFO: Run Behavior\WriteHtmlCacheBehavior [ RunTime:0.000300s ]
INFO: [ view_filter ] --END-- [ RunTime:0.000343s ]
INFO: [ app_end ] --START--
INFO: Run Behavior\ShowPageTraceBehavior [ RunTime:0.000651s ]
INFO: [ app_end ] --END-- [ RunTime:0.000699s ]

[ 2018-03-24T10:12:15+08:00 ] 127.0.0.1 /admin.php/Index/index.html
INFO: [ app_init ] --START--
INFO: Run Behavior\BuildLiteBehavior [ RunTime:0.000014s ]
INFO: [ app_init ] --END-- [ RunTime:0.000374s ]
INFO: [ app_begin ] --START--
INFO: Run Behavior\ReadHtmlCacheBehavior [ RunTime:0.000555s ]
INFO: [ app_begin ] --END-- [ RunTime:0.000604s ]
SQL: SHOW COLUMNS FROM `xg_site` [ RunTime:0.0220s ]
SQL: SELECT * FROM `xg_site` WHERE `siteid` = 1 LIMIT 1   [ RunTime:0.0005s ]
SQL: SHOW COLUMNS FROM `xg_auth` [ RunTime:0.0171s ]
SQL: SELECT * FROM `xg_auth` WHERE `id` = 1 LIMIT 1   [ RunTime:0.0004s ]
INFO: [ view_parse ] --START--
INFO: [ template_filter ] --START--
INFO: Run Behavior\ContentReplaceBehavior [ RunTime:0.000270s ]
INFO: [ template_filter ] --END-- [ RunTime:0.000337s ]
INFO: Run Behavior\ParseTemplateBehavior [ RunTime:0.071437s ]
INFO: [ view_parse ] --END-- [ RunTime:0.071498s ]
INFO: [ view_filter ] --START--
INFO: Run Behavior\WriteHtmlCacheBehavior [ RunTime:0.000229s ]
INFO: [ view_filter ] --END-- [ RunTime:0.000261s ]
INFO: [ app_end ] --START--
INFO: Run Behavior\ShowPageTraceBehavior [ RunTime:0.000462s ]
INFO: [ app_end ] --END-- [ RunTime:0.000494s ]

[ 2018-03-24T10:12:16+08:00 ] 127.0.0.1 /admin.php/index/summarize.html
INFO: [ app_init ] --START--
INFO: Run Behavior\BuildLiteBehavior [ RunTime:0.000012s ]
INFO: [ app_init ] --END-- [ RunTime:0.000317s ]
INFO: [ app_begin ] --START--
INFO: Run Behavior\ReadHtmlCacheBehavior [ RunTime:0.000466s ]
INFO: [ app_begin ] --END-- [ RunTime:0.000509s ]
SQL: SHOW COLUMNS FROM `xg_site` [ RunTime:0.0400s ]
SQL: SELECT * FROM `xg_site` WHERE `siteid` = 1 LIMIT 1   [ RunTime:0.0011s ]
SQL: SHOW COLUMNS FROM `xg_auth` [ RunTime:0.0266s ]
SQL: SELECT * FROM `xg_auth` WHERE `id` = 1 LIMIT 1   [ RunTime:0.0008s ]
SQL: select version() as ver [ RunTime:0.0004s ]
INFO: [ view_parse ] --START--
INFO: [ template_filter ] --START--
INFO: Run Behavior\ContentReplaceBehavior [ RunTime:0.000182s ]
INFO: [ template_filter ] --END-- [ RunTime:0.000306s ]
NOTIC: [8] Undefined variable: sel D:\admins\Application\Runtime\Cache\Admin\a91718f612b01347f17fdaf34b340690.php 第 16 行.
NOTIC: [8] Undefined variable: sel D:\admins\Application\Runtime\Cache\Admin\a91718f612b01347f17fdaf34b340690.php 第 16 行.
NOTIC: [8] Undefined variable: sel D:\admins\Application\Runtime\Cache\Admin\a91718f612b01347f17fdaf34b340690.php 第 16 行.
NOTIC: [8] Undefined variable: sel D:\admins\Application\Runtime\Cache\Admin\a91718f612b01347f17fdaf34b340690.php 第 21 行.
NOTIC: [8] Undefined variable: sel D:\admins\Application\Runtime\Cache\Admin\a91718f612b01347f17fdaf34b340690.php 第 21 行.
NOTIC: [8] Undefined variable: sel D:\admins\Application\Runtime\Cache\Admin\a91718f612b01347f17fdaf34b340690.php 第 21 行.
NOTIC: [8] Undefined variable: sel D:\admins\Application\Runtime\Cache\Admin\a91718f612b01347f17fdaf34b340690.php 第 21 行.
NOTIC: [8] Undefined variable: sel D:\admins\Application\Runtime\Cache\Admin\a91718f612b01347f17fdaf34b340690.php 第 24 行.
NOTIC: [8] Undefined variable: sel D:\admins\Application\Runtime\Cache\Admin\a91718f612b01347f17fdaf34b340690.php 第 24 行.
INFO: Run Behavior\ParseTemplateBehavior [ RunTime:0.023882s ]
INFO: [ view_parse ] --END-- [ RunTime:0.023977s ]
INFO: [ view_filter ] --START--
INFO: Run Behavior\WriteHtmlCacheBehavior [ RunTime:0.000418s ]
INFO: [ view_filter ] --END-- [ RunTime:0.000473s ]
INFO: [ app_end ] --START--
INFO: Run Behavior\ShowPageTraceBehavior [ RunTime:0.000886s ]
INFO: [ app_end ] --END-- [ RunTime:0.000948s ]

[ 2018-03-24T10:12:17+08:00 ] 127.0.0.1 /admin.php/Index/skin-config.html
INFO: [ app_init ] --START--
INFO: Run Behavior\BuildLiteBehavior [ RunTime:0.000017s ]
INFO: [ app_init ] --END-- [ RunTime:0.000450s ]
INFO: [ app_begin ] --START--
INFO: Run Behavior\ReadHtmlCacheBehavior [ RunTime:0.000672s ]
INFO: [ app_begin ] --END-- [ RunTime:0.000715s ]
SQL: SHOW COLUMNS FROM `xg_site` [ RunTime:0.0277s ]
SQL: SELECT * FROM `xg_site` WHERE `siteid` = 1 LIMIT 1   [ RunTime:0.0006s ]
SQL: SHOW COLUMNS FROM `xg_auth` [ RunTime:0.0178s ]
SQL: SELECT * FROM `xg_auth` WHERE `id` = 1 LIMIT 1   [ RunTime:0.0007s ]
ERR: 非法操作:skin-config

[ 2018-03-24T10:12:19+08:00 ] 127.0.0.1 /admin.php/Vip/index.html
INFO: [ app_init ] --START--
INFO: Run Behavior\BuildLiteBehavior [ RunTime:0.000036s ]
INFO: [ app_init ] --END-- [ RunTime:0.000953s ]
INFO: [ app_begin ] --START--
INFO: Run Behavior\ReadHtmlCacheBehavior [ RunTime:0.000547s ]
INFO: [ app_begin ] --END-- [ RunTime:0.000598s ]
SQL: SHOW COLUMNS FROM `xg_site` [ RunTime:0.0401s ]
SQL: SELECT * FROM `xg_site` WHERE `siteid` = 1 LIMIT 1   [ RunTime:0.0009s ]
SQL: SHOW COLUMNS FROM `xg_auth` [ RunTime:0.0255s ]
SQL: SELECT * FROM `xg_auth` WHERE `id` = 1 LIMIT 1   [ RunTime:0.0006s ]
SQL: SHOW COLUMNS FROM `xg_user` [ RunTime:0.0133s ]
NOTIC: [8] Undefined variable: map D:\admins\Application\Admin\Controller\VipController.class.php 第 15 行.
SQL: SELECT COUNT(*) AS tp_count FROM `xg_user` LIMIT 1   [ RunTime:0.0003s ]
NOTIC: [8] Undefined variable: map D:\admins\Application\Admin\Controller\VipController.class.php 第 17 行.
SQL: SELECT * FROM `xg_user` ORDER BY userid ASC LIMIT 0,10   [ RunTime:0.0004s ]
INFO: [ view_parse ] --START--
INFO: [ template_filter ] --START--
INFO: Run Behavior\ContentReplaceBehavior [ RunTime:0.000119s ]
INFO: [ template_filter ] --END-- [ RunTime:0.000192s ]
NOTIC: [8] Undefined variable: sel D:\admins\Application\Runtime\Cache\Admin\bce2a69d8784dbaf44d668d2b19b643c.php 第 16 行.
NOTIC: [8] Undefined variable: sel D:\admins\Application\Runtime\Cache\Admin\bce2a69d8784dbaf44d668d2b19b643c.php 第 16 行.
NOTIC: [8] Undefined variable: sel D:\admins\Application\Runtime\Cache\Admin\bce2a69d8784dbaf44d668d2b19b643c.php 第 16 行.
NOTIC: [8] Undefined variable: sel D:\admins\Application\Runtime\Cache\Admin\bce2a69d8784dbaf44d668d2b19b643c.php 第 21 行.
NOTIC: [8] Undefined variable: sel D:\admins\Application\Runtime\Cache\Admin\bce2a69d8784dbaf44d668d2b19b643c.php 第 21 行.
NOTIC: [8] Undefined variable: sel D:\admins\Application\Runtime\Cache\Admin\bce2a69d8784dbaf44d668d2b19b643c.php 第 21 行.
NOTIC: [8] Undefined variable: sel D:\admins\Application\Runtime\Cache\Admin\bce2a69d8784dbaf44d668d2b19b643c.php 第 21 行.
NOTIC: [8] Undefined variable: sel D:\admins\Application\Runtime\Cache\Admin\bce2a69d8784dbaf44d668d2b19b643c.php 第 24 行.
NOTIC: [8] Undefined variable: sel D:\admins\Application\Runtime\Cache\Admin\bce2a69d8784dbaf44d668d2b19b643c.php 第 24 行.
NOTIC: [8] Undefined index: status D:\admins\Application\Runtime\Cache\Admin\bce2a69d8784dbaf44d668d2b19b643c.php 第 69 行.
NOTIC: [8] Undefined index: status D:\admins\Application\Runtime\Cache\Admin\bce2a69d8784dbaf44d668d2b19b643c.php 第 72 行.
NOTIC: [8] Undefined index: status D:\admins\Application\Runtime\Cache\Admin\bce2a69d8784dbaf44d668d2b19b643c.php 第 76 行.
NOTIC: [8] Undefined index: status D:\admins\Application\Runtime\Cache\Admin\bce2a69d8784dbaf44d668d2b19b643c.php 第 80 行.
NOTIC: [8] Undefined index: status D:\admins\Application\Runtime\Cache\Admin\bce2a69d8784dbaf44d668d2b19b643c.php 第 84 行.
NOTIC: [8] Undefined index: status D:\admins\Application\Runtime\Cache\Admin\bce2a69d8784dbaf44d668d2b19b643c.php 第 88 行.
NOTIC: [8] Undefined index: status D:\admins\Application\Runtime\Cache\Admin\bce2a69d8784dbaf44d668d2b19b643c.php 第 92 行.
NOTIC: [8] Undefined index: status D:\admins\Application\Runtime\Cache\Admin\bce2a69d8784dbaf44d668d2b19b643c.php 第 96 行.
NOTIC: [8] Undefined index: status D:\admins\Application\Runtime\Cache\Admin\bce2a69d8784dbaf44d668d2b19b643c.php 第 100 行.
NOTIC: [8] Undefined index: status D:\admins\Application\Runtime\Cache\Admin\bce2a69d8784dbaf44d668d2b19b643c.php 第 69 行.
NOTIC: [8] Undefined index: status D:\admins\Application\Runtime\Cache\Admin\bce2a69d8784dbaf44d668d2b19b643c.php 第 72 行.
NOTIC: [8] Undefined index: status D:\admins\Application\Runtime\Cache\Admin\bce2a69d8784dbaf44d668d2b19b643c.php 第 76 行.
NOTIC: [8] Undefined index: status D:\admins\Application\Runtime\Cache\Admin\bce2a69d8784dbaf44d668d2b19b643c.php 第 80 行.
NOTIC: [8] Undefined index: status D:\admins\Application\Runtime\Cache\Admin\bce2a69d8784dbaf44d668d2b19b643c.php 第 84 行.
NOTIC: [8] Undefined index: status D:\admins\Application\Runtime\Cache\Admin\bce2a69d8784dbaf44d668d2b19b643c.php 第 88 行.
NOTIC: [8] Undefined index: status D:\admins\Application\Runtime\Cache\Admin\bce2a69d8784dbaf44d668d2b19b643c.php 第 92 行.
NOTIC: [8] Undefined index: status D:\admins\Application\Runtime\Cache\Admin\bce2a69d8784dbaf44d668d2b19b643c.php 第 96 行.
NOTIC: [8] Undefined index: status D:\admins\Application\Runtime\Cache\Admin\bce2a69d8784dbaf44d668d2b19b643c.php 第 100 行.
INFO: Run Behavior\ParseTemplateBehavior [ RunTime:0.018427s ]
INFO: [ view_parse ] --END-- [ RunTime:0.018517s ]
INFO: [ view_filter ] --START--
INFO: Run Behavior\WriteHtmlCacheBehavior [ RunTime:0.000394s ]
INFO: [ view_filter ] --END-- [ RunTime:0.000446s ]
INFO: [ app_end ] --START--
INFO: Run Behavior\ShowPageTraceBehavior [ RunTime:0.000810s ]
INFO: [ app_end ] --END-- [ RunTime:0.000866s ]

[ 2018-03-24T10:12:24+08:00 ] 127.0.0.1 /admin.php/Vip/add.html
INFO: [ app_init ] --START--
INFO: Run Behavior\BuildLiteBehavior [ RunTime:0.000019s ]
INFO: [ app_init ] --END-- [ RunTime:0.000496s ]
INFO: [ app_begin ] --START--
INFO: Run Behavior\ReadHtmlCacheBehavior [ RunTime:0.000724s ]
INFO: [ app_begin ] --END-- [ RunTime:0.000792s ]
SQL: SHOW COLUMNS FROM `xg_site` [ RunTime:0.0333s ]
SQL: SELECT * FROM `xg_site` WHERE `siteid` = 1 LIMIT 1   [ RunTime:0.0009s ]
SQL: SHOW COLUMNS FROM `xg_auth` [ RunTime:0.0166s ]
SQL: SELECT * FROM `xg_auth` WHERE `id` = 1 LIMIT 1   [ RunTime:0.0003s ]
INFO: [ view_parse ] --START--
INFO: [ template_filter ] --START--
INFO: Run Behavior\ContentReplaceBehavior [ RunTime:0.000068s ]
INFO: [ template_filter ] --END-- [ RunTime:0.000113s ]
INFO: Run Behavior\ParseTemplateBehavior [ RunTime:0.009052s ]
INFO: [ view_parse ] --END-- [ RunTime:0.009101s ]
INFO: [ view_filter ] --START--
INFO: Run Behavior\WriteHtmlCacheBehavior [ RunTime:0.000249s ]
INFO: [ view_filter ] --END-- [ RunTime:0.000287s ]
INFO: [ app_end ] --START--
INFO: Run Behavior\ShowPageTraceBehavior [ RunTime:0.000538s ]
INFO: [ app_end ] --END-- [ RunTime:0.000576s ]

[ 2018-03-24T10:12:49+08:00 ] 127.0.0.1 /admin.php/Vip/doadd.html
INFO: [ app_init ] --START--
INFO: Run Behavior\BuildLiteBehavior [ RunTime:0.000014s ]
INFO: [ app_init ] --END-- [ RunTime:0.000439s ]
INFO: [ app_begin ] --START--
INFO: Run Behavior\ReadHtmlCacheBehavior [ RunTime:0.000666s ]
INFO: [ app_begin ] --END-- [ RunTime:0.000719s ]
SQL: SHOW COLUMNS FROM `xg_site` [ RunTime:0.0333s ]
SQL: SELECT * FROM `xg_site` WHERE `siteid` = 1 LIMIT 1   [ RunTime:0.0009s ]
SQL: SHOW COLUMNS FROM `xg_auth` [ RunTime:0.0248s ]
SQL: SELECT * FROM `xg_auth` WHERE `id` = 1 LIMIT 1   [ RunTime:0.0008s ]
SQL: SHOW COLUMNS FROM `xg_user` [ RunTime:0.0248s ]
SQL: SELECT * FROM `xg_user` WHERE `username` = '罗斌' LIMIT 1   [ RunTime:0.0007s ]
SQL: INSERT INTO `xg_user` (`username`,`money`,`betting`,`system_date`,`update_date`) VALUES ('罗斌','20000','100','1521857544','1521857569') [ RunTime:0.0007s ]

[ 2018-03-24T10:16:19+08:00 ] 127.0.0.1 /admin.php/Index/index.html
INFO: [ app_init ] --START--
INFO: Run Behavior\BuildLiteBehavior [ RunTime:0.000020s ]
INFO: [ app_init ] --END-- [ RunTime:0.000577s ]
INFO: [ app_begin ] --START--
INFO: Run Behavior\ReadHtmlCacheBehavior [ RunTime:0.000797s ]
INFO: [ app_begin ] --END-- [ RunTime:0.000859s ]
SQL: SHOW COLUMNS FROM `xg_site` [ RunTime:0.0342s ]
SQL: SELECT * FROM `xg_site` WHERE `siteid` = 1 LIMIT 1   [ RunTime:0.0010s ]
SQL: SHOW COLUMNS FROM `xg_auth` [ RunTime:0.0256s ]
SQL: SELECT * FROM `xg_auth` WHERE `id` = 1 LIMIT 1   [ RunTime:0.0008s ]
INFO: [ view_parse ] --START--
INFO: [ template_filter ] --START--
INFO: Run Behavior\ContentReplaceBehavior [ RunTime:0.000212s ]
INFO: [ template_filter ] --END-- [ RunTime:0.000266s ]
INFO: Run Behavior\ParseTemplateBehavior [ RunTime:0.079364s ]
INFO: [ view_parse ] --END-- [ RunTime:0.079460s ]
INFO: [ view_filter ] --START--
INFO: Run Behavior\WriteHtmlCacheBehavior [ RunTime:0.000326s ]
INFO: [ view_filter ] --END-- [ RunTime:0.000359s ]
INFO: [ app_end ] --START--
INFO: Run Behavior\ShowPageTraceBehavior [ RunTime:0.000547s ]
INFO: [ app_end ] --END-- [ RunTime:0.000580s ]

[ 2018-03-24T10:16:20+08:00 ] 127.0.0.1 /admin.php/index/summarize.html
INFO: [ app_init ] --START--
INFO: Run Behavior\BuildLiteBehavior [ RunTime:0.000013s ]
INFO: [ app_init ] --END-- [ RunTime:0.000355s ]
INFO: [ app_begin ] --START--
INFO: Run Behavior\ReadHtmlCacheBehavior [ RunTime:0.000611s ]
INFO: [ app_begin ] --END-- [ RunTime:0.000692s ]
SQL: SHOW COLUMNS FROM `xg_site` [ RunTime:0.0219s ]
SQL: SELECT * FROM `xg_site` WHERE `siteid` = 1 LIMIT 1   [ RunTime:0.0005s ]
SQL: SHOW COLUMNS FROM `xg_auth` [ RunTime:0.0122s ]
SQL: SELECT * FROM `xg_auth` WHERE `id` = 1 LIMIT 1   [ RunTime:0.0003s ]
SQL: select version() as ver [ RunTime:0.0002s ]
INFO: [ view_parse ] --START--
INFO: [ template_filter ] --START--
INFO: Run Behavior\ContentReplaceBehavior [ RunTime:0.000079s ]
INFO: [ template_filter ] --END-- [ RunTime:0.000129s ]
NOTIC: [8] Undefined variable: sel D:\admins\Application\Runtime\Cache\Admin\a91718f612b01347f17fdaf34b340690.php 第 16 行.
NOTIC: [8] Undefined variable: sel D:\admins\Application\Runtime\Cache\Admin\a91718f612b01347f17fdaf34b340690.php 第 16 行.
NOTIC: [8] Undefined variable: sel D:\admins\Application\Runtime\Cache\Admin\a91718f612b01347f17fdaf34b340690.php 第 16 行.
NOTIC: [8] Undefined variable: sel D:\admins\Application\Runtime\Cache\Admin\a91718f612b01347f17fdaf34b340690.php 第 21 行.
NOTIC: [8] Undefined variable: sel D:\admins\Application\Runtime\Cache\Admin\a91718f612b01347f17fdaf34b340690.php 第 21 行.
NOTIC: [8] Undefined variable: sel D:\admins\Application\Runtime\Cache\Admin\a91718f612b01347f17fdaf34b340690.php 第 21 行.
NOTIC: [8] Undefined variable: sel D:\admins\Application\Runtime\Cache\Admin\a91718f612b01347f17fdaf34b340690.php 第 21 行.
NOTIC: [8] Undefined variable: sel D:\admins\Application\Runtime\Cache\Admin\a91718f612b01347f17fdaf34b340690.php 第 24 行.
NOTIC: [8] Undefined variable: sel D:\admins\Application\Runtime\Cache\Admin\a91718f612b01347f17fdaf34b340690.php 第 24 行.
INFO: Run Behavior\ParseTemplateBehavior [ RunTime:0.010759s ]
INFO: [ view_parse ] --END-- [ RunTime:0.010805s ]
INFO: [ view_filter ] --START--
INFO: Run Behavior\WriteHtmlCacheBehavior [ RunTime:0.000328s ]
INFO: [ view_filter ] --END-- [ RunTime:0.000368s ]
INFO: [ app_end ] --START--
INFO: Run Behavior\ShowPageTraceBehavior [ RunTime:0.000587s ]
INFO: [ app_end ] --END-- [ RunTime:0.000627s ]

[ 2018-03-24T10:16:21+08:00 ] 127.0.0.1 /admin.php/Index/skin-config.html
INFO: [ app_init ] --START--
INFO: Run Behavior\BuildLiteBehavior [ RunTime:0.000014s ]
INFO: [ app_init ] --END-- [ RunTime:0.000402s ]
INFO: [ app_begin ] --START--
INFO: Run Behavior\ReadHtmlCacheBehavior [ RunTime:0.000618s ]
INFO: [ app_begin ] --END-- [ RunTime:0.000663s ]
SQL: SHOW COLUMNS FROM `xg_site` [ RunTime:0.0112s ]
SQL: SELECT * FROM `xg_site` WHERE `siteid` = 1 LIMIT 1   [ RunTime:0.0004s ]
SQL: SHOW COLUMNS FROM `xg_auth` [ RunTime:0.0093s ]
SQL: SELECT * FROM `xg_auth` WHERE `id` = 1 LIMIT 1   [ RunTime:0.0003s ]
ERR: 非法操作:skin-config

[ 2018-03-24T10:16:43+08:00 ] 127.0.0.1 /admin.php/Vip/index.html
INFO: [ app_init ] --START--
INFO: Run Behavior\BuildLiteBehavior [ RunTime:0.000020s ]
INFO: [ app_init ] --END-- [ RunTime:0.000640s ]
INFO: [ app_begin ] --START--
INFO: Run Behavior\ReadHtmlCacheBehavior [ RunTime:0.000798s ]
INFO: [ app_begin ] --END-- [ RunTime:0.000871s ]
SQL: SHOW COLUMNS FROM `xg_site` [ RunTime:0.0380s ]
SQL: SELECT * FROM `xg_site` WHERE `siteid` = 1 LIMIT 1   [ RunTime:0.0006s ]
SQL: SHOW COLUMNS FROM `xg_auth` [ RunTime:0.0171s ]
SQL: SELECT * FROM `xg_auth` WHERE `id` = 1 LIMIT 1   [ RunTime:0.0006s ]
SQL: SHOW COLUMNS FROM `xg_user` [ RunTime:0.0164s ]
NOTIC: [8] Undefined variable: map D:\admins\Application\Admin\Controller\VipController.class.php 第 15 行.
SQL: SELECT COUNT(*) AS tp_count FROM `xg_user` LIMIT 1   [ RunTime:0.0004s ]
NOTIC: [8] Undefined variable: map D:\admins\Application\Admin\Controller\VipController.class.php 第 17 行.
SQL: SELECT * FROM `xg_user` ORDER BY userid ASC LIMIT 0,10   [ RunTime:0.0004s ]
INFO: [ view_parse ] --START--
INFO: [ template_filter ] --START--
INFO: Run Behavior\ContentReplaceBehavior [ RunTime:0.000097s ]
INFO: [ template_filter ] --END-- [ RunTime:0.000161s ]
NOTIC: [8] Undefined variable: sel D:\admins\Application\Runtime\Cache\Admin\bce2a69d8784dbaf44d668d2b19b643c.php 第 16 行.
NOTIC: [8] Undefined variable: sel D:\admins\Application\Runtime\Cache\Admin\bce2a69d8784dbaf44d668d2b19b643c.php 第 16 行.
NOTIC: [8] Undefined variable: sel D:\admins\Application\Runtime\Cache\Admin\bce2a69d8784dbaf44d668d2b19b643c.php 第 16 行.
NOTIC: [8] Undefined variable: sel D:\admins\Application\Runtime\Cache\Admin\bce2a69d8784dbaf44d668d2b19b643c.php 第 21 行.
NOTIC: [8] Undefined variable: sel D:\admins\Application\Runtime\Cache\Admin\bce2a69d8784dbaf44d668d2b19b643c.php 第 21 行.
NOTIC: [8] Undefined variable: sel D:\admins\Application\Runtime\Cache\Admin\bce2a69d8784dbaf44d668d2b19b643c.php 第 21 行.
NOTIC: [8] Undefined variable: sel D:\admins\Application\Runtime\Cache\Admin\bce2a69d8784dbaf44d668d2b19b643c.php 第 21 行.
NOTIC: [8] Undefined variable: sel D:\admins\Application\Runtime\Cache\Admin\bce2a69d8784dbaf44d668d2b19b643c.php 第 24 行.
NOTIC: [8] Undefined variable: sel D:\admins\Application\Runtime\Cache\Admin\bce2a69d8784dbaf44d668d2b19b643c.php 第 24 行.
INFO: Run Behavior\ParseTemplateBehavior [ RunTime:0.019726s ]
INFO: [ view_parse ] --END-- [ RunTime:0.019789s ]
INFO: [ view_filter ] --START--
INFO: Run Behavior\WriteHtmlCacheBehavior [ RunTime:0.000380s ]
INFO: [ view_filter ] --END-- [ RunTime:0.000416s ]
INFO: [ app_end ] --START--
INFO: Run Behavior\ShowPageTraceBehavior [ RunTime:0.000661s ]
INFO: [ app_end ] --END-- [ RunTime:0.000700s ]

[ 2018-03-24T10:16:45+08:00 ] 127.0.0.1 /admin.php/Vip/add.html
INFO: [ app_init ] --START--
INFO: Run Behavior\BuildLiteBehavior [ RunTime:0.000011s ]
INFO: [ app_init ] --END-- [ RunTime:0.000310s ]
INFO: [ app_begin ] --START--
INFO: Run Behavior\ReadHtmlCacheBehavior [ RunTime:0.000449s ]
INFO: [ app_begin ] --END-- [ RunTime:0.000492s ]
SQL: SHOW COLUMNS FROM `xg_site` [ RunTime:0.0376s ]
SQL: SELECT * FROM `xg_site` WHERE `siteid` = 1 LIMIT 1   [ RunTime:0.0009s ]
SQL: SHOW COLUMNS FROM `xg_auth` [ RunTime:0.0242s ]
SQL: SELECT * FROM `xg_auth` WHERE `id` = 1 LIMIT 1   [ RunTime:0.0009s ]
INFO: [ view_parse ] --START--
INFO: [ template_filter ] --START--
INFO: Run Behavior\ContentReplaceBehavior [ RunTime:0.000134s ]
INFO: [ template_filter ] --END-- [ RunTime:0.000226s ]
INFO: Run Behavior\ParseTemplateBehavior [ RunTime:0.025112s ]
INFO: [ view_parse ] --END-- [ RunTime:0.025229s ]
INFO: [ view_filter ] --START--
INFO: Run Behavior\WriteHtmlCacheBehavior [ RunTime:0.000587s ]
INFO: [ view_filter ] --END-- [ RunTime:0.000678s ]
INFO: [ app_end ] --START--
INFO: Run Behavior\ShowPageTraceBehavior [ RunTime:0.001097s ]
INFO: [ app_end ] --END-- [ RunTime:0.001178s ]

[ 2018-03-24T10:16:48+08:00 ] 127.0.0.1 /admin.php
INFO: [ app_init ] --START--
INFO: Run Behavior\BuildLiteBehavior [ RunTime:0.000014s ]
INFO: [ app_init ] --END-- [ RunTime:0.000417s ]
INFO: [ app_begin ] --START--
INFO: Run Behavior\ReadHtmlCacheBehavior [ RunTime:0.000777s ]
INFO: [ app_begin ] --END-- [ RunTime:0.000830s ]

[ 2018-03-24T10:17:09+08:00 ] 127.0.0.1 /admin.php/Vip/doadd.html
INFO: [ app_init ] --START--
INFO: Run Behavior\BuildLiteBehavior [ RunTime:0.000018s ]
INFO: [ app_init ] --END-- [ RunTime:0.000495s ]
INFO: [ app_begin ] --START--
INFO: Run Behavior\ReadHtmlCacheBehavior [ RunTime:0.000715s ]
INFO: [ app_begin ] --END-- [ RunTime:0.000783s ]
SQL: SHOW COLUMNS FROM `xg_site` [ RunTime:0.0309s ]
SQL: SELECT * FROM `xg_site` WHERE `siteid` = 1 LIMIT 1   [ RunTime:0.0003s ]
SQL: SHOW COLUMNS FROM `xg_auth` [ RunTime:0.0095s ]
SQL: SELECT * FROM `xg_auth` WHERE `id` = 1 LIMIT 1   [ RunTime:0.0003s ]
SQL: SHOW COLUMNS FROM `xg_user` [ RunTime:0.0094s ]
SQL: SELECT * FROM `xg_user` WHERE `username` = '欧佳俊' LIMIT 1   [ RunTime:0.0003s ]
SQL: INSERT INTO `xg_user` (`username`,`money`,`betting`,`system_date`,`update_date`) VALUES ('欧佳俊','20000','100','1521857805','1521857829') [ RunTime:0.0002s ]
SQL: SHOW COLUMNS FROM `xg_account` [ RunTime:0.0118s ]
SQL: INSERT INTO `xg_account` (`username`,`money`,`betting`,`update_date`,`uid`) VALUES ('欧佳俊','20000','100','1521857829','5') [ RunTime:0.0003s ]
INFO: [ view_parse ] --START--
INFO: [ template_filter ] --START--
INFO: Run Behavior\ContentReplaceBehavior [ RunTime:0.000128s ]
INFO: [ template_filter ] --END-- [ RunTime:0.000175s ]
INFO: Run Behavior\ParseTemplateBehavior [ RunTime:0.050220s ]
INFO: [ view_parse ] --END-- [ RunTime:0.050271s ]
INFO: [ view_filter ] --START--
INFO: Run Behavior\WriteHtmlCacheBehavior [ RunTime:0.000231s ]
INFO: [ view_filter ] --END-- [ RunTime:0.000264s ]
INFO: [ app_end ] --START--
INFO: Run Behavior\ShowPageTraceBehavior [ RunTime:0.000675s ]
INFO: [ app_end ] --END-- [ RunTime:0.000713s ]

[ 2018-03-24T10:17:11+08:00 ] 127.0.0.1 /admin.php/Vip/index.html
INFO: [ app_init ] --START--
INFO: Run Behavior\BuildLiteBehavior [ RunTime:0.000014s ]
INFO: [ app_init ] --END-- [ RunTime:0.000373s ]
INFO: [ app_begin ] --START--
INFO: Run Behavior\ReadHtmlCacheBehavior [ RunTime:0.000542s ]
INFO: [ app_begin ] --END-- [ RunTime:0.000591s ]
SQL: SHOW COLUMNS FROM `xg_site` [ RunTime:0.0393s ]
SQL: SELECT * FROM `xg_site` WHERE `siteid` = 1 LIMIT 1   [ RunTime:0.0010s ]
SQL: SHOW COLUMNS FROM `xg_auth` [ RunTime:0.0259s ]
SQL: SELECT * FROM `xg_auth` WHERE `id` = 1 LIMIT 1   [ RunTime:0.0008s ]
SQL: SHOW COLUMNS FROM `xg_user` [ RunTime:0.0254s ]
NOTIC: [8] Undefined variable: map D:\admins\Application\Admin\Controller\VipController.class.php 第 15 行.
SQL: SELECT COUNT(*) AS tp_count FROM `xg_user` LIMIT 1   [ RunTime:0.0005s ]
NOTIC: [8] Undefined variable: map D:\admins\Application\Admin\Controller\VipController.class.php 第 17 行.
SQL: SELECT * FROM `xg_user` ORDER BY userid ASC LIMIT 0,10   [ RunTime:0.0007s ]
INFO: [ view_parse ] --START--
INFO: [ template_filter ] --START--
INFO: Run Behavior\ContentReplaceBehavior [ RunTime:0.000097s ]
INFO: [ template_filter ] --END-- [ RunTime:0.000154s ]
NOTIC: [8] Undefined variable: sel D:\admins\Application\Runtime\Cache\Admin\bce2a69d8784dbaf44d668d2b19b643c.php 第 16 行.
NOTIC: [8] Undefined variable: sel D:\admins\Application\Runtime\Cache\Admin\bce2a69d8784dbaf44d668d2b19b643c.php 第 16 行.
NOTIC: [8] Undefined variable: sel D:\admins\Application\Runtime\Cache\Admin\bce2a69d8784dbaf44d668d2b19b643c.php 第 16 行.
NOTIC: [8] Undefined variable: sel D:\admins\Application\Runtime\Cache\Admin\bce2a69d8784dbaf44d668d2b19b643c.php 第 21 行.
NOTIC: [8] Undefined variable: sel D:\admins\Application\Runtime\Cache\Admin\bce2a69d8784dbaf44d668d2b19b643c.php 第 21 行.
NOTIC: [8] Undefined variable: sel D:\admins\Application\Runtime\Cache\Admin\bce2a69d8784dbaf44d668d2b19b643c.php 第 21 行.
NOTIC: [8] Undefined variable: sel D:\admins\Application\Runtime\Cache\Admin\bce2a69d8784dbaf44d668d2b19b643c.php 第 21 行.
NOTIC: [8] Undefined variable: sel D:\admins\Application\Runtime\Cache\Admin\bce2a69d8784dbaf44d668d2b19b643c.php 第 24 行.
NOTIC: [8] Undefined variable: sel D:\admins\Application\Runtime\Cache\Admin\bce2a69d8784dbaf44d668d2b19b643c.php 第 24 行.
NOTIC: [8] Undefined index: status D:\admins\Application\Runtime\Cache\Admin\bce2a69d8784dbaf44d668d2b19b643c.php 第 69 行.
NOTIC: [8] Undefined index: status D:\admins\Application\Runtime\Cache\Admin\bce2a69d8784dbaf44d668d2b19b643c.php 第 72 行.
NOTIC: [8] Undefined index: status D:\admins\Application\Runtime\Cache\Admin\bce2a69d8784dbaf44d668d2b19b643c.php 第 76 行.
NOTIC: [8] Undefined index: status D:\admins\Application\Runtime\Cache\Admin\bce2a69d8784dbaf44d668d2b19b643c.php 第 80 行.
NOTIC: [8] Undefined index: status D:\admins\Application\Runtime\Cache\Admin\bce2a69d8784dbaf44d668d2b19b643c.php 第 84 行.
NOTIC: [8] Undefined index: status D:\admins\Application\Runtime\Cache\Admin\bce2a69d8784dbaf44d668d2b19b643c.php 第 88 行.
NOTIC: [8] Undefined index: status D:\admins\Application\Runtime\Cache\Admin\bce2a69d8784dbaf44d668d2b19b643c.php 第 92 行.
NOTIC: [8] Undefined index: status D:\admins\Application\Runtime\Cache\Admin\bce2a69d8784dbaf44d668d2b19b643c.php 第 96 行.
NOTIC: [8] Undefined index: status D:\admins\Application\Runtime\Cache\Admin\bce2a69d8784dbaf44d668d2b19b643c.php 第 100 行.
INFO: Run Behavior\ParseTemplateBehavior [ RunTime:0.017866s ]
INFO: [ view_parse ] --END-- [ RunTime:0.017945s ]
INFO: [ view_filter ] --START--
INFO: Run Behavior\WriteHtmlCacheBehavior [ RunTime:0.000260s ]
INFO: [ view_filter ] --END-- [ RunTime:0.000295s ]
INFO: [ app_end ] --START--
INFO: Run Behavior\ShowPageTraceBehavior [ RunTime:0.000540s ]
INFO: [ app_end ] --END-- [ RunTime:0.000577s ]

[ 2018-03-24T10:18:45+08:00 ] 127.0.0.1 /admin.php/Vip/add.html
INFO: [ app_init ] --START--
INFO: Run Behavior\BuildLiteBehavior [ RunTime:0.000014s ]
INFO: [ app_init ] --END-- [ RunTime:0.000444s ]
INFO: [ app_begin ] --START--
INFO: Run Behavior\ReadHtmlCacheBehavior [ RunTime:0.000667s ]
INFO: [ app_begin ] --END-- [ RunTime:0.000726s ]
SQL: SHOW COLUMNS FROM `xg_site` [ RunTime:0.0287s ]
SQL: SELECT * FROM `xg_site` WHERE `siteid` = 1 LIMIT 1   [ RunTime:0.0006s ]
SQL: SHOW COLUMNS FROM `xg_auth` [ RunTime:0.0168s ]
SQL: SELECT * FROM `xg_auth` WHERE `id` = 1 LIMIT 1   [ RunTime:0.0006s ]
INFO: [ view_parse ] --START--
INFO: [ template_filter ] --START--
INFO: Run Behavior\ContentReplaceBehavior [ RunTime:0.000131s ]
INFO: [ template_filter ] --END-- [ RunTime:0.000223s ]
INFO: Run Behavior\ParseTemplateBehavior [ RunTime:0.019168s ]
INFO: [ view_parse ] --END-- [ RunTime:0.019249s ]
INFO: [ view_filter ] --START--
INFO: Run Behavior\WriteHtmlCacheBehavior [ RunTime:0.000541s ]
INFO: [ view_filter ] --END-- [ RunTime:0.000598s ]
INFO: [ app_end ] --START--
INFO: Run Behavior\ShowPageTraceBehavior [ RunTime:0.000962s ]
INFO: [ app_end ] --END-- [ RunTime:0.001025s ]

[ 2018-03-24T10:19:08+08:00 ] 127.0.0.1 /admin.php/Vip/doadd.html
INFO: [ app_init ] --START--
INFO: Run Behavior\BuildLiteBehavior [ RunTime:0.000018s ]
INFO: [ app_init ] --END-- [ RunTime:0.000491s ]
INFO: [ app_begin ] --START--
INFO: Run Behavior\ReadHtmlCacheBehavior [ RunTime:0.000714s ]
INFO: [ app_begin ] --END-- [ RunTime:0.000783s ]
SQL: SHOW COLUMNS FROM `xg_site` [ RunTime:0.0353s ]
SQL: SELECT * FROM `xg_site` WHERE `siteid` = 1 LIMIT 1   [ RunTime:0.0009s ]
SQL: SHOW COLUMNS FROM `xg_auth` [ RunTime:0.0314s ]
SQL: SELECT * FROM `xg_auth` WHERE `id` = 1 LIMIT 1   [ RunTime:0.0005s ]
SQL: SHOW COLUMNS FROM `xg_user` [ RunTime:0.0169s ]
SQL: SELECT * FROM `xg_user` WHERE `username` = '罗斌' LIMIT 1   [ RunTime:0.0005s ]
SQL: INSERT INTO `xg_user` (`username`,`money`,`betting`,`system_date`,`update_date`) VALUES ('罗斌','10000','200','1521857925','1521857948') [ RunTime:0.0005s ]
SQL: SHOW COLUMNS FROM `xg_account` [ RunTime:0.0169s ]
SQL: INSERT INTO `xg_account` (`username`,`money`,`betting`,`system_date`,`update_date`,`uid`) VALUES ('罗斌','10000','200','1521857925','1521857948','6') [ RunTime:0.0005s ]
INFO: [ view_parse ] --START--
INFO: [ template_filter ] --START--
INFO: Run Behavior\ContentReplaceBehavior [ RunTime:0.000236s ]
INFO: [ template_filter ] --END-- [ RunTime:0.000324s ]
INFO: Run Behavior\ParseTemplateBehavior [ RunTime:0.063704s ]
INFO: [ view_parse ] --END-- [ RunTime:0.063782s ]
INFO: [ view_filter ] --START--
INFO: Run Behavior\WriteHtmlCacheBehavior [ RunTime:0.000262s ]
INFO: [ view_filter ] --END-- [ RunTime:0.000297s ]
INFO: [ app_end ] --START--
INFO: Run Behavior\ShowPageTraceBehavior [ RunTime:0.000625s ]
INFO: [ app_end ] --END-- [ RunTime:0.000682s ]

[ 2018-03-24T10:19:10+08:00 ] 127.0.0.1 /admin.php/Vip/index.html
INFO: [ app_init ] --START--
INFO: Run Behavior\BuildLiteBehavior [ RunTime:0.000016s ]
INFO: [ app_init ] --END-- [ RunTime:0.000460s ]
INFO: [ app_begin ] --START--
INFO: Run Behavior\ReadHtmlCacheBehavior [ RunTime:0.000657s ]
INFO: [ app_begin ] --END-- [ RunTime:0.000717s ]
SQL: SHOW COLUMNS FROM `xg_site` [ RunTime:0.0391s ]
SQL: SELECT * FROM `xg_site` WHERE `siteid` = 1 LIMIT 1   [ RunTime:0.0009s ]
SQL: SHOW COLUMNS FROM `xg_auth` [ RunTime:0.0240s ]
SQL: SELECT * FROM `xg_auth` WHERE `id` = 1 LIMIT 1   [ RunTime:0.0006s ]
SQL: SHOW COLUMNS FROM `xg_user` [ RunTime:0.0123s ]
NOTIC: [8] Undefined variable: map D:\admins\Application\Admin\Controller\VipController.class.php 第 15 行.
SQL: SELECT COUNT(*) AS tp_count FROM `xg_user` LIMIT 1   [ RunTime:0.0002s ]
NOTIC: [8] Undefined variable: map D:\admins\Application\Admin\Controller\VipController.class.php 第 17 行.
SQL: SELECT * FROM `xg_user` ORDER BY userid ASC LIMIT 0,10   [ RunTime:0.0003s ]
INFO: [ view_parse ] --START--
INFO: [ template_filter ] --START--
INFO: Run Behavior\ContentReplaceBehavior [ RunTime:0.000096s ]
INFO: [ template_filter ] --END-- [ RunTime:0.000150s ]
NOTIC: [8] Undefined variable: sel D:\admins\Application\Runtime\Cache\Admin\bce2a69d8784dbaf44d668d2b19b643c.php 第 16 行.
NOTIC: [8] Undefined variable: sel D:\admins\Application\Runtime\Cache\Admin\bce2a69d8784dbaf44d668d2b19b643c.php 第 16 行.
NOTIC: [8] Undefined variable: sel D:\admins\Application\Runtime\Cache\Admin\bce2a69d8784dbaf44d668d2b19b643c.php 第 16 行.
NOTIC: [8] Undefined variable: sel D:\admins\Application\Runtime\Cache\Admin\bce2a69d8784dbaf44d668d2b19b643c.php 第 21 行.
NOTIC: [8] Undefined variable: sel D:\admins\Application\Runtime\Cache\Admin\bce2a69d8784dbaf44d668d2b19b643c.php 第 21 行.
NOTIC: [8] Undefined variable: sel D:\admins\Application\Runtime\Cache\Admin\bce2a69d8784dbaf44d668d2b19b643c.php 第 21 行.
NOTIC: [8] Undefined variable: sel D:\admins\Application\Runtime\Cache\Admin\bce2a69d8784dbaf44d668d2b19b643c.php 第 21 行.
NOTIC: [8] Undefined variable: sel D:\admins\Application\Runtime\Cache\Admin\bce2a69d8784dbaf44d668d2b19b643c.php 第 24 行.
NOTIC: [8] Undefined variable: sel D:\admins\Application\Runtime\Cache\Admin\bce2a69d8784dbaf44d668d2b19b643c.php 第 24 行.
NOTIC: [8] Undefined index: status D:\admins\Application\Runtime\Cache\Admin\bce2a69d8784dbaf44d668d2b19b643c.php 第 69 行.
NOTIC: [8] Undefined index: status D:\admins\Application\Runtime\Cache\Admin\bce2a69d8784dbaf44d668d2b19b643c.php 第 72 行.
NOTIC: [8] Undefined index: status D:\admins\Application\Runtime\Cache\Admin\bce2a69d8784dbaf44d668d2b19b643c.php 第 76 行.
NOTIC: [8] Undefined index: status D:\admins\Application\Runtime\Cache\Admin\bce2a69d8784dbaf44d668d2b19b643c.php 第 80 行.
NOTIC: [8] Undefined index: status D:\admins\Application\Runtime\Cache\Admin\bce2a69d8784dbaf44d668d2b19b643c.php 第 84 行.
NOTIC: [8] Undefined index: status D:\admins\Application\Runtime\Cache\Admin\bce2a69d8784dbaf44d668d2b19b643c.php 第 88 行.
NOTIC: [8] Undefined index: status D:\admins\Application\Runtime\Cache\Admin\bce2a69d8784dbaf44d668d2b19b643c.php 第 92 行.
NOTIC: [8] Undefined index: status D:\admins\Application\Runtime\Cache\Admin\bce2a69d8784dbaf44d668d2b19b643c.php 第 96 行.
NOTIC: [8] Undefined index: status D:\admins\Application\Runtime\Cache\Admin\bce2a69d8784dbaf44d668d2b19b643c.php 第 100 行.
NOTIC: [8] Undefined index: status D:\admins\Application\Runtime\Cache\Admin\bce2a69d8784dbaf44d668d2b19b643c.php 第 69 行.
NOTIC: [8] Undefined index: status D:\admins\Application\Runtime\Cache\Admin\bce2a69d8784dbaf44d668d2b19b643c.php 第 72 行.
NOTIC: [8] Undefined index: status D:\admins\Application\Runtime\Cache\Admin\bce2a69d8784dbaf44d668d2b19b643c.php 第 76 行.
NOTIC: [8] Undefined index: status D:\admins\Application\Runtime\Cache\Admin\bce2a69d8784dbaf44d668d2b19b643c.php 第 80 行.
NOTIC: [8] Undefined index: status D:\admins\Application\Runtime\Cache\Admin\bce2a69d8784dbaf44d668d2b19b643c.php 第 84 行.
NOTIC: [8] Undefined index: status D:\admins\Application\Runtime\Cache\Admin\bce2a69d8784dbaf44d668d2b19b643c.php 第 88 行.
NOTIC: [8] Undefined index: status D:\admins\Application\Runtime\Cache\Admin\bce2a69d8784dbaf44d668d2b19b643c.php 第 92 行.
NOTIC: [8] Undefined index: status D:\admins\Application\Runtime\Cache\Admin\bce2a69d8784dbaf44d668d2b19b643c.php 第 96 行.
NOTIC: [8] Undefined index: status D:\admins\Application\Runtime\Cache\Admin\bce2a69d8784dbaf44d668d2b19b643c.php 第 100 行.
INFO: Run Behavior\ParseTemplateBehavior [ RunTime:0.014198s ]
INFO: [ view_parse ] --END-- [ RunTime:0.014250s ]
INFO: [ view_filter ] --START--
INFO: Run Behavior\WriteHtmlCacheBehavior [ RunTime:0.000290s ]
INFO: [ view_filter ] --END-- [ RunTime:0.000332s ]
INFO: [ app_end ] --START--
INFO: Run Behavior\ShowPageTraceBehavior [ RunTime:0.000655s ]
INFO: [ app_end ] --END-- [ RunTime:0.000700s ]

[ 2018-03-24T10:27:31+08:00 ] 127.0.0.1 /admin.php/Vip/index.html
INFO: [ app_init ] --START--
INFO: Run Behavior\BuildLiteBehavior [ RunTime:0.000016s ]
INFO: [ app_init ] --END-- [ RunTime:0.000507s ]
INFO: [ app_begin ] --START--
INFO: Run Behavior\ReadHtmlCacheBehavior [ RunTime:0.000728s ]
INFO: [ app_begin ] --END-- [ RunTime:0.000791s ]

[ 2018-03-24T10:27:33+08:00 ] 127.0.0.1 /admin.php/Vip/index.html
INFO: [ app_init ] --START--
INFO: Run Behavior\BuildLiteBehavior [ RunTime:0.000015s ]
INFO: [ app_init ] --END-- [ RunTime:0.000393s ]
INFO: [ app_begin ] --START--
INFO: Run Behavior\ReadHtmlCacheBehavior [ RunTime:0.000603s ]
INFO: [ app_begin ] --END-- [ RunTime:0.000665s ]

[ 2018-03-24T10:27:33+08:00 ] 127.0.0.1 /admin.php/Vip/index.html
INFO: [ app_init ] --START--
INFO: Run Behavior\BuildLiteBehavior [ RunTime:0.000014s ]
INFO: [ app_init ] --END-- [ RunTime:0.000371s ]
INFO: [ app_begin ] --START--
INFO: Run Behavior\ReadHtmlCacheBehavior [ RunTime:0.000582s ]
INFO: [ app_begin ] --END-- [ RunTime:0.000642s ]

[ 2018-03-24T10:27:34+08:00 ] 127.0.0.1 /admin.php/Vip/index.html
INFO: [ app_init ] --START--
INFO: Run Behavior\BuildLiteBehavior [ RunTime:0.000016s ]
INFO: [ app_init ] --END-- [ RunTime:0.000413s ]
INFO: [ app_begin ] --START--
INFO: Run Behavior\ReadHtmlCacheBehavior [ RunTime:0.000550s ]
INFO: [ app_begin ] --END-- [ RunTime:0.000601s ]

[ 2018-03-24T10:28:05+08:00 ] 127.0.0.1 /admin.php/Index/index.html
INFO: [ app_init ] --START--
INFO: Run Behavior\BuildLiteBehavior [ RunTime:0.000013s ]
INFO: [ app_init ] --END-- [ RunTime:0.000360s ]
INFO: [ app_begin ] --START--
INFO: Run Behavior\ReadHtmlCacheBehavior [ RunTime:0.000522s ]
INFO: [ app_begin ] --END-- [ RunTime:0.000571s ]
SQL: SHOW COLUMNS FROM `xg_site` [ RunTime:0.0394s ]
SQL: SELECT * FROM `xg_site` WHERE `siteid` = 1 LIMIT 1   [ RunTime:0.0011s ]
SQL: SHOW COLUMNS FROM `xg_auth` [ RunTime:0.0206s ]
SQL: SELECT * FROM `xg_auth` WHERE `id` = 1 LIMIT 1   [ RunTime:0.0006s ]
INFO: [ view_parse ] --START--
INFO: [ template_filter ] --START--
INFO: Run Behavior\ContentReplaceBehavior [ RunTime:0.000180s ]
INFO: [ template_filter ] --END-- [ RunTime:0.000228s ]
INFO: Run Behavior\ParseTemplateBehavior [ RunTime:0.068382s ]
INFO: [ view_parse ] --END-- [ RunTime:0.068455s ]
INFO: [ view_filter ] --START--
INFO: Run Behavior\WriteHtmlCacheBehavior [ RunTime:0.000324s ]
INFO: [ view_filter ] --END-- [ RunTime:0.000355s ]
INFO: [ app_end ] --START--
INFO: Run Behavior\ShowPageTraceBehavior [ RunTime:0.000543s ]
INFO: [ app_end ] --END-- [ RunTime:0.000575s ]

[ 2018-03-24T10:28:06+08:00 ] 127.0.0.1 /admin.php/index/summarize.html
INFO: [ app_init ] --START--
INFO: Run Behavior\BuildLiteBehavior [ RunTime:0.000016s ]
INFO: [ app_init ] --END-- [ RunTime:0.000344s ]
INFO: [ app_begin ] --START--
INFO: Run Behavior\ReadHtmlCacheBehavior [ RunTime:0.000536s ]
INFO: [ app_begin ] --END-- [ RunTime:0.000595s ]
SQL: SHOW COLUMNS FROM `xg_site` [ RunTime:0.0429s ]
SQL: SELECT * FROM `xg_site` WHERE `siteid` = 1 LIMIT 1   [ RunTime:0.0011s ]
SQL: SHOW COLUMNS FROM `xg_auth` [ RunTime:0.0195s ]
SQL: SELECT * FROM `xg_auth` WHERE `id` = 1 LIMIT 1   [ RunTime:0.0006s ]
SQL: select version() as ver [ RunTime:0.0003s ]
INFO: [ view_parse ] --START--
INFO: [ template_filter ] --START--
INFO: Run Behavior\ContentReplaceBehavior [ RunTime:0.000092s ]
INFO: [ template_filter ] --END-- [ RunTime:0.000141s ]
NOTIC: [8] Undefined variable: sel D:\admins\Application\Runtime\Cache\Admin\a91718f612b01347f17fdaf34b340690.php 第 16 行.
NOTIC: [8] Undefined variable: sel D:\admins\Application\Runtime\Cache\Admin\a91718f612b01347f17fdaf34b340690.php 第 16 行.
NOTIC: [8] Undefined variable: sel D:\admins\Application\Runtime\Cache\Admin\a91718f612b01347f17fdaf34b340690.php 第 16 行.
NOTIC: [8] Undefined variable: sel D:\admins\Application\Runtime\Cache\Admin\a91718f612b01347f17fdaf34b340690.php 第 21 行.
NOTIC: [8] Undefined variable: sel D:\admins\Application\Runtime\Cache\Admin\a91718f612b01347f17fdaf34b340690.php 第 21 行.
NOTIC: [8] Undefined variable: sel D:\admins\Application\Runtime\Cache\Admin\a91718f612b01347f17fdaf34b340690.php 第 21 行.
NOTIC: [8] Undefined variable: sel D:\admins\Application\Runtime\Cache\Admin\a91718f612b01347f17fdaf34b340690.php 第 21 行.
NOTIC: [8] Undefined variable: sel D:\admins\Application\Runtime\Cache\Admin\a91718f612b01347f17fdaf34b340690.php 第 24 行.
NOTIC: [8] Undefined variable: sel D:\admins\Application\Runtime\Cache\Admin\a91718f612b01347f17fdaf34b340690.php 第 24 行.
INFO: Run Behavior\ParseTemplateBehavior [ RunTime:0.012149s ]
INFO: [ view_parse ] --END-- [ RunTime:0.012212s ]
INFO: [ view_filter ] --START--
INFO: Run Behavior\WriteHtmlCacheBehavior [ RunTime:0.000246s ]
INFO: [ view_filter ] --END-- [ RunTime:0.000282s ]
INFO: [ app_end ] --START--
INFO: Run Behavior\ShowPageTraceBehavior [ RunTime:0.000542s ]
INFO: [ app_end ] --END-- [ RunTime:0.000578s ]

[ 2018-03-24T10:28:07+08:00 ] 127.0.0.1 /admin.php/Index/skin-config.html
INFO: [ app_init ] --START--
INFO: Run Behavior\BuildLiteBehavior [ RunTime:0.000016s ]
INFO: [ app_init ] --END-- [ RunTime:0.000435s ]
INFO: [ app_begin ] --START--
INFO: Run Behavior\ReadHtmlCacheBehavior [ RunTime:0.000642s ]
INFO: [ app_begin ] --END-- [ RunTime:0.000687s ]
SQL: SHOW COLUMNS FROM `xg_site` [ RunTime:0.0396s ]
SQL: SELECT * FROM `xg_site` WHERE `siteid` = 1 LIMIT 1   [ RunTime:0.0007s ]
SQL: SHOW COLUMNS FROM `xg_auth` [ RunTime:0.0154s ]
SQL: SELECT * FROM `xg_auth` WHERE `id` = 1 LIMIT 1   [ RunTime:0.0004s ]
ERR: 非法操作:skin-config

[ 2018-03-24T10:28:15+08:00 ] 127.0.0.1 /admin.php/Vip/index.html
INFO: [ app_init ] --START--
INFO: Run Behavior\BuildLiteBehavior [ RunTime:0.000024s ]
INFO: [ app_init ] --END-- [ RunTime:0.000626s ]
INFO: [ app_begin ] --START--
INFO: Run Behavior\ReadHtmlCacheBehavior [ RunTime:0.000763s ]
INFO: [ app_begin ] --END-- [ RunTime:0.000842s ]
SQL: SHOW COLUMNS FROM `xg_site` [ RunTime:0.0281s ]
SQL: SELECT * FROM `xg_site` WHERE `siteid` = 1 LIMIT 1   [ RunTime:0.0006s ]
SQL: SHOW COLUMNS FROM `xg_auth` [ RunTime:0.0173s ]
SQL: SELECT * FROM `xg_auth` WHERE `id` = 1 LIMIT 1   [ RunTime:0.0006s ]
SQL: SHOW COLUMNS FROM `xg_user` [ RunTime:0.0176s ]
NOTIC: [8] Undefined variable: map D:\admins\Application\Admin\Controller\VipController.class.php 第 15 行.
SQL: SELECT COUNT(*) AS tp_count FROM `xg_user` LIMIT 1   [ RunTime:0.0004s ]
NOTIC: [8] Undefined variable: map D:\admins\Application\Admin\Controller\VipController.class.php 第 17 行.
SQL: SELECT * FROM `xg_user` ORDER BY userid ASC LIMIT 0,10   [ RunTime:0.0005s ]
INFO: [ view_parse ] --START--
INFO: [ template_filter ] --START--
INFO: Run Behavior\ContentReplaceBehavior [ RunTime:0.000100s ]
INFO: [ template_filter ] --END-- [ RunTime:0.000175s ]
NOTIC: [8] Undefined variable: sel D:\admins\Application\Runtime\Cache\Admin\bce2a69d8784dbaf44d668d2b19b643c.php 第 16 行.
NOTIC: [8] Undefined variable: sel D:\admins\Application\Runtime\Cache\Admin\bce2a69d8784dbaf44d668d2b19b643c.php 第 16 行.
NOTIC: [8] Undefined variable: sel D:\admins\Application\Runtime\Cache\Admin\bce2a69d8784dbaf44d668d2b19b643c.php 第 16 行.
NOTIC: [8] Undefined variable: sel D:\admins\Application\Runtime\Cache\Admin\bce2a69d8784dbaf44d668d2b19b643c.php 第 21 行.
NOTIC: [8] Undefined variable: sel D:\admins\Application\Runtime\Cache\Admin\bce2a69d8784dbaf44d668d2b19b643c.php 第 21 行.
NOTIC: [8] Undefined variable: sel D:\admins\Application\Runtime\Cache\Admin\bce2a69d8784dbaf44d668d2b19b643c.php 第 21 行.
NOTIC: [8] Undefined variable: sel D:\admins\Application\Runtime\Cache\Admin\bce2a69d8784dbaf44d668d2b19b643c.php 第 21 行.
NOTIC: [8] Undefined variable: sel D:\admins\Application\Runtime\Cache\Admin\bce2a69d8784dbaf44d668d2b19b643c.php 第 24 行.
NOTIC: [8] Undefined variable: sel D:\admins\Application\Runtime\Cache\Admin\bce2a69d8784dbaf44d668d2b19b643c.php 第 24 行.
NOTIC: [8] Undefined index: status D:\admins\Application\Runtime\Cache\Admin\bce2a69d8784dbaf44d668d2b19b643c.php 第 69 行.
NOTIC: [8] Undefined index: status D:\admins\Application\Runtime\Cache\Admin\bce2a69d8784dbaf44d668d2b19b643c.php 第 72 行.
NOTIC: [8] Undefined index: status D:\admins\Application\Runtime\Cache\Admin\bce2a69d8784dbaf44d668d2b19b643c.php 第 76 行.
NOTIC: [8] Undefined index: status D:\admins\Application\Runtime\Cache\Admin\bce2a69d8784dbaf44d668d2b19b643c.php 第 80 行.
NOTIC: [8] Undefined index: status D:\admins\Application\Runtime\Cache\Admin\bce2a69d8784dbaf44d668d2b19b643c.php 第 84 行.
NOTIC: [8] Undefined index: status D:\admins\Application\Runtime\Cache\Admin\bce2a69d8784dbaf44d668d2b19b643c.php 第 88 行.
NOTIC: [8] Undefined index: status D:\admins\Application\Runtime\Cache\Admin\bce2a69d8784dbaf44d668d2b19b643c.php 第 92 行.
NOTIC: [8] Undefined index: status D:\admins\Application\Runtime\Cache\Admin\bce2a69d8784dbaf44d668d2b19b643c.php 第 96 行.
NOTIC: [8] Undefined index: status D:\admins\Application\Runtime\Cache\Admin\bce2a69d8784dbaf44d668d2b19b643c.php 第 100 行.
NOTIC: [8] Undefined index: status D:\admins\Application\Runtime\Cache\Admin\bce2a69d8784dbaf44d668d2b19b643c.php 第 69 行.
NOTIC: [8] Undefined index: status D:\admins\Application\Runtime\Cache\Admin\bce2a69d8784dbaf44d668d2b19b643c.php 第 72 行.
NOTIC: [8] Undefined index: status D:\admins\Application\Runtime\Cache\Admin\bce2a69d8784dbaf44d668d2b19b643c.php 第 76 行.
NOTIC: [8] Undefined index: status D:\admins\Application\Runtime\Cache\Admin\bce2a69d8784dbaf44d668d2b19b643c.php 第 80 行.
NOTIC: [8] Undefined index: status D:\admins\Application\Runtime\Cache\Admin\bce2a69d8784dbaf44d668d2b19b643c.php 第 84 行.
NOTIC: [8] Undefined index: status D:\admins\Application\Runtime\Cache\Admin\bce2a69d8784dbaf44d668d2b19b643c.php 第 88 行.
NOTIC: [8] Undefined index: status D:\admins\Application\Runtime\Cache\Admin\bce2a69d8784dbaf44d668d2b19b643c.php 第 92 行.
NOTIC: [8] Undefined index: status D:\admins\Application\Runtime\Cache\Admin\bce2a69d8784dbaf44d668d2b19b643c.php 第 96 行.
NOTIC: [8] Undefined index: status D:\admins\Application\Runtime\Cache\Admin\bce2a69d8784dbaf44d668d2b19b643c.php 第 100 行.
INFO: Run Behavior\ParseTemplateBehavior [ RunTime:0.048453s ]
INFO: [ view_parse ] --END-- [ RunTime:0.048526s ]
INFO: [ view_filter ] --START--
INFO: Run Behavior\WriteHtmlCacheBehavior [ RunTime:0.000400s ]
INFO: [ view_filter ] --END-- [ RunTime:0.000433s ]
INFO: [ app_end ] --START--
INFO: Run Behavior\ShowPageTraceBehavior [ RunTime:0.000632s ]
INFO: [ app_end ] --END-- [ RunTime:0.000665s ]

[ 2018-03-24T10:28:33+08:00 ] 127.0.0.1 /admin.php/Vip/add.html
INFO: [ app_init ] --START--
INFO: Run Behavior\BuildLiteBehavior [ RunTime:0.000018s ]
INFO: [ app_init ] --END-- [ RunTime:0.000504s ]
INFO: [ app_begin ] --START--
INFO: Run Behavior\ReadHtmlCacheBehavior [ RunTime:0.000787s ]
INFO: [ app_begin ] --END-- [ RunTime:0.000857s ]
SQL: SHOW COLUMNS FROM `xg_site` [ RunTime:0.0391s ]
SQL: SELECT * FROM `xg_site` WHERE `siteid` = 1 LIMIT 1   [ RunTime:0.0010s ]
SQL: SHOW COLUMNS FROM `xg_auth` [ RunTime:0.0261s ]
SQL: SELECT * FROM `xg_auth` WHERE `id` = 1 LIMIT 1   [ RunTime:0.0008s ]
INFO: [ view_parse ] --START--
INFO: [ template_filter ] --START--
INFO: Run Behavior\ContentReplaceBehavior [ RunTime:0.000080s ]
INFO: [ template_filter ] --END-- [ RunTime:0.000136s ]
INFO: Run Behavior\ParseTemplateBehavior [ RunTime:0.015027s ]
INFO: [ view_parse ] --END-- [ RunTime:0.015094s ]
INFO: [ view_filter ] --START--
INFO: Run Behavior\WriteHtmlCacheBehavior [ RunTime:0.000390s ]
INFO: [ view_filter ] --END-- [ RunTime:0.000428s ]
INFO: [ app_end ] --START--
INFO: Run Behavior\ShowPageTraceBehavior [ RunTime:0.000709s ]
INFO: [ app_end ] --END-- [ RunTime:0.000747s ]

[ 2018-03-24T10:55:44+08:00 ] 127.0.0.1 /admin.php/Vip/add.html
INFO: [ app_init ] --START--
INFO: Run Behavior\BuildLiteBehavior [ RunTime:0.000012s ]
INFO: [ app_init ] --END-- [ RunTime:0.000319s ]
INFO: [ app_begin ] --START--
INFO: Run Behavior\ReadHtmlCacheBehavior [ RunTime:0.000472s ]
INFO: [ app_begin ] --END-- [ RunTime:0.000512s ]
SQL: SHOW COLUMNS FROM `xg_site` [ RunTime:0.0322s ]
SQL: SELECT * FROM `xg_site` WHERE `siteid` = 1 LIMIT 1   [ RunTime:0.0004s ]
SQL: SHOW COLUMNS FROM `xg_auth` [ RunTime:0.0066s ]
SQL: SELECT * FROM `xg_auth` WHERE `id` = 1 LIMIT 1   [ RunTime:0.0003s ]
INFO: [ view_parse ] --START--
INFO: [ template_filter ] --START--
INFO: Run Behavior\ContentReplaceBehavior [ RunTime:0.000048s ]
INFO: [ template_filter ] --END-- [ RunTime:0.000080s ]
INFO: Run Behavior\ParseTemplateBehavior [ RunTime:0.007144s ]
INFO: [ view_parse ] --END-- [ RunTime:0.007191s ]
INFO: [ view_filter ] --START--
INFO: Run Behavior\WriteHtmlCacheBehavior [ RunTime:0.000269s ]
INFO: [ view_filter ] --END-- [ RunTime:0.000295s ]
INFO: [ app_end ] --START--
INFO: Run Behavior\ShowPageTraceBehavior [ RunTime:0.000458s ]
INFO: [ app_end ] --END-- [ RunTime:0.000482s ]

