[ 2019-03-05T22:02:19+08:00 ] 127.0.0.1 /admin.php
INFO: [ app_init ] --START--
INFO: Run Behavior\BuildLiteBehavior [ RunTime:0.000000s ]
INFO: [ app_init ] --END-- [ RunTime:0.002000s ]
INFO: [ app_begin ] --START--
INFO: Run Behavior\ReadHtmlCacheBehavior [ RunTime:0.002000s ]
INFO: [ app_begin ] --END-- [ RunTime:0.002000s ]

[ 2019-03-05T22:02:19+08:00 ] 127.0.0.1 /admin.php/Login/index.html
INFO: [ app_init ] --START--
INFO: Run Behavior\BuildLiteBehavior [ RunTime:0.000000s ]
INFO: [ app_init ] --END-- [ RunTime:0.002000s ]
INFO: [ app_begin ] --START--
INFO: Run Behavior\ReadHtmlCacheBehavior [ RunTime:0.003000s ]
INFO: [ app_begin ] --END-- [ RunTime:0.003000s ]
INFO: [ view_parse ] --START--
INFO: [ template_filter ] --START--
INFO: Run Behavior\ContentReplaceBehavior [ RunTime:0.001001s ]
INFO: [ template_filter ] --END-- [ RunTime:0.001001s ]
INFO: Run Behavior\ParseTemplateBehavior [ RunTime:0.030002s ]
INFO: [ view_parse ] --END-- [ RunTime:0.030002s ]
INFO: [ view_filter ] --START--
INFO: Run Behavior\WriteHtmlCacheBehavior [ RunTime:0.002000s ]
INFO: [ view_filter ] --END-- [ RunTime:0.002000s ]
INFO: [ app_end ] --START--
INFO: Run Behavior\ShowPageTraceBehavior [ RunTime:0.002000s ]
INFO: [ app_end ] --END-- [ RunTime:0.002000s ]

[ 2019-03-05T22:02:19+08:00 ] 127.0.0.1 /admin.php/Login/verify.html
INFO: [ app_init ] --START--
INFO: Run Behavior\BuildLiteBehavior [ RunTime:0.000000s ]
INFO: [ app_init ] --END-- [ RunTime:0.003001s ]
INFO: [ app_begin ] --START--
INFO: Run Behavior\ReadHtmlCacheBehavior [ RunTime:0.006000s ]
INFO: [ app_begin ] --END-- [ RunTime:0.006000s ]
INFO: [ app_end ] --START--
INFO: Run Behavior\ShowPageTraceBehavior [ RunTime:0.008001s ]
INFO: [ app_end ] --END-- [ RunTime:0.008001s ]

[ 2019-03-05T22:02:40+08:00 ] 127.0.0.1 /admin.php/Login/doLogin.html
INFO: [ app_init ] --START--
INFO: Run Behavior\BuildLiteBehavior [ RunTime:0.000000s ]
INFO: [ app_init ] --END-- [ RunTime:0.002000s ]
INFO: [ app_begin ] --START--
INFO: Run Behavior\ReadHtmlCacheBehavior [ RunTime:0.007000s ]
INFO: [ app_begin ] --END-- [ RunTime:0.007000s ]
SQL: SHOW COLUMNS FROM `xg_admin` [ RunTime:0.0280s ]
SQL: SELECT * FROM `xg_admin` WHERE `username` = 'admin' AND `status` = 1 LIMIT 1   [ RunTime:0.0020s ]
SQL: UPDATE `xg_admin` SET `lasttime`='1551794559',`lastip`='2130706433' WHERE `username` = 'admin' [ RunTime:0.0010s ]
SQL: SHOW COLUMNS FROM `xg_action` [ RunTime:0.0220s ]
SQL: SELECT * FROM `xg_action` WHERE `name` = 'user_login' LIMIT 1   [ RunTime:0.0010s ]
SQL: SHOW COLUMNS FROM `xg_admin` [ RunTime:0.0210s ]
SQL: SELECT `username` FROM `xg_admin` WHERE `adminid` = 1 LIMIT 1   [ RunTime:0.0010s ]
SQL: SHOW COLUMNS FROM `xg_action_log` [ RunTime:0.0220s ]
SQL: INSERT INTO `xg_action_log` (`user_id`,`action_ip`,`model`,`create_time`,`remark`) VALUES ('1','2130706433','Admin','1551794559','admin在2019-03-05 22:02登录了后台') [ RunTime:0.0010s ]
SQL: update xg_admin set sessid='59cegvqib91okae1jc025garq3' where username='admin' [ RunTime:0.0010s ]
INFO: [ view_parse ] --START--
INFO: [ template_filter ] --START--
INFO: Run Behavior\ContentReplaceBehavior [ RunTime:0.001000s ]
INFO: [ template_filter ] --END-- [ RunTime:0.002000s ]
INFO: Run Behavior\ParseTemplateBehavior [ RunTime:0.037002s ]
INFO: [ view_parse ] --END-- [ RunTime:0.037002s ]
INFO: [ view_filter ] --START--
INFO: Run Behavior\WriteHtmlCacheBehavior [ RunTime:0.001000s ]
INFO: [ view_filter ] --END-- [ RunTime:0.001000s ]
INFO: [ app_end ] --START--
INFO: Run Behavior\ShowPageTraceBehavior [ RunTime:0.005000s ]
INFO: [ app_end ] --END-- [ RunTime:0.005000s ]

[ 2019-03-05T22:02:43+08:00 ] 127.0.0.1 /admin.php/Index/index.html
INFO: [ app_init ] --START--
INFO: Run Behavior\BuildLiteBehavior [ RunTime:0.000000s ]
INFO: [ app_init ] --END-- [ RunTime:0.003000s ]
INFO: [ app_begin ] --START--
INFO: Run Behavior\ReadHtmlCacheBehavior [ RunTime:0.003000s ]
INFO: [ app_begin ] --END-- [ RunTime:0.003000s ]
SQL: SHOW COLUMNS FROM `xg_admin` [ RunTime:0.0230s ]
SQL: SELECT * FROM `xg_admin` WHERE ( username='admin' and sessid='59cegvqib91okae1jc025garq3' )  [ RunTime:0.0010s ]
SQL: SHOW COLUMNS FROM `xg_site` [ RunTime:0.0230s ]
SQL: SELECT * FROM `xg_site` WHERE `siteid` = 1 LIMIT 1   [ RunTime:0.0010s ]
SQL: SHOW COLUMNS FROM `xg_auth` [ RunTime:0.0230s ]
SQL: SELECT * FROM `xg_auth` WHERE `id` = 1 LIMIT 1   [ RunTime:0.0020s ]
INFO: [ view_parse ] --START--
INFO: [ template_filter ] --START--
INFO: Run Behavior\ContentReplaceBehavior [ RunTime:0.001000s ]
INFO: [ template_filter ] --END-- [ RunTime:0.001000s ]
INFO: Run Behavior\ParseTemplateBehavior [ RunTime:0.091005s ]
INFO: [ view_parse ] --END-- [ RunTime:0.091005s ]
INFO: [ view_filter ] --START--
INFO: Run Behavior\WriteHtmlCacheBehavior [ RunTime:0.002000s ]
INFO: [ view_filter ] --END-- [ RunTime:0.002000s ]
INFO: [ app_end ] --START--
INFO: Run Behavior\ShowPageTraceBehavior [ RunTime:0.005000s ]
INFO: [ app_end ] --END-- [ RunTime:0.005000s ]

[ 2019-03-05T22:02:45+08:00 ] 127.0.0.1 /admin.php/index/summarize.html
INFO: [ app_init ] --START--
INFO: Run Behavior\BuildLiteBehavior [ RunTime:0.000000s ]
INFO: [ app_init ] --END-- [ RunTime:0.004000s ]
INFO: [ app_begin ] --START--
INFO: Run Behavior\ReadHtmlCacheBehavior [ RunTime:0.005000s ]
INFO: [ app_begin ] --END-- [ RunTime:0.005000s ]
SQL: SHOW COLUMNS FROM `xg_admin` [ RunTime:0.0230s ]
SQL: SELECT * FROM `xg_admin` WHERE ( username='admin' and sessid='59cegvqib91okae1jc025garq3' )  [ RunTime:0.0010s ]
SQL: SHOW COLUMNS FROM `xg_site` [ RunTime:0.0250s ]
SQL: SELECT * FROM `xg_site` WHERE `siteid` = 1 LIMIT 1   [ RunTime:0.0010s ]
SQL: SHOW COLUMNS FROM `xg_auth` [ RunTime:0.0220s ]
SQL: SELECT * FROM `xg_auth` WHERE `id` = 1 LIMIT 1   [ RunTime:0.0010s ]
SQL: select version() as ver [ RunTime:0.0010s ]
INFO: [ view_parse ] --START--
INFO: [ template_filter ] --START--
INFO: Run Behavior\ContentReplaceBehavior [ RunTime:0.000000s ]
INFO: [ template_filter ] --END-- [ RunTime:0.000000s ]
NOTIC: [8] Undefined variable: sel E:\zhuan_vip\Application\Runtime\Cache\Admin\a91718f612b01347f17fdaf34b340690.php 第 16 行.
NOTIC: [8] Undefined variable: sel E:\zhuan_vip\Application\Runtime\Cache\Admin\a91718f612b01347f17fdaf34b340690.php 第 16 行.
NOTIC: [8] Undefined variable: sel E:\zhuan_vip\Application\Runtime\Cache\Admin\a91718f612b01347f17fdaf34b340690.php 第 16 行.
NOTIC: [8] Undefined variable: sel E:\zhuan_vip\Application\Runtime\Cache\Admin\a91718f612b01347f17fdaf34b340690.php 第 21 行.
NOTIC: [8] Undefined variable: sel E:\zhuan_vip\Application\Runtime\Cache\Admin\a91718f612b01347f17fdaf34b340690.php 第 21 行.
NOTIC: [8] Undefined variable: sel E:\zhuan_vip\Application\Runtime\Cache\Admin\a91718f612b01347f17fdaf34b340690.php 第 21 行.
NOTIC: [8] Undefined variable: sel E:\zhuan_vip\Application\Runtime\Cache\Admin\a91718f612b01347f17fdaf34b340690.php 第 21 行.
NOTIC: [8] Undefined variable: sel E:\zhuan_vip\Application\Runtime\Cache\Admin\a91718f612b01347f17fdaf34b340690.php 第 24 行.
NOTIC: [8] Undefined variable: sel E:\zhuan_vip\Application\Runtime\Cache\Admin\a91718f612b01347f17fdaf34b340690.php 第 24 行.
INFO: Run Behavior\ParseTemplateBehavior [ RunTime:0.040002s ]
INFO: [ view_parse ] --END-- [ RunTime:0.041002s ]
INFO: [ view_filter ] --START--
INFO: Run Behavior\WriteHtmlCacheBehavior [ RunTime:0.002001s ]
INFO: [ view_filter ] --END-- [ RunTime:0.003001s ]
INFO: [ app_end ] --START--
INFO: Run Behavior\ShowPageTraceBehavior [ RunTime:0.003000s ]
INFO: [ app_end ] --END-- [ RunTime:0.003000s ]

[ 2019-03-05T22:02:46+08:00 ] 127.0.0.1 /admin.php/Index/skin-config.html
INFO: [ app_init ] --START--
INFO: Run Behavior\BuildLiteBehavior [ RunTime:0.000000s ]
INFO: [ app_init ] --END-- [ RunTime:0.003000s ]
INFO: [ app_begin ] --START--
INFO: Run Behavior\ReadHtmlCacheBehavior [ RunTime:0.003000s ]
INFO: [ app_begin ] --END-- [ RunTime:0.003000s ]
SQL: SHOW COLUMNS FROM `xg_admin` [ RunTime:0.0210s ]
SQL: SELECT * FROM `xg_admin` WHERE ( username='admin' and sessid='59cegvqib91okae1jc025garq3' )  [ RunTime:0.0010s ]
SQL: SHOW COLUMNS FROM `xg_site` [ RunTime:0.0210s ]
SQL: SELECT * FROM `xg_site` WHERE `siteid` = 1 LIMIT 1   [ RunTime:0.0010s ]
SQL: SHOW COLUMNS FROM `xg_auth` [ RunTime:0.0220s ]
SQL: SELECT * FROM `xg_auth` WHERE `id` = 1 LIMIT 1   [ RunTime:0.0010s ]
ERR: 非法操作:skin-config

[ 2019-03-05T22:02:50+08:00 ] 127.0.0.1 /admin.php/Vip/bonus_lists.html
INFO: [ app_init ] --START--
INFO: Run Behavior\BuildLiteBehavior [ RunTime:0.000000s ]
INFO: [ app_init ] --END-- [ RunTime:0.004001s ]
INFO: [ app_begin ] --START--
INFO: Run Behavior\ReadHtmlCacheBehavior [ RunTime:0.002000s ]
INFO: [ app_begin ] --END-- [ RunTime:0.003000s ]
SQL: SHOW COLUMNS FROM `xg_admin` [ RunTime:0.0220s ]
SQL: SELECT * FROM `xg_admin` WHERE ( username='admin' and sessid='59cegvqib91okae1jc025garq3' )  [ RunTime:0.0010s ]
SQL: SHOW COLUMNS FROM `xg_site` [ RunTime:0.0230s ]
SQL: SELECT * FROM `xg_site` WHERE `siteid` = 1 LIMIT 1   [ RunTime:0.0010s ]
SQL: SHOW COLUMNS FROM `xg_auth` [ RunTime:0.0260s ]
SQL: SELECT * FROM `xg_auth` WHERE `id` = 1 LIMIT 1   [ RunTime:0.0010s ]
SQL: SHOW COLUMNS FROM `xg_lotteries` [ RunTime:0.0200s ]
NOTIC: [8] Undefined variable: map E:\zhuan_vip\Application\Admin\Controller\VipController.class.php 第 191 行.
SQL: SELECT COUNT(*) AS tp_count FROM `xg_lotteries` LIMIT 1   [ RunTime:0.0010s ]
NOTIC: [8] Undefined variable: map E:\zhuan_vip\Application\Admin\Controller\VipController.class.php 第 193 行.
SQL: SELECT * FROM `xg_lotteries` ORDER BY id desc LIMIT 0,10   [ RunTime:0.0020s ]
INFO: [ view_parse ] --START--
INFO: [ template_filter ] --START--
INFO: Run Behavior\ContentReplaceBehavior [ RunTime:0.000000s ]
INFO: [ template_filter ] --END-- [ RunTime:0.000000s ]
NOTIC: [8] Undefined variable: sel E:\zhuan_vip\Application\Runtime\Cache\Admin\77be920e32a1f1bbc4da4faa225a837e.php 第 16 行.
NOTIC: [8] Undefined variable: sel E:\zhuan_vip\Application\Runtime\Cache\Admin\77be920e32a1f1bbc4da4faa225a837e.php 第 16 行.
NOTIC: [8] Undefined variable: sel E:\zhuan_vip\Application\Runtime\Cache\Admin\77be920e32a1f1bbc4da4faa225a837e.php 第 16 行.
NOTIC: [8] Undefined variable: sel E:\zhuan_vip\Application\Runtime\Cache\Admin\77be920e32a1f1bbc4da4faa225a837e.php 第 21 行.
NOTIC: [8] Undefined variable: sel E:\zhuan_vip\Application\Runtime\Cache\Admin\77be920e32a1f1bbc4da4faa225a837e.php 第 21 行.
NOTIC: [8] Undefined variable: sel E:\zhuan_vip\Application\Runtime\Cache\Admin\77be920e32a1f1bbc4da4faa225a837e.php 第 21 行.
NOTIC: [8] Undefined variable: sel E:\zhuan_vip\Application\Runtime\Cache\Admin\77be920e32a1f1bbc4da4faa225a837e.php 第 21 行.
NOTIC: [8] Undefined variable: sel E:\zhuan_vip\Application\Runtime\Cache\Admin\77be920e32a1f1bbc4da4faa225a837e.php 第 24 行.
NOTIC: [8] Undefined variable: sel E:\zhuan_vip\Application\Runtime\Cache\Admin\77be920e32a1f1bbc4da4faa225a837e.php 第 24 行.
NOTIC: [8] Undefined index: status E:\zhuan_vip\Application\Runtime\Cache\Admin\77be920e32a1f1bbc4da4faa225a837e.php 第 72 行.
NOTIC: [8] Undefined index: status E:\zhuan_vip\Application\Runtime\Cache\Admin\77be920e32a1f1bbc4da4faa225a837e.php 第 75 行.
NOTIC: [8] Undefined index: status E:\zhuan_vip\Application\Runtime\Cache\Admin\77be920e32a1f1bbc4da4faa225a837e.php 第 79 行.
NOTIC: [8] Undefined index: status E:\zhuan_vip\Application\Runtime\Cache\Admin\77be920e32a1f1bbc4da4faa225a837e.php 第 83 行.
NOTIC: [8] Undefined index: status E:\zhuan_vip\Application\Runtime\Cache\Admin\77be920e32a1f1bbc4da4faa225a837e.php 第 87 行.
NOTIC: [8] Undefined index: status E:\zhuan_vip\Application\Runtime\Cache\Admin\77be920e32a1f1bbc4da4faa225a837e.php 第 91 行.
NOTIC: [8] Undefined index: status E:\zhuan_vip\Application\Runtime\Cache\Admin\77be920e32a1f1bbc4da4faa225a837e.php 第 95 行.
NOTIC: [8] Undefined index: status E:\zhuan_vip\Application\Runtime\Cache\Admin\77be920e32a1f1bbc4da4faa225a837e.php 第 99 行.
NOTIC: [8] Undefined index: status E:\zhuan_vip\Application\Runtime\Cache\Admin\77be920e32a1f1bbc4da4faa225a837e.php 第 103 行.
NOTIC: [8] Undefined index: status E:\zhuan_vip\Application\Runtime\Cache\Admin\77be920e32a1f1bbc4da4faa225a837e.php 第 72 行.
NOTIC: [8] Undefined index: status E:\zhuan_vip\Application\Runtime\Cache\Admin\77be920e32a1f1bbc4da4faa225a837e.php 第 75 行.
NOTIC: [8] Undefined index: status E:\zhuan_vip\Application\Runtime\Cache\Admin\77be920e32a1f1bbc4da4faa225a837e.php 第 79 行.
NOTIC: [8] Undefined index: status E:\zhuan_vip\Application\Runtime\Cache\Admin\77be920e32a1f1bbc4da4faa225a837e.php 第 83 行.
NOTIC: [8] Undefined index: status E:\zhuan_vip\Application\Runtime\Cache\Admin\77be920e32a1f1bbc4da4faa225a837e.php 第 87 行.
NOTIC: [8] Undefined index: status E:\zhuan_vip\Application\Runtime\Cache\Admin\77be920e32a1f1bbc4da4faa225a837e.php 第 91 行.
NOTIC: [8] Undefined index: status E:\zhuan_vip\Application\Runtime\Cache\Admin\77be920e32a1f1bbc4da4faa225a837e.php 第 95 行.
NOTIC: [8] Undefined index: status E:\zhuan_vip\Application\Runtime\Cache\Admin\77be920e32a1f1bbc4da4faa225a837e.php 第 99 行.
NOTIC: [8] Undefined index: status E:\zhuan_vip\Application\Runtime\Cache\Admin\77be920e32a1f1bbc4da4faa225a837e.php 第 103 行.
NOTIC: [8] Undefined index: status E:\zhuan_vip\Application\Runtime\Cache\Admin\77be920e32a1f1bbc4da4faa225a837e.php 第 72 行.
NOTIC: [8] Undefined index: status E:\zhuan_vip\Application\Runtime\Cache\Admin\77be920e32a1f1bbc4da4faa225a837e.php 第 75 行.
NOTIC: [8] Undefined index: status E:\zhuan_vip\Application\Runtime\Cache\Admin\77be920e32a1f1bbc4da4faa225a837e.php 第 79 行.
NOTIC: [8] Undefined index: status E:\zhuan_vip\Application\Runtime\Cache\Admin\77be920e32a1f1bbc4da4faa225a837e.php 第 83 行.
NOTIC: [8] Undefined index: status E:\zhuan_vip\Application\Runtime\Cache\Admin\77be920e32a1f1bbc4da4faa225a837e.php 第 87 行.
NOTIC: [8] Undefined index: status E:\zhuan_vip\Application\Runtime\Cache\Admin\77be920e32a1f1bbc4da4faa225a837e.php 第 91 行.
NOTIC: [8] Undefined index: status E:\zhuan_vip\Application\Runtime\Cache\Admin\77be920e32a1f1bbc4da4faa225a837e.php 第 95 行.
NOTIC: [8] Undefined index: status E:\zhuan_vip\Application\Runtime\Cache\Admin\77be920e32a1f1bbc4da4faa225a837e.php 第 99 行.
NOTIC: [8] Undefined index: status E:\zhuan_vip\Application\Runtime\Cache\Admin\77be920e32a1f1bbc4da4faa225a837e.php 第 103 行.
INFO: Run Behavior\ParseTemplateBehavior [ RunTime:0.060003s ]
INFO: [ view_parse ] --END-- [ RunTime:0.060003s ]
INFO: [ view_filter ] --START--
INFO: Run Behavior\WriteHtmlCacheBehavior [ RunTime:0.003001s ]
INFO: [ view_filter ] --END-- [ RunTime:0.003001s ]
INFO: [ app_end ] --START--
INFO: Run Behavior\ShowPageTraceBehavior [ RunTime:0.003000s ]
INFO: [ app_end ] --END-- [ RunTime:0.003000s ]

[ 2019-03-05T22:03:01+08:00 ] 127.0.0.1 /admin.php/Ip/ip.html
INFO: [ app_init ] --START--
INFO: Run Behavior\BuildLiteBehavior [ RunTime:0.000000s ]
INFO: [ app_init ] --END-- [ RunTime:0.002000s ]
INFO: [ app_begin ] --START--
INFO: Run Behavior\ReadHtmlCacheBehavior [ RunTime:0.002000s ]
INFO: [ app_begin ] --END-- [ RunTime:0.003000s ]
SQL: SHOW COLUMNS FROM `xg_admin` [ RunTime:0.0220s ]
SQL: SELECT * FROM `xg_admin` WHERE ( username='admin' and sessid='59cegvqib91okae1jc025garq3' )  [ RunTime:0.0010s ]
SQL: SHOW COLUMNS FROM `xg_site` [ RunTime:0.0240s ]
SQL: SELECT * FROM `xg_site` WHERE `siteid` = 1 LIMIT 1   [ RunTime:0.0010s ]
SQL: SHOW COLUMNS FROM `xg_auth` [ RunTime:0.0210s ]
SQL: SELECT * FROM `xg_auth` WHERE `id` = 1 LIMIT 1   [ RunTime:0.0010s ]
SQL: SHOW COLUMNS FROM `xg_ip` [ RunTime:0.0200s ]
NOTIC: [8] Undefined variable: map E:\zhuan_vip\Application\Admin\Controller\IpController.class.php 第 16 行.
SQL: SELECT COUNT(*) AS tp_count FROM `xg_ip` LIMIT 1   [ RunTime:0.0000s ]
NOTIC: [8] Undefined variable: map E:\zhuan_vip\Application\Admin\Controller\IpController.class.php 第 18 行.
SQL: SELECT * FROM `xg_ip` ORDER BY id desc LIMIT 0,10   [ RunTime:0.0010s ]
INFO: [ view_parse ] --START--
INFO: [ template_filter ] --START--
INFO: Run Behavior\ContentReplaceBehavior [ RunTime:0.000000s ]
INFO: [ template_filter ] --END-- [ RunTime:0.000000s ]
NOTIC: [8] Undefined variable: sel E:\zhuan_vip\Application\Runtime\Cache\Admin\0d236707c3dc1a243f4fe3186e41abdb.php 第 16 行.
NOTIC: [8] Undefined variable: sel E:\zhuan_vip\Application\Runtime\Cache\Admin\0d236707c3dc1a243f4fe3186e41abdb.php 第 16 行.
NOTIC: [8] Undefined variable: sel E:\zhuan_vip\Application\Runtime\Cache\Admin\0d236707c3dc1a243f4fe3186e41abdb.php 第 16 行.
NOTIC: [8] Undefined variable: sel E:\zhuan_vip\Application\Runtime\Cache\Admin\0d236707c3dc1a243f4fe3186e41abdb.php 第 21 行.
NOTIC: [8] Undefined variable: sel E:\zhuan_vip\Application\Runtime\Cache\Admin\0d236707c3dc1a243f4fe3186e41abdb.php 第 21 行.
NOTIC: [8] Undefined variable: sel E:\zhuan_vip\Application\Runtime\Cache\Admin\0d236707c3dc1a243f4fe3186e41abdb.php 第 21 行.
NOTIC: [8] Undefined variable: sel E:\zhuan_vip\Application\Runtime\Cache\Admin\0d236707c3dc1a243f4fe3186e41abdb.php 第 21 行.
NOTIC: [8] Undefined variable: sel E:\zhuan_vip\Application\Runtime\Cache\Admin\0d236707c3dc1a243f4fe3186e41abdb.php 第 24 行.
NOTIC: [8] Undefined variable: sel E:\zhuan_vip\Application\Runtime\Cache\Admin\0d236707c3dc1a243f4fe3186e41abdb.php 第 24 行.
INFO: Run Behavior\ParseTemplateBehavior [ RunTime:0.036002s ]
INFO: [ view_parse ] --END-- [ RunTime:0.037002s ]
INFO: [ view_filter ] --START--
INFO: Run Behavior\WriteHtmlCacheBehavior [ RunTime:0.001000s ]
INFO: [ view_filter ] --END-- [ RunTime:0.001000s ]
INFO: [ app_end ] --START--
INFO: Run Behavior\ShowPageTraceBehavior [ RunTime:0.002000s ]
INFO: [ app_end ] --END-- [ RunTime:0.002000s ]

[ 2019-03-05T22:03:30+08:00 ] 127.0.0.1 /admin.php/Ip/add.html
INFO: [ app_init ] --START--
INFO: Run Behavior\BuildLiteBehavior [ RunTime:0.000000s ]
INFO: [ app_init ] --END-- [ RunTime:0.002000s ]
INFO: [ app_begin ] --START--
INFO: Run Behavior\ReadHtmlCacheBehavior [ RunTime:0.002000s ]
INFO: [ app_begin ] --END-- [ RunTime:0.003000s ]
SQL: SHOW COLUMNS FROM `xg_admin` [ RunTime:0.0220s ]
SQL: SELECT * FROM `xg_admin` WHERE ( username='admin' and sessid='59cegvqib91okae1jc025garq3' )  [ RunTime:0.0010s ]
SQL: SHOW COLUMNS FROM `xg_site` [ RunTime:0.0240s ]
SQL: SELECT * FROM `xg_site` WHERE `siteid` = 1 LIMIT 1   [ RunTime:0.0010s ]
SQL: SHOW COLUMNS FROM `xg_auth` [ RunTime:0.0240s ]
SQL: SELECT * FROM `xg_auth` WHERE `id` = 1 LIMIT 1   [ RunTime:0.0020s ]
INFO: [ view_parse ] --START--
INFO: [ template_filter ] --START--
INFO: Run Behavior\ContentReplaceBehavior [ RunTime:0.000000s ]
INFO: [ template_filter ] --END-- [ RunTime:0.000000s ]
INFO: Run Behavior\ParseTemplateBehavior [ RunTime:0.034002s ]
INFO: [ view_parse ] --END-- [ RunTime:0.034002s ]
INFO: [ view_filter ] --START--
INFO: Run Behavior\WriteHtmlCacheBehavior [ RunTime:0.002000s ]
INFO: [ view_filter ] --END-- [ RunTime:0.002000s ]
INFO: [ app_end ] --START--
INFO: Run Behavior\ShowPageTraceBehavior [ RunTime:0.004000s ]
INFO: [ app_end ] --END-- [ RunTime:0.004000s ]

[ 2019-03-05T22:03:47+08:00 ] 127.0.0.1 /admin.php/Vip/bonus_lists.html
INFO: [ app_init ] --START--
INFO: Run Behavior\BuildLiteBehavior [ RunTime:0.000000s ]
INFO: [ app_init ] --END-- [ RunTime:0.003000s ]
INFO: [ app_begin ] --START--
INFO: Run Behavior\ReadHtmlCacheBehavior [ RunTime:0.003000s ]
INFO: [ app_begin ] --END-- [ RunTime:0.005000s ]
SQL: SHOW COLUMNS FROM `xg_admin` [ RunTime:0.0240s ]
SQL: SELECT * FROM `xg_admin` WHERE ( username='admin' and sessid='59cegvqib91okae1jc025garq3' )  [ RunTime:0.0010s ]
SQL: SHOW COLUMNS FROM `xg_site` [ RunTime:0.0250s ]
SQL: SELECT * FROM `xg_site` WHERE `siteid` = 1 LIMIT 1   [ RunTime:0.0020s ]
SQL: SHOW COLUMNS FROM `xg_auth` [ RunTime:0.0230s ]
SQL: SELECT * FROM `xg_auth` WHERE `id` = 1 LIMIT 1   [ RunTime:0.0010s ]
SQL: SHOW COLUMNS FROM `xg_lotteries` [ RunTime:0.0220s ]
NOTIC: [8] Undefined variable: map E:\zhuan_vip\Application\Admin\Controller\VipController.class.php 第 191 行.
SQL: SELECT COUNT(*) AS tp_count FROM `xg_lotteries` LIMIT 1   [ RunTime:0.0000s ]
NOTIC: [8] Undefined variable: map E:\zhuan_vip\Application\Admin\Controller\VipController.class.php 第 193 行.
SQL: SELECT * FROM `xg_lotteries` ORDER BY id desc LIMIT 0,10   [ RunTime:0.0030s ]
INFO: [ view_parse ] --START--
INFO: [ template_filter ] --START--
INFO: Run Behavior\ContentReplaceBehavior [ RunTime:0.000000s ]
INFO: [ template_filter ] --END-- [ RunTime:0.000000s ]
NOTIC: [8] Undefined variable: sel E:\zhuan_vip\Application\Runtime\Cache\Admin\77be920e32a1f1bbc4da4faa225a837e.php 第 16 行.
NOTIC: [8] Undefined variable: sel E:\zhuan_vip\Application\Runtime\Cache\Admin\77be920e32a1f1bbc4da4faa225a837e.php 第 16 行.
NOTIC: [8] Undefined variable: sel E:\zhuan_vip\Application\Runtime\Cache\Admin\77be920e32a1f1bbc4da4faa225a837e.php 第 16 行.
NOTIC: [8] Undefined variable: sel E:\zhuan_vip\Application\Runtime\Cache\Admin\77be920e32a1f1bbc4da4faa225a837e.php 第 21 行.
NOTIC: [8] Undefined variable: sel E:\zhuan_vip\Application\Runtime\Cache\Admin\77be920e32a1f1bbc4da4faa225a837e.php 第 21 行.
NOTIC: [8] Undefined variable: sel E:\zhuan_vip\Application\Runtime\Cache\Admin\77be920e32a1f1bbc4da4faa225a837e.php 第 21 行.
NOTIC: [8] Undefined variable: sel E:\zhuan_vip\Application\Runtime\Cache\Admin\77be920e32a1f1bbc4da4faa225a837e.php 第 21 行.
NOTIC: [8] Undefined variable: sel E:\zhuan_vip\Application\Runtime\Cache\Admin\77be920e32a1f1bbc4da4faa225a837e.php 第 24 行.
NOTIC: [8] Undefined variable: sel E:\zhuan_vip\Application\Runtime\Cache\Admin\77be920e32a1f1bbc4da4faa225a837e.php 第 24 行.
NOTIC: [8] Undefined index: status E:\zhuan_vip\Application\Runtime\Cache\Admin\77be920e32a1f1bbc4da4faa225a837e.php 第 72 行.
NOTIC: [8] Undefined index: status E:\zhuan_vip\Application\Runtime\Cache\Admin\77be920e32a1f1bbc4da4faa225a837e.php 第 75 行.
NOTIC: [8] Undefined index: status E:\zhuan_vip\Application\Runtime\Cache\Admin\77be920e32a1f1bbc4da4faa225a837e.php 第 79 行.
NOTIC: [8] Undefined index: status E:\zhuan_vip\Application\Runtime\Cache\Admin\77be920e32a1f1bbc4da4faa225a837e.php 第 83 行.
NOTIC: [8] Undefined index: status E:\zhuan_vip\Application\Runtime\Cache\Admin\77be920e32a1f1bbc4da4faa225a837e.php 第 87 行.
NOTIC: [8] Undefined index: status E:\zhuan_vip\Application\Runtime\Cache\Admin\77be920e32a1f1bbc4da4faa225a837e.php 第 91 行.
NOTIC: [8] Undefined index: status E:\zhuan_vip\Application\Runtime\Cache\Admin\77be920e32a1f1bbc4da4faa225a837e.php 第 95 行.
NOTIC: [8] Undefined index: status E:\zhuan_vip\Application\Runtime\Cache\Admin\77be920e32a1f1bbc4da4faa225a837e.php 第 99 行.
NOTIC: [8] Undefined index: status E:\zhuan_vip\Application\Runtime\Cache\Admin\77be920e32a1f1bbc4da4faa225a837e.php 第 103 行.
NOTIC: [8] Undefined index: status E:\zhuan_vip\Application\Runtime\Cache\Admin\77be920e32a1f1bbc4da4faa225a837e.php 第 72 行.
NOTIC: [8] Undefined index: status E:\zhuan_vip\Application\Runtime\Cache\Admin\77be920e32a1f1bbc4da4faa225a837e.php 第 75 行.
NOTIC: [8] Undefined index: status E:\zhuan_vip\Application\Runtime\Cache\Admin\77be920e32a1f1bbc4da4faa225a837e.php 第 79 行.
NOTIC: [8] Undefined index: status E:\zhuan_vip\Application\Runtime\Cache\Admin\77be920e32a1f1bbc4da4faa225a837e.php 第 83 行.
NOTIC: [8] Undefined index: status E:\zhuan_vip\Application\Runtime\Cache\Admin\77be920e32a1f1bbc4da4faa225a837e.php 第 87 行.
NOTIC: [8] Undefined index: status E:\zhuan_vip\Application\Runtime\Cache\Admin\77be920e32a1f1bbc4da4faa225a837e.php 第 91 行.
NOTIC: [8] Undefined index: status E:\zhuan_vip\Application\Runtime\Cache\Admin\77be920e32a1f1bbc4da4faa225a837e.php 第 95 行.
NOTIC: [8] Undefined index: status E:\zhuan_vip\Application\Runtime\Cache\Admin\77be920e32a1f1bbc4da4faa225a837e.php 第 99 行.
NOTIC: [8] Undefined index: status E:\zhuan_vip\Application\Runtime\Cache\Admin\77be920e32a1f1bbc4da4faa225a837e.php 第 103 行.
NOTIC: [8] Undefined index: status E:\zhuan_vip\Application\Runtime\Cache\Admin\77be920e32a1f1bbc4da4faa225a837e.php 第 72 行.
NOTIC: [8] Undefined index: status E:\zhuan_vip\Application\Runtime\Cache\Admin\77be920e32a1f1bbc4da4faa225a837e.php 第 75 行.
NOTIC: [8] Undefined index: status E:\zhuan_vip\Application\Runtime\Cache\Admin\77be920e32a1f1bbc4da4faa225a837e.php 第 79 行.
NOTIC: [8] Undefined index: status E:\zhuan_vip\Application\Runtime\Cache\Admin\77be920e32a1f1bbc4da4faa225a837e.php 第 83 行.
NOTIC: [8] Undefined index: status E:\zhuan_vip\Application\Runtime\Cache\Admin\77be920e32a1f1bbc4da4faa225a837e.php 第 87 行.
NOTIC: [8] Undefined index: status E:\zhuan_vip\Application\Runtime\Cache\Admin\77be920e32a1f1bbc4da4faa225a837e.php 第 91 行.
NOTIC: [8] Undefined index: status E:\zhuan_vip\Application\Runtime\Cache\Admin\77be920e32a1f1bbc4da4faa225a837e.php 第 95 行.
NOTIC: [8] Undefined index: status E:\zhuan_vip\Application\Runtime\Cache\Admin\77be920e32a1f1bbc4da4faa225a837e.php 第 99 行.
NOTIC: [8] Undefined index: status E:\zhuan_vip\Application\Runtime\Cache\Admin\77be920e32a1f1bbc4da4faa225a837e.php 第 103 行.
INFO: Run Behavior\ParseTemplateBehavior [ RunTime:0.047002s ]
INFO: [ view_parse ] --END-- [ RunTime:0.047002s ]
INFO: [ view_filter ] --START--
INFO: Run Behavior\WriteHtmlCacheBehavior [ RunTime:0.003000s ]
INFO: [ view_filter ] --END-- [ RunTime:0.003000s ]
INFO: [ app_end ] --START--
INFO: Run Behavior\ShowPageTraceBehavior [ RunTime:0.003001s ]
INFO: [ app_end ] --END-- [ RunTime:0.004001s ]

[ 2019-03-05T22:03:51+08:00 ] 127.0.0.1 /admin.php/Vip/add.html
INFO: [ app_init ] --START--
INFO: Run Behavior\BuildLiteBehavior [ RunTime:0.001000s ]
INFO: [ app_init ] --END-- [ RunTime:0.002001s ]
INFO: [ app_begin ] --START--
INFO: Run Behavior\ReadHtmlCacheBehavior [ RunTime:0.003000s ]
INFO: [ app_begin ] --END-- [ RunTime:0.003000s ]
SQL: SHOW COLUMNS FROM `xg_admin` [ RunTime:0.0220s ]
SQL: SELECT * FROM `xg_admin` WHERE ( username='admin' and sessid='59cegvqib91okae1jc025garq3' )  [ RunTime:0.0010s ]
SQL: SHOW COLUMNS FROM `xg_site` [ RunTime:0.0230s ]
SQL: SELECT * FROM `xg_site` WHERE `siteid` = 1 LIMIT 1   [ RunTime:0.0010s ]
SQL: SHOW COLUMNS FROM `xg_auth` [ RunTime:0.0280s ]
SQL: SELECT * FROM `xg_auth` WHERE `id` = 1 LIMIT 1   [ RunTime:0.0010s ]
INFO: [ view_parse ] --START--
INFO: [ template_filter ] --START--
INFO: Run Behavior\ContentReplaceBehavior [ RunTime:0.000000s ]
INFO: [ template_filter ] --END-- [ RunTime:0.000000s ]
INFO: Run Behavior\ParseTemplateBehavior [ RunTime:0.036002s ]
INFO: [ view_parse ] --END-- [ RunTime:0.036002s ]
INFO: [ view_filter ] --START--
INFO: Run Behavior\WriteHtmlCacheBehavior [ RunTime:0.002000s ]
INFO: [ view_filter ] --END-- [ RunTime:0.002000s ]
INFO: [ app_end ] --START--
INFO: Run Behavior\ShowPageTraceBehavior [ RunTime:0.004000s ]
INFO: [ app_end ] --END-- [ RunTime:0.004000s ]

[ 2019-03-05T22:04:05+08:00 ] 127.0.0.1 /admin.php/Vip/bonus_lists.html
INFO: [ app_init ] --START--
INFO: Run Behavior\BuildLiteBehavior [ RunTime:0.000000s ]
INFO: [ app_init ] --END-- [ RunTime:0.003000s ]
INFO: [ app_begin ] --START--
INFO: Run Behavior\ReadHtmlCacheBehavior [ RunTime:0.002000s ]
INFO: [ app_begin ] --END-- [ RunTime:0.002000s ]
SQL: SHOW COLUMNS FROM `xg_admin` [ RunTime:0.0240s ]
SQL: SELECT * FROM `xg_admin` WHERE ( username='admin' and sessid='59cegvqib91okae1jc025garq3' )  [ RunTime:0.0020s ]
SQL: SHOW COLUMNS FROM `xg_site` [ RunTime:0.0210s ]
SQL: SELECT * FROM `xg_site` WHERE `siteid` = 1 LIMIT 1   [ RunTime:0.0010s ]
SQL: SHOW COLUMNS FROM `xg_auth` [ RunTime:0.0210s ]
SQL: SELECT * FROM `xg_auth` WHERE `id` = 1 LIMIT 1   [ RunTime:0.0010s ]
SQL: SHOW COLUMNS FROM `xg_lotteries` [ RunTime:0.0200s ]
NOTIC: [8] Undefined variable: map E:\zhuan_vip\Application\Admin\Controller\VipController.class.php 第 191 行.
SQL: SELECT COUNT(*) AS tp_count FROM `xg_lotteries` LIMIT 1   [ RunTime:0.0010s ]
NOTIC: [8] Undefined variable: map E:\zhuan_vip\Application\Admin\Controller\VipController.class.php 第 193 行.
SQL: SELECT * FROM `xg_lotteries` ORDER BY id desc LIMIT 0,10   [ RunTime:0.0010s ]
INFO: [ view_parse ] --START--
INFO: [ template_filter ] --START--
INFO: Run Behavior\ContentReplaceBehavior [ RunTime:0.000000s ]
INFO: [ template_filter ] --END-- [ RunTime:0.001000s ]
NOTIC: [8] Undefined variable: sel E:\zhuan_vip\Application\Runtime\Cache\Admin\77be920e32a1f1bbc4da4faa225a837e.php 第 16 行.
NOTIC: [8] Undefined variable: sel E:\zhuan_vip\Application\Runtime\Cache\Admin\77be920e32a1f1bbc4da4faa225a837e.php 第 16 行.
NOTIC: [8] Undefined variable: sel E:\zhuan_vip\Application\Runtime\Cache\Admin\77be920e32a1f1bbc4da4faa225a837e.php 第 16 行.
NOTIC: [8] Undefined variable: sel E:\zhuan_vip\Application\Runtime\Cache\Admin\77be920e32a1f1bbc4da4faa225a837e.php 第 21 行.
NOTIC: [8] Undefined variable: sel E:\zhuan_vip\Application\Runtime\Cache\Admin\77be920e32a1f1bbc4da4faa225a837e.php 第 21 行.
NOTIC: [8] Undefined variable: sel E:\zhuan_vip\Application\Runtime\Cache\Admin\77be920e32a1f1bbc4da4faa225a837e.php 第 21 行.
NOTIC: [8] Undefined variable: sel E:\zhuan_vip\Application\Runtime\Cache\Admin\77be920e32a1f1bbc4da4faa225a837e.php 第 21 行.
NOTIC: [8] Undefined variable: sel E:\zhuan_vip\Application\Runtime\Cache\Admin\77be920e32a1f1bbc4da4faa225a837e.php 第 24 行.
NOTIC: [8] Undefined variable: sel E:\zhuan_vip\Application\Runtime\Cache\Admin\77be920e32a1f1bbc4da4faa225a837e.php 第 24 行.
NOTIC: [8] Undefined index: status E:\zhuan_vip\Application\Runtime\Cache\Admin\77be920e32a1f1bbc4da4faa225a837e.php 第 72 行.
NOTIC: [8] Undefined index: status E:\zhuan_vip\Application\Runtime\Cache\Admin\77be920e32a1f1bbc4da4faa225a837e.php 第 75 行.
NOTIC: [8] Undefined index: status E:\zhuan_vip\Application\Runtime\Cache\Admin\77be920e32a1f1bbc4da4faa225a837e.php 第 79 行.
NOTIC: [8] Undefined index: status E:\zhuan_vip\Application\Runtime\Cache\Admin\77be920e32a1f1bbc4da4faa225a837e.php 第 83 行.
NOTIC: [8] Undefined index: status E:\zhuan_vip\Application\Runtime\Cache\Admin\77be920e32a1f1bbc4da4faa225a837e.php 第 87 行.
NOTIC: [8] Undefined index: status E:\zhuan_vip\Application\Runtime\Cache\Admin\77be920e32a1f1bbc4da4faa225a837e.php 第 91 行.
NOTIC: [8] Undefined index: status E:\zhuan_vip\Application\Runtime\Cache\Admin\77be920e32a1f1bbc4da4faa225a837e.php 第 95 行.
NOTIC: [8] Undefined index: status E:\zhuan_vip\Application\Runtime\Cache\Admin\77be920e32a1f1bbc4da4faa225a837e.php 第 99 行.
NOTIC: [8] Undefined index: status E:\zhuan_vip\Application\Runtime\Cache\Admin\77be920e32a1f1bbc4da4faa225a837e.php 第 103 行.
NOTIC: [8] Undefined index: status E:\zhuan_vip\Application\Runtime\Cache\Admin\77be920e32a1f1bbc4da4faa225a837e.php 第 72 行.
NOTIC: [8] Undefined index: status E:\zhuan_vip\Application\Runtime\Cache\Admin\77be920e32a1f1bbc4da4faa225a837e.php 第 75 行.
NOTIC: [8] Undefined index: status E:\zhuan_vip\Application\Runtime\Cache\Admin\77be920e32a1f1bbc4da4faa225a837e.php 第 79 行.
NOTIC: [8] Undefined index: status E:\zhuan_vip\Application\Runtime\Cache\Admin\77be920e32a1f1bbc4da4faa225a837e.php 第 83 行.
NOTIC: [8] Undefined index: status E:\zhuan_vip\Application\Runtime\Cache\Admin\77be920e32a1f1bbc4da4faa225a837e.php 第 87 行.
NOTIC: [8] Undefined index: status E:\zhuan_vip\Application\Runtime\Cache\Admin\77be920e32a1f1bbc4da4faa225a837e.php 第 91 行.
NOTIC: [8] Undefined index: status E:\zhuan_vip\Application\Runtime\Cache\Admin\77be920e32a1f1bbc4da4faa225a837e.php 第 95 行.
NOTIC: [8] Undefined index: status E:\zhuan_vip\Application\Runtime\Cache\Admin\77be920e32a1f1bbc4da4faa225a837e.php 第 99 行.
NOTIC: [8] Undefined index: status E:\zhuan_vip\Application\Runtime\Cache\Admin\77be920e32a1f1bbc4da4faa225a837e.php 第 103 行.
NOTIC: [8] Undefined index: status E:\zhuan_vip\Application\Runtime\Cache\Admin\77be920e32a1f1bbc4da4faa225a837e.php 第 72 行.
NOTIC: [8] Undefined index: status E:\zhuan_vip\Application\Runtime\Cache\Admin\77be920e32a1f1bbc4da4faa225a837e.php 第 75 行.
NOTIC: [8] Undefined index: status E:\zhuan_vip\Application\Runtime\Cache\Admin\77be920e32a1f1bbc4da4faa225a837e.php 第 79 行.
NOTIC: [8] Undefined index: status E:\zhuan_vip\Application\Runtime\Cache\Admin\77be920e32a1f1bbc4da4faa225a837e.php 第 83 行.
NOTIC: [8] Undefined index: status E:\zhuan_vip\Application\Runtime\Cache\Admin\77be920e32a1f1bbc4da4faa225a837e.php 第 87 行.
NOTIC: [8] Undefined index: status E:\zhuan_vip\Application\Runtime\Cache\Admin\77be920e32a1f1bbc4da4faa225a837e.php 第 91 行.
NOTIC: [8] Undefined index: status E:\zhuan_vip\Application\Runtime\Cache\Admin\77be920e32a1f1bbc4da4faa225a837e.php 第 95 行.
NOTIC: [8] Undefined index: status E:\zhuan_vip\Application\Runtime\Cache\Admin\77be920e32a1f1bbc4da4faa225a837e.php 第 99 行.
NOTIC: [8] Undefined index: status E:\zhuan_vip\Application\Runtime\Cache\Admin\77be920e32a1f1bbc4da4faa225a837e.php 第 103 行.
INFO: Run Behavior\ParseTemplateBehavior [ RunTime:0.047002s ]
INFO: [ view_parse ] --END-- [ RunTime:0.048002s ]
INFO: [ view_filter ] --START--
INFO: Run Behavior\WriteHtmlCacheBehavior [ RunTime:0.001000s ]
INFO: [ view_filter ] --END-- [ RunTime:0.001000s ]
INFO: [ app_end ] --START--
INFO: Run Behavior\ShowPageTraceBehavior [ RunTime:0.003001s ]
INFO: [ app_end ] --END-- [ RunTime:0.003001s ]

[ 2019-03-05T22:04:13+08:00 ] 127.0.0.1 /admin.php/Ip/ip.html
INFO: [ app_init ] --START--
INFO: Run Behavior\BuildLiteBehavior [ RunTime:0.000000s ]
INFO: [ app_init ] --END-- [ RunTime:0.003001s ]
INFO: [ app_begin ] --START--
INFO: Run Behavior\ReadHtmlCacheBehavior [ RunTime:0.003000s ]
INFO: [ app_begin ] --END-- [ RunTime:0.003000s ]
SQL: SHOW COLUMNS FROM `xg_admin` [ RunTime:0.0220s ]
SQL: SELECT * FROM `xg_admin` WHERE ( username='admin' and sessid='59cegvqib91okae1jc025garq3' )  [ RunTime:0.0010s ]
SQL: SHOW COLUMNS FROM `xg_site` [ RunTime:0.0250s ]
SQL: SELECT * FROM `xg_site` WHERE `siteid` = 1 LIMIT 1   [ RunTime:0.0010s ]
SQL: SHOW COLUMNS FROM `xg_auth` [ RunTime:0.0270s ]
SQL: SELECT * FROM `xg_auth` WHERE `id` = 1 LIMIT 1   [ RunTime:0.0010s ]
SQL: SHOW COLUMNS FROM `xg_ip` [ RunTime:0.0250s ]
NOTIC: [8] Undefined variable: map E:\zhuan_vip\Application\Admin\Controller\IpController.class.php 第 16 行.
SQL: SELECT COUNT(*) AS tp_count FROM `xg_ip` LIMIT 1   [ RunTime:0.0010s ]
NOTIC: [8] Undefined variable: map E:\zhuan_vip\Application\Admin\Controller\IpController.class.php 第 18 行.
SQL: SELECT * FROM `xg_ip` ORDER BY id desc LIMIT 0,10   [ RunTime:0.0010s ]
INFO: [ view_parse ] --START--
INFO: [ template_filter ] --START--
INFO: Run Behavior\ContentReplaceBehavior [ RunTime:0.001000s ]
INFO: [ template_filter ] --END-- [ RunTime:0.001000s ]
NOTIC: [8] Undefined variable: sel E:\zhuan_vip\Application\Runtime\Cache\Admin\0d236707c3dc1a243f4fe3186e41abdb.php 第 16 行.
NOTIC: [8] Undefined variable: sel E:\zhuan_vip\Application\Runtime\Cache\Admin\0d236707c3dc1a243f4fe3186e41abdb.php 第 16 行.
NOTIC: [8] Undefined variable: sel E:\zhuan_vip\Application\Runtime\Cache\Admin\0d236707c3dc1a243f4fe3186e41abdb.php 第 16 行.
NOTIC: [8] Undefined variable: sel E:\zhuan_vip\Application\Runtime\Cache\Admin\0d236707c3dc1a243f4fe3186e41abdb.php 第 21 行.
NOTIC: [8] Undefined variable: sel E:\zhuan_vip\Application\Runtime\Cache\Admin\0d236707c3dc1a243f4fe3186e41abdb.php 第 21 行.
NOTIC: [8] Undefined variable: sel E:\zhuan_vip\Application\Runtime\Cache\Admin\0d236707c3dc1a243f4fe3186e41abdb.php 第 21 行.
NOTIC: [8] Undefined variable: sel E:\zhuan_vip\Application\Runtime\Cache\Admin\0d236707c3dc1a243f4fe3186e41abdb.php 第 21 行.
NOTIC: [8] Undefined variable: sel E:\zhuan_vip\Application\Runtime\Cache\Admin\0d236707c3dc1a243f4fe3186e41abdb.php 第 24 行.
NOTIC: [8] Undefined variable: sel E:\zhuan_vip\Application\Runtime\Cache\Admin\0d236707c3dc1a243f4fe3186e41abdb.php 第 24 行.
INFO: Run Behavior\ParseTemplateBehavior [ RunTime:0.039002s ]
INFO: [ view_parse ] --END-- [ RunTime:0.040002s ]
INFO: [ view_filter ] --START--
INFO: Run Behavior\WriteHtmlCacheBehavior [ RunTime:0.002000s ]
INFO: [ view_filter ] --END-- [ RunTime:0.002000s ]
INFO: [ app_end ] --START--
INFO: Run Behavior\ShowPageTraceBehavior [ RunTime:0.003001s ]
INFO: [ app_end ] --END-- [ RunTime:0.003001s ]

[ 2019-03-05T22:04:28+08:00 ] 127.0.0.1 /admin.php/Index/summarize.html
INFO: [ app_init ] --START--
INFO: Run Behavior\BuildLiteBehavior [ RunTime:0.001000s ]
INFO: [ app_init ] --END-- [ RunTime:0.002000s ]
INFO: [ app_begin ] --START--
INFO: Run Behavior\ReadHtmlCacheBehavior [ RunTime:0.003000s ]
INFO: [ app_begin ] --END-- [ RunTime:0.003000s ]
SQL: SHOW COLUMNS FROM `xg_admin` [ RunTime:0.0200s ]
SQL: SELECT * FROM `xg_admin` WHERE ( username='admin' and sessid='59cegvqib91okae1jc025garq3' )  [ RunTime:0.0010s ]
SQL: SHOW COLUMNS FROM `xg_site` [ RunTime:0.0200s ]
SQL: SELECT * FROM `xg_site` WHERE `siteid` = 1 LIMIT 1   [ RunTime:0.0010s ]
SQL: SHOW COLUMNS FROM `xg_auth` [ RunTime:0.0200s ]
SQL: SELECT * FROM `xg_auth` WHERE `id` = 1 LIMIT 1   [ RunTime:0.0020s ]
SQL: select version() as ver [ RunTime:0.0010s ]
INFO: [ view_parse ] --START--
INFO: [ template_filter ] --START--
INFO: Run Behavior\ContentReplaceBehavior [ RunTime:0.000000s ]
INFO: [ template_filter ] --END-- [ RunTime:0.001000s ]
NOTIC: [8] Undefined variable: sel E:\zhuan_vip\Application\Runtime\Cache\Admin\a91718f612b01347f17fdaf34b340690.php 第 16 行.
NOTIC: [8] Undefined variable: sel E:\zhuan_vip\Application\Runtime\Cache\Admin\a91718f612b01347f17fdaf34b340690.php 第 16 行.
NOTIC: [8] Undefined variable: sel E:\zhuan_vip\Application\Runtime\Cache\Admin\a91718f612b01347f17fdaf34b340690.php 第 16 行.
NOTIC: [8] Undefined variable: sel E:\zhuan_vip\Application\Runtime\Cache\Admin\a91718f612b01347f17fdaf34b340690.php 第 21 行.
NOTIC: [8] Undefined variable: sel E:\zhuan_vip\Application\Runtime\Cache\Admin\a91718f612b01347f17fdaf34b340690.php 第 21 行.
NOTIC: [8] Undefined variable: sel E:\zhuan_vip\Application\Runtime\Cache\Admin\a91718f612b01347f17fdaf34b340690.php 第 21 行.
NOTIC: [8] Undefined variable: sel E:\zhuan_vip\Application\Runtime\Cache\Admin\a91718f612b01347f17fdaf34b340690.php 第 21 行.
NOTIC: [8] Undefined variable: sel E:\zhuan_vip\Application\Runtime\Cache\Admin\a91718f612b01347f17fdaf34b340690.php 第 24 行.
NOTIC: [8] Undefined variable: sel E:\zhuan_vip\Application\Runtime\Cache\Admin\a91718f612b01347f17fdaf34b340690.php 第 24 行.
INFO: Run Behavior\ParseTemplateBehavior [ RunTime:0.036002s ]
INFO: [ view_parse ] --END-- [ RunTime:0.040003s ]
INFO: [ view_filter ] --START--
INFO: Run Behavior\WriteHtmlCacheBehavior [ RunTime:0.002000s ]
INFO: [ view_filter ] --END-- [ RunTime:0.002000s ]
INFO: [ app_end ] --START--
INFO: Run Behavior\ShowPageTraceBehavior [ RunTime:0.004000s ]
INFO: [ app_end ] --END-- [ RunTime:0.004000s ]

[ 2019-03-05T22:04:33+08:00 ] 127.0.0.1 /admin.php/Ip/ip.html
INFO: [ app_init ] --START--
INFO: Run Behavior\BuildLiteBehavior [ RunTime:0.000000s ]
INFO: [ app_init ] --END-- [ RunTime:0.002000s ]
INFO: [ app_begin ] --START--
INFO: Run Behavior\ReadHtmlCacheBehavior [ RunTime:0.003000s ]
INFO: [ app_begin ] --END-- [ RunTime:0.003000s ]
SQL: SHOW COLUMNS FROM `xg_admin` [ RunTime:0.0240s ]
SQL: SELECT * FROM `xg_admin` WHERE ( username='admin' and sessid='59cegvqib91okae1jc025garq3' )  [ RunTime:0.0010s ]
SQL: SHOW COLUMNS FROM `xg_site` [ RunTime:0.0230s ]
SQL: SELECT * FROM `xg_site` WHERE `siteid` = 1 LIMIT 1   [ RunTime:0.0020s ]
SQL: SHOW COLUMNS FROM `xg_auth` [ RunTime:0.0230s ]
SQL: SELECT * FROM `xg_auth` WHERE `id` = 1 LIMIT 1   [ RunTime:0.0010s ]
SQL: SHOW COLUMNS FROM `xg_ip` [ RunTime:0.0230s ]
NOTIC: [8] Undefined variable: map E:\zhuan_vip\Application\Admin\Controller\IpController.class.php 第 16 行.
SQL: SELECT COUNT(*) AS tp_count FROM `xg_ip` LIMIT 1   [ RunTime:0.0000s ]
NOTIC: [8] Undefined variable: map E:\zhuan_vip\Application\Admin\Controller\IpController.class.php 第 18 行.
SQL: SELECT * FROM `xg_ip` ORDER BY id desc LIMIT 0,10   [ RunTime:0.0010s ]
INFO: [ view_parse ] --START--
INFO: [ template_filter ] --START--
INFO: Run Behavior\ContentReplaceBehavior [ RunTime:0.001000s ]
INFO: [ template_filter ] --END-- [ RunTime:0.001000s ]
NOTIC: [8] Undefined variable: sel E:\zhuan_vip\Application\Runtime\Cache\Admin\0d236707c3dc1a243f4fe3186e41abdb.php 第 16 行.
NOTIC: [8] Undefined variable: sel E:\zhuan_vip\Application\Runtime\Cache\Admin\0d236707c3dc1a243f4fe3186e41abdb.php 第 16 行.
NOTIC: [8] Undefined variable: sel E:\zhuan_vip\Application\Runtime\Cache\Admin\0d236707c3dc1a243f4fe3186e41abdb.php 第 16 行.
NOTIC: [8] Undefined variable: sel E:\zhuan_vip\Application\Runtime\Cache\Admin\0d236707c3dc1a243f4fe3186e41abdb.php 第 21 行.
NOTIC: [8] Undefined variable: sel E:\zhuan_vip\Application\Runtime\Cache\Admin\0d236707c3dc1a243f4fe3186e41abdb.php 第 21 行.
NOTIC: [8] Undefined variable: sel E:\zhuan_vip\Application\Runtime\Cache\Admin\0d236707c3dc1a243f4fe3186e41abdb.php 第 21 行.
NOTIC: [8] Undefined variable: sel E:\zhuan_vip\Application\Runtime\Cache\Admin\0d236707c3dc1a243f4fe3186e41abdb.php 第 21 行.
NOTIC: [8] Undefined variable: sel E:\zhuan_vip\Application\Runtime\Cache\Admin\0d236707c3dc1a243f4fe3186e41abdb.php 第 24 行.
NOTIC: [8] Undefined variable: sel E:\zhuan_vip\Application\Runtime\Cache\Admin\0d236707c3dc1a243f4fe3186e41abdb.php 第 24 行.
INFO: Run Behavior\ParseTemplateBehavior [ RunTime:0.040003s ]
INFO: [ view_parse ] --END-- [ RunTime:0.040003s ]
INFO: [ view_filter ] --START--
INFO: Run Behavior\WriteHtmlCacheBehavior [ RunTime:0.002000s ]
INFO: [ view_filter ] --END-- [ RunTime:0.002000s ]
INFO: [ app_end ] --START--
INFO: Run Behavior\ShowPageTraceBehavior [ RunTime:0.003000s ]
INFO: [ app_end ] --END-- [ RunTime:0.003000s ]

[ 2019-03-05T22:04:47+08:00 ] 127.0.0.1 /admin.php/Vip/bonus_lists.html
INFO: [ app_init ] --START--
INFO: Run Behavior\BuildLiteBehavior [ RunTime:0.000000s ]
INFO: [ app_init ] --END-- [ RunTime:0.002000s ]
INFO: [ app_begin ] --START--
INFO: Run Behavior\ReadHtmlCacheBehavior [ RunTime:0.002000s ]
INFO: [ app_begin ] --END-- [ RunTime:0.003000s ]
SQL: SHOW COLUMNS FROM `xg_admin` [ RunTime:0.0270s ]
SQL: SELECT * FROM `xg_admin` WHERE ( username='admin' and sessid='59cegvqib91okae1jc025garq3' )  [ RunTime:0.0010s ]
SQL: SHOW COLUMNS FROM `xg_site` [ RunTime:0.0230s ]
SQL: SELECT * FROM `xg_site` WHERE `siteid` = 1 LIMIT 1   [ RunTime:0.0030s ]
SQL: SHOW COLUMNS FROM `xg_auth` [ RunTime:0.0300s ]
SQL: SELECT * FROM `xg_auth` WHERE `id` = 1 LIMIT 1   [ RunTime:0.0040s ]
SQL: SHOW COLUMNS FROM `xg_lotteries` [ RunTime:0.0260s ]
NOTIC: [8] Undefined variable: map E:\zhuan_vip\Application\Admin\Controller\VipController.class.php 第 191 行.
SQL: SELECT COUNT(*) AS tp_count FROM `xg_lotteries` LIMIT 1   [ RunTime:0.0010s ]
NOTIC: [8] Undefined variable: map E:\zhuan_vip\Application\Admin\Controller\VipController.class.php 第 193 行.
SQL: SELECT * FROM `xg_lotteries` ORDER BY id desc LIMIT 0,10   [ RunTime:0.0020s ]
INFO: [ view_parse ] --START--
INFO: [ template_filter ] --START--
INFO: Run Behavior\ContentReplaceBehavior [ RunTime:0.000000s ]
INFO: [ template_filter ] --END-- [ RunTime:0.000000s ]
NOTIC: [8] Undefined variable: sel E:\zhuan_vip\Application\Runtime\Cache\Admin\77be920e32a1f1bbc4da4faa225a837e.php 第 16 行.
NOTIC: [8] Undefined variable: sel E:\zhuan_vip\Application\Runtime\Cache\Admin\77be920e32a1f1bbc4da4faa225a837e.php 第 16 行.
NOTIC: [8] Undefined variable: sel E:\zhuan_vip\Application\Runtime\Cache\Admin\77be920e32a1f1bbc4da4faa225a837e.php 第 16 行.
NOTIC: [8] Undefined variable: sel E:\zhuan_vip\Application\Runtime\Cache\Admin\77be920e32a1f1bbc4da4faa225a837e.php 第 21 行.
NOTIC: [8] Undefined variable: sel E:\zhuan_vip\Application\Runtime\Cache\Admin\77be920e32a1f1bbc4da4faa225a837e.php 第 21 行.
NOTIC: [8] Undefined variable: sel E:\zhuan_vip\Application\Runtime\Cache\Admin\77be920e32a1f1bbc4da4faa225a837e.php 第 21 行.
NOTIC: [8] Undefined variable: sel E:\zhuan_vip\Application\Runtime\Cache\Admin\77be920e32a1f1bbc4da4faa225a837e.php 第 21 行.
NOTIC: [8] Undefined variable: sel E:\zhuan_vip\Application\Runtime\Cache\Admin\77be920e32a1f1bbc4da4faa225a837e.php 第 24 行.
NOTIC: [8] Undefined variable: sel E:\zhuan_vip\Application\Runtime\Cache\Admin\77be920e32a1f1bbc4da4faa225a837e.php 第 24 行.
NOTIC: [8] Undefined index: status E:\zhuan_vip\Application\Runtime\Cache\Admin\77be920e32a1f1bbc4da4faa225a837e.php 第 72 行.
NOTIC: [8] Undefined index: status E:\zhuan_vip\Application\Runtime\Cache\Admin\77be920e32a1f1bbc4da4faa225a837e.php 第 75 行.
NOTIC: [8] Undefined index: status E:\zhuan_vip\Application\Runtime\Cache\Admin\77be920e32a1f1bbc4da4faa225a837e.php 第 79 行.
NOTIC: [8] Undefined index: status E:\zhuan_vip\Application\Runtime\Cache\Admin\77be920e32a1f1bbc4da4faa225a837e.php 第 83 行.
NOTIC: [8] Undefined index: status E:\zhuan_vip\Application\Runtime\Cache\Admin\77be920e32a1f1bbc4da4faa225a837e.php 第 87 行.
NOTIC: [8] Undefined index: status E:\zhuan_vip\Application\Runtime\Cache\Admin\77be920e32a1f1bbc4da4faa225a837e.php 第 91 行.
NOTIC: [8] Undefined index: status E:\zhuan_vip\Application\Runtime\Cache\Admin\77be920e32a1f1bbc4da4faa225a837e.php 第 95 行.
NOTIC: [8] Undefined index: status E:\zhuan_vip\Application\Runtime\Cache\Admin\77be920e32a1f1bbc4da4faa225a837e.php 第 99 行.
NOTIC: [8] Undefined index: status E:\zhuan_vip\Application\Runtime\Cache\Admin\77be920e32a1f1bbc4da4faa225a837e.php 第 103 行.
NOTIC: [8] Undefined index: status E:\zhuan_vip\Application\Runtime\Cache\Admin\77be920e32a1f1bbc4da4faa225a837e.php 第 72 行.
NOTIC: [8] Undefined index: status E:\zhuan_vip\Application\Runtime\Cache\Admin\77be920e32a1f1bbc4da4faa225a837e.php 第 75 行.
NOTIC: [8] Undefined index: status E:\zhuan_vip\Application\Runtime\Cache\Admin\77be920e32a1f1bbc4da4faa225a837e.php 第 79 行.
NOTIC: [8] Undefined index: status E:\zhuan_vip\Application\Runtime\Cache\Admin\77be920e32a1f1bbc4da4faa225a837e.php 第 83 行.
NOTIC: [8] Undefined index: status E:\zhuan_vip\Application\Runtime\Cache\Admin\77be920e32a1f1bbc4da4faa225a837e.php 第 87 行.
NOTIC: [8] Undefined index: status E:\zhuan_vip\Application\Runtime\Cache\Admin\77be920e32a1f1bbc4da4faa225a837e.php 第 91 行.
NOTIC: [8] Undefined index: status E:\zhuan_vip\Application\Runtime\Cache\Admin\77be920e32a1f1bbc4da4faa225a837e.php 第 95 行.
NOTIC: [8] Undefined index: status E:\zhuan_vip\Application\Runtime\Cache\Admin\77be920e32a1f1bbc4da4faa225a837e.php 第 99 行.
NOTIC: [8] Undefined index: status E:\zhuan_vip\Application\Runtime\Cache\Admin\77be920e32a1f1bbc4da4faa225a837e.php 第 103 行.
NOTIC: [8] Undefined index: status E:\zhuan_vip\Application\Runtime\Cache\Admin\77be920e32a1f1bbc4da4faa225a837e.php 第 72 行.
NOTIC: [8] Undefined index: status E:\zhuan_vip\Application\Runtime\Cache\Admin\77be920e32a1f1bbc4da4faa225a837e.php 第 75 行.
NOTIC: [8] Undefined index: status E:\zhuan_vip\Application\Runtime\Cache\Admin\77be920e32a1f1bbc4da4faa225a837e.php 第 79 行.
NOTIC: [8] Undefined index: status E:\zhuan_vip\Application\Runtime\Cache\Admin\77be920e32a1f1bbc4da4faa225a837e.php 第 83 行.
NOTIC: [8] Undefined index: status E:\zhuan_vip\Application\Runtime\Cache\Admin\77be920e32a1f1bbc4da4faa225a837e.php 第 87 行.
NOTIC: [8] Undefined index: status E:\zhuan_vip\Application\Runtime\Cache\Admin\77be920e32a1f1bbc4da4faa225a837e.php 第 91 行.
NOTIC: [8] Undefined index: status E:\zhuan_vip\Application\Runtime\Cache\Admin\77be920e32a1f1bbc4da4faa225a837e.php 第 95 行.
NOTIC: [8] Undefined index: status E:\zhuan_vip\Application\Runtime\Cache\Admin\77be920e32a1f1bbc4da4faa225a837e.php 第 99 行.
NOTIC: [8] Undefined index: status E:\zhuan_vip\Application\Runtime\Cache\Admin\77be920e32a1f1bbc4da4faa225a837e.php 第 103 行.
INFO: Run Behavior\ParseTemplateBehavior [ RunTime:0.061004s ]
INFO: [ view_parse ] --END-- [ RunTime:0.061004s ]
INFO: [ view_filter ] --START--
INFO: Run Behavior\WriteHtmlCacheBehavior [ RunTime:0.003000s ]
INFO: [ view_filter ] --END-- [ RunTime:0.003000s ]
INFO: [ app_end ] --START--
INFO: Run Behavior\ShowPageTraceBehavior [ RunTime:0.002000s ]
INFO: [ app_end ] --END-- [ RunTime:0.003000s ]

[ 2019-03-05T22:05:02+08:00 ] 127.0.0.1 /admin.php/Vip/bonus_lists.html?q=%E6%AC%A7%E4%BD%B3%E4%BF%8A
INFO: [ app_init ] --START--
INFO: Run Behavior\BuildLiteBehavior [ RunTime:0.000000s ]
INFO: [ app_init ] --END-- [ RunTime:0.002000s ]
INFO: [ app_begin ] --START--
INFO: Run Behavior\ReadHtmlCacheBehavior [ RunTime:0.002000s ]
INFO: [ app_begin ] --END-- [ RunTime:0.002000s ]
SQL: SHOW COLUMNS FROM `xg_admin` [ RunTime:0.0210s ]
SQL: SELECT * FROM `xg_admin` WHERE ( username='admin' and sessid='59cegvqib91okae1jc025garq3' )  [ RunTime:0.0010s ]
SQL: SHOW COLUMNS FROM `xg_site` [ RunTime:0.0220s ]
SQL: SELECT * FROM `xg_site` WHERE `siteid` = 1 LIMIT 1   [ RunTime:0.0010s ]
SQL: SHOW COLUMNS FROM `xg_auth` [ RunTime:0.0230s ]
SQL: SELECT * FROM `xg_auth` WHERE `id` = 1 LIMIT 1   [ RunTime:0.0020s ]
SQL: SHOW COLUMNS FROM `xg_lotteries` [ RunTime:0.0220s ]
SQL: SELECT COUNT(*) AS tp_count FROM `xg_lotteries` WHERE (  `username` LIKE '%欧佳俊%' ) LIMIT 1   [ RunTime:0.0010s ]
SQL: SELECT * FROM `xg_lotteries` WHERE (  `username` LIKE '%欧佳俊%' ) ORDER BY id desc LIMIT 0,10   [ RunTime:0.0010s ]
INFO: [ view_parse ] --START--
INFO: [ template_filter ] --START--
INFO: Run Behavior\ContentReplaceBehavior [ RunTime:0.000000s ]
INFO: [ template_filter ] --END-- [ RunTime:0.000000s ]
NOTIC: [8] Undefined variable: sel E:\zhuan_vip\Application\Runtime\Cache\Admin\77be920e32a1f1bbc4da4faa225a837e.php 第 16 行.
NOTIC: [8] Undefined variable: sel E:\zhuan_vip\Application\Runtime\Cache\Admin\77be920e32a1f1bbc4da4faa225a837e.php 第 16 行.
NOTIC: [8] Undefined variable: sel E:\zhuan_vip\Application\Runtime\Cache\Admin\77be920e32a1f1bbc4da4faa225a837e.php 第 16 行.
NOTIC: [8] Undefined variable: sel E:\zhuan_vip\Application\Runtime\Cache\Admin\77be920e32a1f1bbc4da4faa225a837e.php 第 21 行.
NOTIC: [8] Undefined variable: sel E:\zhuan_vip\Application\Runtime\Cache\Admin\77be920e32a1f1bbc4da4faa225a837e.php 第 21 行.
NOTIC: [8] Undefined variable: sel E:\zhuan_vip\Application\Runtime\Cache\Admin\77be920e32a1f1bbc4da4faa225a837e.php 第 21 行.
NOTIC: [8] Undefined variable: sel E:\zhuan_vip\Application\Runtime\Cache\Admin\77be920e32a1f1bbc4da4faa225a837e.php 第 21 行.
NOTIC: [8] Undefined variable: sel E:\zhuan_vip\Application\Runtime\Cache\Admin\77be920e32a1f1bbc4da4faa225a837e.php 第 24 行.
NOTIC: [8] Undefined variable: sel E:\zhuan_vip\Application\Runtime\Cache\Admin\77be920e32a1f1bbc4da4faa225a837e.php 第 24 行.
NOTIC: [8] Undefined index: status E:\zhuan_vip\Application\Runtime\Cache\Admin\77be920e32a1f1bbc4da4faa225a837e.php 第 72 行.
NOTIC: [8] Undefined index: status E:\zhuan_vip\Application\Runtime\Cache\Admin\77be920e32a1f1bbc4da4faa225a837e.php 第 75 行.
NOTIC: [8] Undefined index: status E:\zhuan_vip\Application\Runtime\Cache\Admin\77be920e32a1f1bbc4da4faa225a837e.php 第 79 行.
NOTIC: [8] Undefined index: status E:\zhuan_vip\Application\Runtime\Cache\Admin\77be920e32a1f1bbc4da4faa225a837e.php 第 83 行.
NOTIC: [8] Undefined index: status E:\zhuan_vip\Application\Runtime\Cache\Admin\77be920e32a1f1bbc4da4faa225a837e.php 第 87 行.
NOTIC: [8] Undefined index: status E:\zhuan_vip\Application\Runtime\Cache\Admin\77be920e32a1f1bbc4da4faa225a837e.php 第 91 行.
NOTIC: [8] Undefined index: status E:\zhuan_vip\Application\Runtime\Cache\Admin\77be920e32a1f1bbc4da4faa225a837e.php 第 95 行.
NOTIC: [8] Undefined index: status E:\zhuan_vip\Application\Runtime\Cache\Admin\77be920e32a1f1bbc4da4faa225a837e.php 第 99 行.
NOTIC: [8] Undefined index: status E:\zhuan_vip\Application\Runtime\Cache\Admin\77be920e32a1f1bbc4da4faa225a837e.php 第 103 行.
INFO: Run Behavior\ParseTemplateBehavior [ RunTime:0.044003s ]
INFO: [ view_parse ] --END-- [ RunTime:0.044003s ]
INFO: [ view_filter ] --START--
INFO: Run Behavior\WriteHtmlCacheBehavior [ RunTime:0.002000s ]
INFO: [ view_filter ] --END-- [ RunTime:0.002000s ]
INFO: [ app_end ] --START--
INFO: Run Behavior\ShowPageTraceBehavior [ RunTime:0.003000s ]
INFO: [ app_end ] --END-- [ RunTime:0.003000s ]

